[33mNextflow 25.10.4 is available - Please consider updating your version to it[0m

 N E X T F L O W   ~  version 25.10.3

Launching `main.nf` [grave_cajal] DSL2 - revision: 80453bc261

[-        ] GEN_SOURCE      -
[-        ] TRAIN_SOURCE    -
[-        ] GEN_TARGET      -
[-        ] TEST_ADAPTATION -

[-        ] GEN_SOURCE      | 0 of 1
[-        ] TRAIN_SOURCE    -
[-        ] GEN_TARGET      | 0 of 1
[-        ] TEST_ADAPTATION -

executor >  slurm (1)
[-        ] GEN_SOURCE                  | 0 of 1
[-        ] TRAIN_SOURCE                -
[ae/f74112] GEN_TARGET (Tgt S:42 P:500) | 0 of 1
[-        ] TEST_ADAPTATION             -

executor >  slurm (2)
[43/0055b4] GEN_SOURCE (Src S:42 Shf:2.0) | 0 of 1
[-        ] TRAIN_SOURCE                  -
[ae/f74112] GEN_TARGET (Tgt S:42 P:500)   | 0 of 1
[-        ] TEST_ADAPTATION               -

executor >  slurm (2)
[43/0055b4] GEN_SOURCE (Src S:42 Shf:2.0) | 0 of 1
[-        ] TRAIN_SOURCE                  -
[ae/f74112] GEN_TARGET (Tgt S:42 P:500)   | 0 of 1
[-        ] TEST_ADAPTATION               -

executor >  slurm (2)
[43/0055b4] GEN_SOURCE (Src S:42 Shf:2.0) | 0 of 1
[-        ] TRAIN_SOURCE                  -
[ae/f74112] GEN_TARGET (Tgt S:42 P:500)   | 0 of 1
[-        ] TEST_ADAPTATION               -

executor >  slurm (2)
[43/0055b4] GEN_SOURCE (Src S:42 Shf:2.0) | 0 of 1
[-        ] TRAIN_SOURCE                  | 0 of 1
[ae/f74112] GEN_TARGET (Tgt S:42 P:500)   | 0 of 1
[-        ] TEST_ADAPTATION               -

executor >  slurm (3)
[43/0055b4] GEN_SOURCE (Src S:42 Shf:2.0)  | 0 of 1
[b7/0c3656] TRA…ain S:42 N:10000 Batch:64) | 0 of 1
[ae/f74112] GEN_TARGET (Tgt S:42 P:500)    | 0 of 1
[-        ] TEST_ADAPTATION                -

executor >  slurm (3)
[43/0055b4] GEN_SOURCE (Src S:42 Shf:2.0)  | 1 of 1 ✔
[b7/0c3656] TRA…ain S:42 N:10000 Batch:64) | 0 of 1
[ae/f74112] GEN_TARGET (Tgt S:42 P:500)    | 0 of 1
[-        ] TEST_ADAPTATION                -

executor >  slurm (3)
[43/0055b4] GEN_SOURCE (Src S:42 Shf:2.0)  | 1 of 1 ✔
[b7/0c3656] TRA…ain S:42 N:10000 Batch:64) | 0 of 1
[ae/f74112] GEN_TARGET (Tgt S:42 P:500)    | 1 of 1 ✔
[-        ] TEST_ADAPTATION                -

executor >  slurm (3)
[43/0055b4] GEN_SOURCE (Src S:42 Shf:2.0)  | 1 of 1 ✔
[b7/0c3656] TRA…ain S:42 N:10000 Batch:64) | 0 of 1
[ae/f74112] GEN_TARGET (Tgt S:42 P:500)    | 1 of 1 ✔
[-        ] TEST_ADAPTATION                -

executor >  slurm (3)
[43/0055b4] GEN_SOURCE (Src S:42 Shf:2.0)  | 1 of 1 ✔
[b7/0c3656] TRA…ain S:42 N:10000 Batch:64) | 0 of 1
[ae/f74112] GEN_TARGET (Tgt S:42 P:500)    | 1 of 1 ✔
[-        ] TEST_ADAPTATION                -
ERROR ~ Error executing process > 'TRAIN_SOURCE (Train S:42 N:10000 Batch:64)'

Caused by:
  Process `TRAIN_SOURCE (Train S:42 N:10000 Batch:64)` terminated with an error exit status (143)


Command executed:

  python /work/ah2lab/LiamK/plm-thesis-dynamics/src/train.py         --source_x source_X.npy         --source_y source_y.npy         --ref_x source_X.npy         --epochs 1         --batch_size 64         --lr 0.001         --hidden_dim 512         --dropout 0.1         --num_classes 10         --output_model model_S42.pt

Command exit status:
  143

Command output:
  (empty)

Command wrapper:
  slurmstepd: error: *** JOB 43709321 ON b6-2 CANCELLED AT 2026-03-19T02:14:30 ***

Work dir:
  /work/ah2lab/LiamK/plm-thesis-dynamics/work_exp1/b7/0c3656d46ec36359c4b768d9ce2da7

Tip: you can replicate the issue by changing to the process work dir and entering the command `bash .command.run`

 -- Check 'nextflow_exp1.log' file for details

executor >  slurm (3)
[43/0055b4] GEN_SOURCE (Src S:42 Shf:2.0)  | 1 of 1 ✔
[b7/0c3656] TRA…ain S:42 N:10000 Batch:64) | 0 of 1 ✘
[ae/f74112] GEN_TARGET (Tgt S:42 P:500)    | 1 of 1 ✔
[-        ] TEST_ADAPTATION                -
ERROR ~ Error executing process > 'TRAIN_SOURCE (Train S:42 N:10000 Batch:64)'

Caused by:
  Process `TRAIN_SOURCE (Train S:42 N:10000 Batch:64)` terminated with an error exit status (143)


Command executed:

  python /work/ah2lab/LiamK/plm-thesis-dynamics/src/train.py         --source_x source_X.npy         --source_y source_y.npy         --ref_x source_X.npy         --epochs 1         --batch_size 64         --lr 0.001         --hidden_dim 512         --dropout 0.1         --num_classes 10         --output_model model_S42.pt

Command exit status:
  143

Command output:
  (empty)

Command wrapper:
  slurmstepd: error: *** JOB 43709321 ON b6-2 CANCELLED AT 2026-03-19T02:14:30 ***

Work dir:
  /work/ah2lab/LiamK/plm-thesis-dynamics/work_exp1/b7/0c3656d46ec36359c4b768d9ce2da7

Tip: you can replicate the issue by changing to the process work dir and entering the command `bash .command.run`

 -- Check 'nextflow_exp1.log' file for details

