[33mNextflow 25.10.4 is available - Please consider updating your version to it[0m

 N E X T F L O W   ~  version 25.10.3

Launching `main.nf` [tender_bardeen] DSL2 - revision: 4143498357

[-        ] GEN_SOURCE -

[-        ] GEN_SOURCE      -
[-        ] TRAIN_SOURCE    -
[-        ] GEN_TARGET      -
[-        ] TEST_ADAPTATION -

[62/6cbe8e] GEN_SOURCE (Src S:43 Shf:1.0)  | 2 of 2, cached: 2
[-        ] TRAIN_SOURCE                   -
[88/dd8c81] GEN_TARGET (Tgt S:43 P:100000) | 2 of 2, cached: 2
[-        ] TEST_ADAPTATION                -

[e3/ddc80c] GEN_SOURCE (Src S:44 Shf:1.0)  | 3 of 3, cached: 3
[-        ] TRAIN_SOURCE                   -
[88/dd8c81] GEN_TARGET (Tgt S:43 P:100000) | 2 of 2, cached: 2
[-        ] TEST_ADAPTATION                -

[14/9b347c] GEN_SOURCE (Src S:42 Shf:2.0)  | 4 of 4, cached: 4
[-        ] TRAIN_SOURCE                   -
[88/dd8c81] GEN_TARGET (Tgt S:43 P:100000) | 2 of 2, cached: 2
[-        ] TEST_ADAPTATION                -

[2c/08631c] GEN_SOURCE (Src S:44 Shf:5.0)  | 9 of 9, cached: 9 ✔
[f5/20c576] TRA… S:42 N:1000000 Batch:256) | 3 of 3, cached: 3
[c3/3c242f] GEN_TARGET (Tgt S:44 P:500000) | 6 of 6, cached: 6 ✔
[-        ] TEST_ADAPTATION                -

[2c/08631c] GEN_SOURCE (Src S:44 Shf:5.0)  | 9 of 9, cached: 9 ✔
[aa/514035] TRA… S:43 N:1000000 Batch:256) | 7 of 7, cached: 7
[c3/3c242f] GEN_TARGET (Tgt S:44 P:500000) | 6 of 6, cached: 6 ✔
[-        ] TEST_ADAPTATION                -

[2c/08631c] GEN_SOURCE (Src S:44 Shf:5.0)  | 9 of 9, cached: 9 ✔
[69/0446fc] TRA… S:44 N:1000000 Batch:256) | 13 of 13, cached: 13
[c3/3c242f] GEN_TARGET (Tgt S:44 P:500000) | 6 of 6, cached: 6 ✔
[-        ] TEST_ADAPTATION                -

[2c/08631c] GEN_SOURCE (Src S:44 Shf:5.0)  | 9 of 9, cached: 9 ✔
[85/283c02] TRA…n S:43 N:1000000 Batch:64) | 17 of 17, cached: 17
[c3/3c242f] GEN_TARGET (Tgt S:44 P:500000) | 6 of 6, cached: 6 ✔
[bb/5c1558] TES…:42 NP:500000 B:64 H:1024) | 2 of 2, cached: 2

[2c/08631c] GEN_SOURCE (Src S:44 Shf:5.0)  | 9 of 9, cached: 9 ✔
[62/9f3f25] TRA… S:44 N:1000000 Batch:256) | 24 of 24, cached: 24
[c3/3c242f] GEN_TARGET (Tgt S:44 P:500000) | 6 of 6, cached: 6 ✔
[fb/37d93a] TES…S:42 NP:100000 B:64 H:512) | 3 of 3, cached: 3

[2c/08631c] GEN_SOURCE (Src S:44 Shf:5.0)  | 9 of 9, cached: 9 ✔
[68/60be9e] TRA…n S:43 N:1000000 Batch:64) | 30 of 30, cached: 30
[c3/3c242f] GEN_TARGET (Tgt S:44 P:500000) | 6 of 6, cached: 6 ✔
[7e/5ee7f1] TES…:42 NP:100000 B:256 H:512) | 5 of 5, cached: 5

[2c/08631c] GEN_SOURCE (Src S:44 Shf:5.0)  | 9 of 9, cached: 9 ✔
[18/984a89] TRA… S:44 N:1000000 Batch:256) | 36 of 36, cached: 36 ✔
[c3/3c242f] GEN_TARGET (Tgt S:44 P:500000) | 6 of 6, cached: 6 ✔
[46/012f4a] TES…:42 NP:500000 B:256 H:512) | 6 of 6, cached: 6

[2c/08631c] GEN_SOURCE (Src S:44 Shf:5.0)  | 9 of 9, cached: 9 ✔
[18/984a89] TRA… S:44 N:1000000 Batch:256) | 36 of 36, cached: 36 ✔
[c3/3c242f] GEN_TARGET (Tgt S:44 P:500000) | 6 of 6, cached: 6 ✔
[eb/5d539a] TES…42 NP:100000 B:256 H:1024) | 7 of 7, cached: 7

[2c/08631c] GEN_SOURCE (Src S:44 Shf:5.0)  | 9 of 9, cached: 9 ✔
[18/984a89] TRA… S:44 N:1000000 Batch:256) | 36 of 36, cached: 36 ✔
[c3/3c242f] GEN_TARGET (Tgt S:44 P:500000) | 6 of 6, cached: 6 ✔
[5d/6bc68b] TES…:43 NP:100000 B:64 H:1024) | 9 of 9, cached: 9

[2c/08631c] GEN_SOURCE (Src S:44 Shf:5.0)  | 9 of 9, cached: 9 ✔
[18/984a89] TRA… S:44 N:1000000 Batch:256) | 36 of 36, cached: 36 ✔
[c3/3c242f] GEN_TARGET (Tgt S:44 P:500000) | 6 of 6, cached: 6 ✔
[14/d82f9e] TES…:43 NP:500000 B:64 H:1024) | 10 of 10, cached: 10

[2c/08631c] GEN_SOURCE (Src S:44 Shf:5.0)  | 9 of 9, cached: 9 ✔
[18/984a89] TRA… S:44 N:1000000 Batch:256) | 36 of 36, cached: 36 ✔
[c3/3c242f] GEN_TARGET (Tgt S:44 P:500000) | 6 of 6, cached: 6 ✔
[f5/5fb086] TES…S:43 NP:100000 B:64 H:512) | 12 of 12, cached: 12

[2c/08631c] GEN_SOURCE (Src S:44 Shf:5.0)  | 9 of 9, cached: 9 ✔
[18/984a89] TRA… S:44 N:1000000 Batch:256) | 36 of 36, cached: 36 ✔
[c3/3c242f] GEN_TARGET (Tgt S:44 P:500000) | 6 of 6, cached: 6 ✔
[d1/18f804] TES…:43 NP:100000 B:256 H:512) | 14 of 14, cached: 14

[2c/08631c] GEN_SOURCE (Src S:44 Shf:5.0)  | 9 of 9, cached: 9 ✔
[18/984a89] TRA… S:44 N:1000000 Batch:256) | 36 of 36, cached: 36 ✔
[c3/3c242f] GEN_TARGET (Tgt S:44 P:500000) | 6 of 6, cached: 6 ✔
[df/fd3bba] TES…43 NP:100000 B:256 H:1024) | 15 of 15, cached: 15

[2c/08631c] GEN_SOURCE (Src S:44 Shf:5.0)  | 9 of 9, cached: 9 ✔
[18/984a89] TRA… S:44 N:1000000 Batch:256) | 36 of 36, cached: 36 ✔
[c3/3c242f] GEN_TARGET (Tgt S:44 P:500000) | 6 of 6, cached: 6 ✔
[66/b2b1b5] TES…:44 NP:100000 B:64 H:1024) | 16 of 16, cached: 16

[2c/08631c] GEN_SOURCE (Src S:44 Shf:5.0)  | 9 of 9, cached: 9 ✔
[18/984a89] TRA… S:44 N:1000000 Batch:256) | 36 of 36, cached: 36 ✔
[c3/3c242f] GEN_TARGET (Tgt S:44 P:500000) | 6 of 6, cached: 6 ✔
[03/988ed0] TES…:44 NP:500000 B:64 H:1024) | 17 of 17, cached: 17

[2c/08631c] GEN_SOURCE (Src S:44 Shf:5.0)  | 9 of 9, cached: 9 ✔
[18/984a89] TRA… S:44 N:1000000 Batch:256) | 36 of 36, cached: 36 ✔
[c3/3c242f] GEN_TARGET (Tgt S:44 P:500000) | 6 of 6, cached: 6 ✔
[9a/80e939] TES…S:44 NP:100000 B:64 H:512) | 18 of 18, cached: 18

[2c/08631c] GEN_SOURCE (Src S:44 Shf:5.0)  | 9 of 9, cached: 9 ✔
[18/984a89] TRA… S:44 N:1000000 Batch:256) | 36 of 36, cached: 36 ✔
[c3/3c242f] GEN_TARGET (Tgt S:44 P:500000) | 6 of 6, cached: 6 ✔
[d7/e1f57f] TES…S:44 NP:500000 B:64 H:512) | 20 of 20, cached: 20

[2c/08631c] GEN_SOURCE (Src S:44 Shf:5.0)  | 9 of 9, cached: 9 ✔
[18/984a89] TRA… S:44 N:1000000 Batch:256) | 36 of 36, cached: 36 ✔
[c3/3c242f] GEN_TARGET (Tgt S:44 P:500000) | 6 of 6, cached: 6 ✔
[84/2de551] TES…:44 NP:500000 B:256 H:512) | 22 of 22, cached: 22

[2c/08631c] GEN_SOURCE (Src S:44 Shf:5.0)  | 9 of 9, cached: 9 ✔
[18/984a89] TRA… S:44 N:1000000 Batch:256) | 36 of 36, cached: 36 ✔
[c3/3c242f] GEN_TARGET (Tgt S:44 P:500000) | 6 of 6, cached: 6 ✔
[b6/e64cde] TES…S:42 NP:500000 B:64 H:512) | 24 of 24, cached: 24

[2c/08631c] GEN_SOURCE (Src S:44 Shf:5.0)  | 9 of 9, cached: 9 ✔
[18/984a89] TRA… S:44 N:1000000 Batch:256) | 36 of 36, cached: 36 ✔
[c3/3c242f] GEN_TARGET (Tgt S:44 P:500000) | 6 of 6, cached: 6 ✔
[db/5acc79] TES…44 NP:500000 B:256 H:1024) | 26 of 26, cached: 26

[2c/08631c] GEN_SOURCE (Src S:44 Shf:5.0)  | 9 of 9, cached: 9 ✔
[18/984a89] TRA… S:44 N:1000000 Batch:256) | 36 of 36, cached: 36 ✔
[c3/3c242f] GEN_TARGET (Tgt S:44 P:500000) | 6 of 6, cached: 6 ✔
[50/95d0f2] TES…:42 NP:500000 B:64 H:1024) | 28 of 28, cached: 28

[2c/08631c] GEN_SOURCE (Src S:44 Shf:5.0)  | 9 of 9, cached: 9 ✔
[18/984a89] TRA… S:44 N:1000000 Batch:256) | 36 of 36, cached: 36 ✔
[c3/3c242f] GEN_TARGET (Tgt S:44 P:500000) | 6 of 6, cached: 6 ✔
[9a/9144fe] TES…:42 NP:500000 B:256 H:512) | 29 of 29, cached: 29

[2c/08631c] GEN_SOURCE (Src S:44 Shf:5.0)  | 9 of 9, cached: 9 ✔
[18/984a89] TRA… S:44 N:1000000 Batch:256) | 36 of 36, cached: 36 ✔
[c3/3c242f] GEN_TARGET (Tgt S:44 P:500000) | 6 of 6, cached: 6 ✔
[d3/667a87] TES…42 NP:500000 B:256 H:1024) | 32 of 32, cached: 32

[2c/08631c] GEN_SOURCE (Src S:44 Shf:5.0)  | 9 of 9, cached: 9 ✔
[18/984a89] TRA… S:44 N:1000000 Batch:256) | 36 of 36, cached: 36 ✔
[c3/3c242f] GEN_TARGET (Tgt S:44 P:500000) | 6 of 6, cached: 6 ✔
[7d/7535d2] TES…:43 NP:100000 B:64 H:1024) | 35 of 35, cached: 35

[2c/08631c] GEN_SOURCE (Src S:44 Shf:5.0)  | 9 of 9, cached: 9 ✔
[18/984a89] TRA… S:44 N:1000000 Batch:256) | 36 of 36, cached: 36 ✔
[c3/3c242f] GEN_TARGET (Tgt S:44 P:500000) | 6 of 6, cached: 6 ✔
[58/f498f0] TES…:43 NP:100000 B:256 H:512) | 37 of 37, cached: 37

[2c/08631c] GEN_SOURCE (Src S:44 Shf:5.0)  | 9 of 9, cached: 9 ✔
[18/984a89] TRA… S:44 N:1000000 Batch:256) | 36 of 36, cached: 36 ✔
[c3/3c242f] GEN_TARGET (Tgt S:44 P:500000) | 6 of 6, cached: 6 ✔
[c8/5498af] TES…43 NP:500000 B:256 H:1024) | 39 of 39, cached: 39

[2c/08631c] GEN_SOURCE (Src S:44 Shf:5.0)  | 9 of 9, cached: 9 ✔
[18/984a89] TRA… S:44 N:1000000 Batch:256) | 36 of 36, cached: 36 ✔
[c3/3c242f] GEN_TARGET (Tgt S:44 P:500000) | 6 of 6, cached: 6 ✔
[68/54e57c] TES…43 NP:100000 B:256 H:1024) | 41 of 41, cached: 41

[2c/08631c] GEN_SOURCE (Src S:44 Shf:5.0)  | 9 of 9, cached: 9 ✔
[18/984a89] TRA… S:44 N:1000000 Batch:256) | 36 of 36, cached: 36 ✔
[c3/3c242f] GEN_TARGET (Tgt S:44 P:500000) | 6 of 6, cached: 6 ✔
[c3/197530] TES…S:44 NP:500000 B:64 H:512) | 42 of 42, cached: 42

[2c/08631c] GEN_SOURCE (Src S:44 Shf:5.0)  | 9 of 9, cached: 9 ✔
[18/984a89] TRA… S:44 N:1000000 Batch:256) | 36 of 36, cached: 36 ✔
[c3/3c242f] GEN_TARGET (Tgt S:44 P:500000) | 6 of 6, cached: 6 ✔
[35/41580e] TES…:44 NP:500000 B:64 H:1024) | 44 of 44, cached: 44

[2c/08631c] GEN_SOURCE (Src S:44 Shf:5.0)  | 9 of 9, cached: 9 ✔
[18/984a89] TRA… S:44 N:1000000 Batch:256) | 36 of 36, cached: 36 ✔
[c3/3c242f] GEN_TARGET (Tgt S:44 P:500000) | 6 of 6, cached: 6 ✔
[05/275066] TES…:44 NP:100000 B:256 H:512) | 45 of 45, cached: 45

[2c/08631c] GEN_SOURCE (Src S:44 Shf:5.0)  | 9 of 9, cached: 9 ✔
[18/984a89] TRA… S:44 N:1000000 Batch:256) | 36 of 36, cached: 36 ✔
[c3/3c242f] GEN_TARGET (Tgt S:44 P:500000) | 6 of 6, cached: 6 ✔
[0b/a0433e] TES…:44 NP:500000 B:256 H:512) | 46 of 46, cached: 46

[2c/08631c] GEN_SOURCE (Src S:44 Shf:5.0)  | 9 of 9, cached: 9 ✔
[18/984a89] TRA… S:44 N:1000000 Batch:256) | 36 of 36, cached: 36 ✔
[c3/3c242f] GEN_TARGET (Tgt S:44 P:500000) | 6 of 6, cached: 6 ✔
[49/14fe97] TES…44 NP:500000 B:256 H:1024) | 48 of 48, cached: 48

[2c/08631c] GEN_SOURCE (Src S:44 Shf:5.0)  | 9 of 9, cached: 9 ✔
[18/984a89] TRA… S:44 N:1000000 Batch:256) | 36 of 36, cached: 36 ✔
[c3/3c242f] GEN_TARGET (Tgt S:44 P:500000) | 6 of 6, cached: 6 ✔
[57/cb6a29] TES…S:42 NP:100000 B:64 H:512) | 49 of 49, cached: 49

[2c/08631c] GEN_SOURCE (Src S:44 Shf:5.0)  | 9 of 9, cached: 9 ✔
[18/984a89] TRA… S:44 N:1000000 Batch:256) | 36 of 36, cached: 36 ✔
[c3/3c242f] GEN_TARGET (Tgt S:44 P:500000) | 6 of 6, cached: 6 ✔
[17/40dd24] TES…S:42 NP:500000 B:64 H:512) | 51 of 51, cached: 51

[2c/08631c] GEN_SOURCE (Src S:44 Shf:5.0)  | 9 of 9, cached: 9 ✔
[18/984a89] TRA… S:44 N:1000000 Batch:256) | 36 of 36, cached: 36 ✔
[c3/3c242f] GEN_TARGET (Tgt S:44 P:500000) | 6 of 6, cached: 6 ✔
[27/ef13a5] TES…42 NP:100000 B:256 H:1024) | 53 of 53, cached: 53

[2c/08631c] GEN_SOURCE (Src S:44 Shf:5.0)  | 9 of 9, cached: 9 ✔
[18/984a89] TRA… S:44 N:1000000 Batch:256) | 36 of 36, cached: 36 ✔
[c3/3c242f] GEN_TARGET (Tgt S:44 P:500000) | 6 of 6, cached: 6 ✔
[12/25db7e] TES…42 NP:500000 B:256 H:1024) | 54 of 54, cached: 54

[2c/08631c] GEN_SOURCE (Src S:44 Shf:5.0)  | 9 of 9, cached: 9 ✔
[18/984a89] TRA… S:44 N:1000000 Batch:256) | 36 of 36, cached: 36 ✔
[c3/3c242f] GEN_TARGET (Tgt S:44 P:500000) | 6 of 6, cached: 6 ✔
[05/178f33] TES…:42 NP:500000 B:256 H:512) | 56 of 56, cached: 56

[2c/08631c] GEN_SOURCE (Src S:44 Shf:5.0)  | 9 of 9, cached: 9 ✔
[18/984a89] TRA… S:44 N:1000000 Batch:256) | 36 of 36, cached: 36 ✔
[c3/3c242f] GEN_TARGET (Tgt S:44 P:500000) | 6 of 6, cached: 6 ✔
[06/581e04] TES…S:43 NP:500000 B:64 H:512) | 58 of 58, cached: 58

[2c/08631c] GEN_SOURCE (Src S:44 Shf:5.0)  | 9 of 9, cached: 9 ✔
[18/984a89] TRA… S:44 N:1000000 Batch:256) | 36 of 36, cached: 36 ✔
[c3/3c242f] GEN_TARGET (Tgt S:44 P:500000) | 6 of 6, cached: 6 ✔
[a6/a5000e] TES…:43 NP:100000 B:256 H:512) | 60 of 60, cached: 60

[2c/08631c] GEN_SOURCE (Src S:44 Shf:5.0)  | 9 of 9, cached: 9 ✔
[18/984a89] TRA… S:44 N:1000000 Batch:256) | 36 of 36, cached: 36 ✔
[c3/3c242f] GEN_TARGET (Tgt S:44 P:500000) | 6 of 6, cached: 6 ✔
[59/5f58c1] TES…:43 NP:500000 B:64 H:1024) | 62 of 62, cached: 62

[2c/08631c] GEN_SOURCE (Src S:44 Shf:5.0)  | 9 of 9, cached: 9 ✔
[18/984a89] TRA… S:44 N:1000000 Batch:256) | 36 of 36, cached: 36 ✔
[c3/3c242f] GEN_TARGET (Tgt S:44 P:500000) | 6 of 6, cached: 6 ✔
[6e/7a9d11] TES…S:44 NP:100000 B:64 H:512) | 63 of 63, cached: 63

[2c/08631c] GEN_SOURCE (Src S:44 Shf:5.0)  | 9 of 9, cached: 9 ✔
[18/984a89] TRA… S:44 N:1000000 Batch:256) | 36 of 36, cached: 36 ✔
[c3/3c242f] GEN_TARGET (Tgt S:44 P:500000) | 6 of 6, cached: 6 ✔
[3d/9534eb] TES…43 NP:100000 B:256 H:1024) | 64 of 64, cached: 64

[2c/08631c] GEN_SOURCE (Src S:44 Shf:5.0)  | 9 of 9, cached: 9 ✔
[18/984a89] TRA… S:44 N:1000000 Batch:256) | 36 of 36, cached: 36 ✔
[c3/3c242f] GEN_TARGET (Tgt S:44 P:500000) | 6 of 6, cached: 6 ✔
[7d/ed2b1b] TES…S:44 NP:500000 B:64 H:512) | 66 of 66, cached: 66

[2c/08631c] GEN_SOURCE (Src S:44 Shf:5.0)  | 9 of 9, cached: 9 ✔
[18/984a89] TRA… S:44 N:1000000 Batch:256) | 36 of 36, cached: 36 ✔
[c3/3c242f] GEN_TARGET (Tgt S:44 P:500000) | 6 of 6, cached: 6 ✔
[9c/3fadd0] TES…:44 NP:100000 B:64 H:1024) | 67 of 67, cached: 67

[2c/08631c] GEN_SOURCE (Src S:44 Shf:5.0)  | 9 of 9, cached: 9 ✔
[18/984a89] TRA… S:44 N:1000000 Batch:256) | 36 of 36, cached: 36 ✔
[c3/3c242f] GEN_TARGET (Tgt S:44 P:500000) | 6 of 6, cached: 6 ✔
[83/8701df] TES…:44 NP:500000 B:64 H:1024) | 69 of 69, cached: 69

[2c/08631c] GEN_SOURCE (Src S:44 Shf:5.0)  | 9 of 9, cached: 9 ✔
[18/984a89] TRA… S:44 N:1000000 Batch:256) | 36 of 36, cached: 36 ✔
[c3/3c242f] GEN_TARGET (Tgt S:44 P:500000) | 6 of 6, cached: 6 ✔
[42/2e98d6] TES…44 NP:100000 B:256 H:1024) | 71 of 71, cached: 71

[2c/08631c] GEN_SOURCE (Src S:44 Shf:5.0)  | 9 of 9, cached: 9 ✔
[18/984a89] TRA… S:44 N:1000000 Batch:256) | 36 of 36, cached: 36 ✔
[c3/3c242f] GEN_TARGET (Tgt S:44 P:500000) | 6 of 6, cached: 6 ✔
[ab/61c63f] TES…44 NP:500000 B:256 H:1024) | 72 of 72, cached: 72 ✔

[2c/08631c] GEN_SOURCE (Src S:44 Shf:5.0)  | 9 of 9, cached: 9 ✔
[18/984a89] TRA… S:44 N:1000000 Batch:256) | 36 of 36, cached: 36 ✔
[c3/3c242f] GEN_TARGET (Tgt S:44 P:500000) | 6 of 6, cached: 6 ✔
[ab/61c63f] TES…44 NP:500000 B:256 H:1024) | 72 of 72, cached: 72 ✔

