[33mNextflow 25.10.4 is available - Please consider updating your version to it[0m

 N E X T F L O W   ~  version 25.10.3

Launching `main.nf` [trusting_bartik] DSL2 - revision: 80453bc261

[-        ] GEN_SOURCE   -
[-        ] TRAIN_SOURCE -

[-        ] GEN_SOURCE      -
[-        ] TRAIN_SOURCE    -
[-        ] GEN_TARGET      -
[-        ] TEST_ADAPTATION -

[43/0055b4] GEN_SOURCE (Src S:42 Shf:2.0) | 1 of 1, cached: 1 ✔
[-        ] TRAIN_SOURCE                  -
[ae/f74112] GEN_TARGET (Tgt S:42 P:500)   | 1 of 1, cached: 1
[-        ] TEST_ADAPTATION               -

[43/0055b4] GEN_SOURCE (Src S:42 Shf:2.0) | 1 of 1, cached: 1 ✔
[-        ] TRAIN_SOURCE                  -
[ae/f74112] GEN_TARGET (Tgt S:42 P:500)   | 1 of 1, cached: 1 ✔
[-        ] TEST_ADAPTATION               -

[43/0055b4] GEN_SOURCE (Src S:42 Shf:2.0) | 1 of 1, cached: 1 ✔
[-        ] TRAIN_SOURCE                  | 0 of 1
[ae/f74112] GEN_TARGET (Tgt S:42 P:500)   | 1 of 1, cached: 1 ✔
[-        ] TEST_ADAPTATION               -

executor >  slurm (1)
[43/0055b4] GEN_SOURCE (Src S:42 Shf:2.0)  | 1 of 1, cached: 1 ✔
[b7/0c3656] TRA…ain S:42 N:10000 Batch:64) | 0 of 1
[ae/f74112] GEN_TARGET (Tgt S:42 P:500)    | 1 of 1, cached: 1 ✔
[-        ] TEST_ADAPTATION                -

executor >  slurm (1)
[43/0055b4] GEN_SOURCE (Src S:42 Shf:2.0)  | 1 of 1, cached: 1 ✔
[b7/0c3656] TRA…ain S:42 N:10000 Batch:64) | 0 of 1
[ae/f74112] GEN_TARGET (Tgt S:42 P:500)    | 1 of 1, cached: 1 ✔
[-        ] TEST_ADAPTATION                -

executor >  slurm (1)
[43/0055b4] GEN_SOURCE (Src S:42 Shf:2.0)  | 1 of 1, cached: 1 ✔
[b7/0c3656] TRA…ain S:42 N:10000 Batch:64) | 1 of 1 ✔
[ae/f74112] GEN_TARGET (Tgt S:42 P:500)    | 1 of 1, cached: 1 ✔
[-        ] TEST_ADAPTATION                -

executor >  slurm (1)
[43/0055b4] GEN_SOURCE (Src S:42 Shf:2.0)  | 1 of 1, cached: 1 ✔
[b7/0c3656] TRA…ain S:42 N:10000 Batch:64) | 1 of 1 ✔
[ae/f74112] GEN_TARGET (Tgt S:42 P:500)    | 1 of 1, cached: 1 ✔
[-        ] TEST_ADAPTATION                | 0 of 1

executor >  slurm (2)
[43/0055b4] GEN_SOURCE (Src S:42 Shf:2.0)  | 1 of 1, cached: 1 ✔
[b7/0c3656] TRA…ain S:42 N:10000 Batch:64) | 1 of 1 ✔
[ae/f74112] GEN_TARGET (Tgt S:42 P:500)    | 1 of 1, cached: 1 ✔
[8f/d17821] TES…pt S:42 NP:500 B:64 H:512) | 0 of 1

executor >  slurm (2)
[43/0055b4] GEN_SOURCE (Src S:42 Shf:2.0)  | 1 of 1, cached: 1 ✔
[b7/0c3656] TRA…ain S:42 N:10000 Batch:64) | 1 of 1 ✔
[ae/f74112] GEN_TARGET (Tgt S:42 P:500)    | 1 of 1, cached: 1 ✔
[8f/d17821] TES…pt S:42 NP:500 B:64 H:512) | 0 of 1

executor >  slurm (2)
[43/0055b4] GEN_SOURCE (Src S:42 Shf:2.0)  | 1 of 1, cached: 1 ✔
[b7/0c3656] TRA…ain S:42 N:10000 Batch:64) | 1 of 1 ✔
[ae/f74112] GEN_TARGET (Tgt S:42 P:500)    | 1 of 1, cached: 1 ✔
[8f/d17821] TES…pt S:42 NP:500 B:64 H:512) | 1 of 1 ✔

executor >  slurm (2)
[43/0055b4] GEN_SOURCE (Src S:42 Shf:2.0)  | 1 of 1, cached: 1 ✔
[b7/0c3656] TRA…ain S:42 N:10000 Batch:64) | 1 of 1 ✔
[ae/f74112] GEN_TARGET (Tgt S:42 P:500)    | 1 of 1, cached: 1 ✔
[8f/d17821] TES…pt S:42 NP:500 B:64 H:512) | 1 of 1 ✔
Completed at: 19-Mar-2026 02:11:51
Duration    : 1m 8s
CPU hours   : 0.1 (59.9% cached)
Succeeded   : 2
Cached      : 2


