[33mNextflow 25.10.4 is available - Please consider updating your version to it[0m

 N E X T F L O W   ~  version 25.10.3

Launching `main.nf` [confident_volta] DSL2 - revision: 2f5dab9a83

[-        ] GEN_SOURCE -

[-        ] GEN_SOURCE      -
[-        ] TRAIN_SOURCE    -
[-        ] GEN_TARGET      -
[-        ] TEST_ADAPTATION -

[-        ] GEN_SOURCE      | 0 of 2
[-        ] TRAIN_SOURCE    -
[-        ] GEN_TARGET      | 0 of 2
[-        ] TEST_ADAPTATION -

[14/9b347c] GEN_SOURCE (Src S:42 Shf:2.0)  | 2 of 4, cached: 2
[-        ] TRAIN_SOURCE                   -
[af/bcd38c] GEN_TARGET (Tgt S:42 P:500000) | 2 of 4, cached: 2
[-        ] TEST_ADAPTATION                -

[14/9b347c] GEN_SOURCE (Src S:42 Shf:2.0)  | 2 of 5, cached: 2
[57/c0276d] TRA…n S:42 N:1000000 Batch:64) | 2 of 2, cached: 2
[af/bcd38c] GEN_TARGET (Tgt S:42 P:500000) | 2 of 6, cached: 2
[-        ] TEST_ADAPTATION                -

executor >  slurm (1)
[94/811b4b] GEN_SOURCE (Src S:42 Shf:5.0)  | 3 of 9, cached: 3
[70/a4f8af] TRA… S:42 N:1000000 Batch:256) | 7 of 7, cached: 7
[88/dd8c81] GEN_TARGET (Tgt S:43 P:100000) | 2 of 6, cached: 2
[-        ] TEST_ADAPTATION                | 0 of 3

executor >  slurm (1)
[94/811b4b] GEN_SOURCE (Src S:42 Shf:5.0)  | 3 of 9, cached: 3
[30/4183bc] TRA…n S:42 N:1000000 Batch:64) | 10 of 10, cached: 10
[88/dd8c81] GEN_TARGET (Tgt S:43 P:100000) | 2 of 6, cached: 2
[-        ] TEST_ADAPTATION                | 0 of 6

executor >  slurm (2)
[f9/e479ec] GEN_SOURCE (Src S:43 Shf:1.0)  | 3 of 9, cached: 3
[a0/d5403b] TRA… S:42 N:1000000 Batch:256) | 12 of 12, cached: 12
[88/dd8c81] GEN_TARGET (Tgt S:43 P:100000) | 2 of 6, cached: 2
[-        ] TEST_ADAPTATION                | 0 of 10

executor >  slurm (3)
[f9/e479ec] GEN_SOURCE (Src S:43 Shf:1.0)  | 3 of 9, cached: 3
[a0/d5403b] TRA… S:42 N:1000000 Batch:256) | 12 of 12, cached: 12
[a9/4c20e6] GEN_TARGET (Tgt S:44 P:100000) | 2 of 6, cached: 2
[37/9fecd0] TES…S:42 NP:500000 B:64 H:512) | 1 of 15, cached: 1

executor >  slurm (4)
[f9/e479ec] GEN_SOURCE (Src S:43 Shf:1.0)  | 3 of 9, cached: 3
[a0/d5403b] TRA… S:42 N:1000000 Batch:256) | 12 of 12, cached: 12
[a9/4c20e6] GEN_TARGET (Tgt S:44 P:100000) | 2 of 6, cached: 2
[2b/981788] TES…:42 NP:100000 B:256 H:512) | 2 of 21, cached: 2

executor >  slurm (5)
[9e/86ca23] GEN_SOURCE (Src S:44 Shf:1.0)  | 3 of 9, cached: 3
[a0/d5403b] TRA… S:42 N:1000000 Batch:256) | 12 of 12, cached: 12
[3f/699bf8] GEN_TARGET (Tgt S:43 P:500000) | 2 of 6, cached: 2
[2b/981788] TES…:42 NP:100000 B:256 H:512) | 2 of 24, cached: 2

executor >  slurm (7)
[06/537d18] GEN_SOURCE (Src S:43 Shf:2.0)  | 3 of 9, cached: 3
[a0/d5403b] TRA… S:42 N:1000000 Batch:256) | 12 of 12, cached: 12
[47/29c685] GEN_TARGET (Tgt S:44 P:500000) | 2 of 6, cached: 2
[2b/981788] TES…:42 NP:100000 B:256 H:512) | 2 of 24, cached: 2

executor >  slurm (9)
[fc/16c433] GEN_SOURCE (Src S:44 Shf:2.0)  | 3 of 9, cached: 3
[a0/d5403b] TRA… S:42 N:1000000 Batch:256) | 12 of 12, cached: 12
[47/29c685] GEN_TARGET (Tgt S:44 P:500000) | 2 of 6, cached: 2
[43/8651b3] TES…:42 NP:100000 B:64 H:1024) | 2 of 24, cached: 2

executor >  slurm (12)
[8d/a23e97] GEN_SOURCE (Src S:44 Shf:5.0)  | 3 of 9, cached: 3
[a0/d5403b] TRA… S:42 N:1000000 Batch:256) | 12 of 12, cached: 12
[47/29c685] GEN_TARGET (Tgt S:44 P:500000) | 2 of 6, cached: 2
[89/5bbb07] TES…S:42 NP:100000 B:64 H:512) | 2 of 24, cached: 2

executor >  slurm (12)
[8d/a23e97] GEN_SOURCE (Src S:44 Shf:5.0)  | 3 of 9, cached: 3
[a0/d5403b] TRA… S:42 N:1000000 Batch:256) | 12 of 12, cached: 12
[47/29c685] GEN_TARGET (Tgt S:44 P:500000) | 2 of 6, cached: 2
[89/5bbb07] TES…S:42 NP:100000 B:64 H:512) | 2 of 24, cached: 2

executor >  slurm (12)
[8d/a23e97] GEN_SOURCE (Src S:44 Shf:5.0)  | 3 of 9, cached: 3
[a0/d5403b] TRA… S:42 N:1000000 Batch:256) | 12 of 12, cached: 12
[47/29c685] GEN_TARGET (Tgt S:44 P:500000) | 2 of 6, cached: 2
[89/5bbb07] TES…S:42 NP:100000 B:64 H:512) | 2 of 24, cached: 2

executor >  slurm (12)
[8d/a23e97] GEN_SOURCE (Src S:44 Shf:5.0)  | 3 of 9, cached: 3
[a0/d5403b] TRA… S:42 N:1000000 Batch:256) | 12 of 12, cached: 12
[a9/4c20e6] GEN_TARGET (Tgt S:44 P:100000) | 4 of 6, cached: 2
[89/5bbb07] TES…S:42 NP:100000 B:64 H:512) | 2 of 24, cached: 2

executor >  slurm (13)
[8d/a23e97] GEN_SOURCE (Src S:44 Shf:5.0)  | 3 of 9, cached: 3
[a0/d5403b] TRA… S:42 N:1000000 Batch:256) | 12 of 12, cached: 12
[a9/4c20e6] GEN_TARGET (Tgt S:44 P:100000) | 4 of 6, cached: 2
[92/6a7fb1] TES…:42 NP:500000 B:64 H:1024) | 2 of 24, cached: 2
ERROR ~ Error executing process > 'TEST_ADAPTATION (Adapt S:42 NP:100000 B:64 H:512)'

Caused by:
  Process `TEST_ADAPTATION (Adapt S:42 NP:100000 B:64 H:512)` terminated with an error exit status (1)


Command executed:

  python /work/ah2lab/LiamK/plm-thesis-dynamics/src/adapt.py         --base_model model_S42.pt         --pool_x pool_X.npy         --pool_y pool_y.npy         --test_x test_X.npy         --test_y test_y.npy         --ref_x source_X.npy         --batch_size 64         --lr 0.001         --hidden_dim 512         --dropout 0.1         --num_classes 100         --output_model adapted_model_S42_NP100000_Shf1.0_B64_H512.pt         > adapt_log_S42_NP100000_Shf1.0_B64_H512.log

Command exit status:
  1

Command output:
  (empty)

Command error:
    queued_call()
  /work/ah2lab/LiamK/conda_envs/plm_dynamics/lib/python3.11/site-packages/torch/cuda/__init__.py:435: UserWarning: 
  Tesla P100-PCIE-16GB with CUDA capability sm_60 is not compatible with the current PyTorch installation.
  The current PyTorch install supports CUDA capabilities sm_70 sm_75 sm_80 sm_86 sm_90 sm_100 sm_120.
  If you want to use the Tesla P100-PCIE-16GB GPU with PyTorch, please check the instructions at https://pytorch.org/get-started/locally/
  
    queued_call()
  Traceback (most recent call last):
    File "/work/ah2lab/LiamK/plm-thesis-dynamics/src/adapt.py", line 103, in <module>
      initial_ce, initial_f1 = evaluate_model(model, test_loader, criterion)
                               ^^^^^^^^^^^^^^^^^^^^^^^^^^^^^^^^^^^^^^^^^^^^^
    File "/work/ah2lab/LiamK/plm-thesis-dynamics/src/adapt.py", line 36, in evaluate_model
      preds = model(batch_X)
              ^^^^^^^^^^^^^^
    File "/work/ah2lab/LiamK/conda_envs/plm_dynamics/lib/python3.11/site-packages/torch/nn/modules/module.py", line 1776, in _wrapped_call_impl
      return self._call_impl(*args, **kwargs)
             ^^^^^^^^^^^^^^^^^^^^^^^^^^^^^^^^
    File "/work/ah2lab/LiamK/conda_envs/plm_dynamics/lib/python3.11/site-packages/torch/nn/modules/module.py", line 1787, in _call_impl
      return forward_call(*args, **kwargs)
             ^^^^^^^^^^^^^^^^^^^^^^^^^^^^^
    File "/work/ah2lab/LiamK/plm-thesis-dynamics/src/model.py", line 25, in forward
      return self.net(x)
             ^^^^^^^^^^^
    File "/work/ah2lab/LiamK/conda_envs/plm_dynamics/lib/python3.11/site-packages/torch/nn/modules/module.py", line 1776, in _wrapped_call_impl
      return self._call_impl(*args, **kwargs)
             ^^^^^^^^^^^^^^^^^^^^^^^^^^^^^^^^
    File "/work/ah2lab/LiamK/conda_envs/plm_dynamics/lib/python3.11/site-packages/torch/nn/modules/module.py", line 1787, in _call_impl
      return forward_call(*args, **kwargs)
             ^^^^^^^^^^^^^^^^^^^^^^^^^^^^^
    File "/work/ah2lab/LiamK/conda_envs/plm_dynamics/lib/python3.11/site-packages/torch/nn/modules/container.py", line 253, in forward
      input = module(input)
              ^^^^^^^^^^^^^
    File "/work/ah2lab/LiamK/conda_envs/plm_dynamics/lib/python3.11/site-packages/torch/nn/modules/module.py", line 1776, in _wrapped_call_impl
      return self._call_impl(*args, **kwargs)
             ^^^^^^^^^^^^^^^^^^^^^^^^^^^^^^^^
    File "/work/ah2lab/LiamK/conda_envs/plm_dynamics/lib/python3.11/site-packages/torch/nn/modules/module.py", line 1787, in _call_impl
      return forward_call(*args, **kwargs)
             ^^^^^^^^^^^^^^^^^^^^^^^^^^^^^
    File "/work/ah2lab/LiamK/conda_envs/plm_dynamics/lib/python3.11/site-packages/torch/nn/modules/batchnorm.py", line 194, in forward
      return F.batch_norm(
             ^^^^^^^^^^^^^
    File "/work/ah2lab/LiamK/conda_envs/plm_dynamics/lib/python3.11/site-packages/torch/nn/functional.py", line 2846, in batch_norm
      return torch.batch_norm(
             ^^^^^^^^^^^^^^^^^
  torch.AcceleratorError: CUDA error: no kernel image is available for execution on the device
  Search for `cudaErrorNoKernelImageForDevice' in https://docs.nvidia.com/cuda/cuda-runtime-api/group__CUDART__TYPES.html for more information.
  CUDA kernel errors might be asynchronously reported at some other API call, so the stacktrace below might be incorrect.
  For debugging consider passing CUDA_LAUNCH_BLOCKING=1
  Compile with `TORCH_USE_CUDA_DSA` to enable device-side assertions.

Work dir:
  /work/ah2lab/LiamK/plm-thesis-dynamics/work/89/5bbb075f150fc3f313c2ff829541c1

Tip: you can try to figure out what's wrong by changing to the process work dir and showing the script file named `.command.sh`

 -- Check '.nextflow.log' file for details

executor >  slurm (13)
[8d/a23e97] GEN_SOURCE (Src S:44 Shf:5.0)  | 3 of 9, cached: 3
[a0/d5403b] TRA… S:42 N:1000000 Batch:256) | 12 of 12, cached: 12
[47/29c685] GEN_TARGET (Tgt S:44 P:500000) | 4 of 6, cached: 2
[92/6a7fb1] TES…:42 NP:500000 B:64 H:1024) | 2 of 24, cached: 2
WARN: Killing running tasks (10)
ERROR ~ Error executing process > 'TEST_ADAPTATION (Adapt S:42 NP:100000 B:64 H:512)'

Caused by:
  Process `TEST_ADAPTATION (Adapt S:42 NP:100000 B:64 H:512)` terminated with an error exit status (1)


Command executed:

  python /work/ah2lab/LiamK/plm-thesis-dynamics/src/adapt.py         --base_model model_S42.pt         --pool_x pool_X.npy         --pool_y pool_y.npy         --test_x test_X.npy         --test_y test_y.npy         --ref_x source_X.npy         --batch_size 64         --lr 0.001         --hidden_dim 512         --dropout 0.1         --num_classes 100         --output_model adapted_model_S42_NP100000_Shf1.0_B64_H512.pt         > adapt_log_S42_NP100000_Shf1.0_B64_H512.log

Command exit status:
  1

Command output:
  (empty)

Command error:
    queued_call()
  /work/ah2lab/LiamK/conda_envs/plm_dynamics/lib/python3.11/site-packages/torch/cuda/__init__.py:435: UserWarning: 
  Tesla P100-PCIE-16GB with CUDA capability sm_60 is not compatible with the current PyTorch installation.
  The current PyTorch install supports CUDA capabilities sm_70 sm_75 sm_80 sm_86 sm_90 sm_100 sm_120.
  If you want to use the Tesla P100-PCIE-16GB GPU with PyTorch, please check the instructions at https://pytorch.org/get-started/locally/
  
    queued_call()
  Traceback (most recent call last):
    File "/work/ah2lab/LiamK/plm-thesis-dynamics/src/adapt.py", line 103, in <module>
      initial_ce, initial_f1 = evaluate_model(model, test_loader, criterion)
                               ^^^^^^^^^^^^^^^^^^^^^^^^^^^^^^^^^^^^^^^^^^^^^
    File "/work/ah2lab/LiamK/plm-thesis-dynamics/src/adapt.py", line 36, in evaluate_model
      preds = model(batch_X)
              ^^^^^^^^^^^^^^
    File "/work/ah2lab/LiamK/conda_envs/plm_dynamics/lib/python3.11/site-packages/torch/nn/modules/module.py", line 1776, in _wrapped_call_impl
      return self._call_impl(*args, **kwargs)
             ^^^^^^^^^^^^^^^^^^^^^^^^^^^^^^^^
    File "/work/ah2lab/LiamK/conda_envs/plm_dynamics/lib/python3.11/site-packages/torch/nn/modules/module.py", line 1787, in _call_impl
      return forward_call(*args, **kwargs)
             ^^^^^^^^^^^^^^^^^^^^^^^^^^^^^
    File "/work/ah2lab/LiamK/plm-thesis-dynamics/src/model.py", line 25, in forward
      return self.net(x)
             ^^^^^^^^^^^
    File "/work/ah2lab/LiamK/conda_envs/plm_dynamics/lib/python3.11/site-packages/torch/nn/modules/module.py", line 1776, in _wrapped_call_impl
      return self._call_impl(*args, **kwargs)
             ^^^^^^^^^^^^^^^^^^^^^^^^^^^^^^^^
    File "/work/ah2lab/LiamK/conda_envs/plm_dynamics/lib/python3.11/site-packages/torch/nn/modules/module.py", line 1787, in _call_impl
      return forward_call(*args, **kwargs)
             ^^^^^^^^^^^^^^^^^^^^^^^^^^^^^
    File "/work/ah2lab/LiamK/conda_envs/plm_dynamics/lib/python3.11/site-packages/torch/nn/modules/container.py", line 253, in forward
      input = module(input)
              ^^^^^^^^^^^^^
    File "/work/ah2lab/LiamK/conda_envs/plm_dynamics/lib/python3.11/site-packages/torch/nn/modules/module.py", line 1776, in _wrapped_call_impl
      return self._call_impl(*args, **kwargs)
             ^^^^^^^^^^^^^^^^^^^^^^^^^^^^^^^^
    File "/work/ah2lab/LiamK/conda_envs/plm_dynamics/lib/python3.11/site-packages/torch/nn/modules/module.py", line 1787, in _call_impl
      return forward_call(*args, **kwargs)
             ^^^^^^^^^^^^^^^^^^^^^^^^^^^^^
    File "/work/ah2lab/LiamK/conda_envs/plm_dynamics/lib/python3.11/site-packages/torch/nn/modules/batchnorm.py", line 194, in forward
      return F.batch_norm(
             ^^^^^^^^^^^^^
    File "/work/ah2lab/LiamK/conda_envs/plm_dynamics/lib/python3.11/site-packages/torch/nn/functional.py", line 2846, in batch_norm
      return torch.batch_norm(
             ^^^^^^^^^^^^^^^^^
  torch.AcceleratorError: CUDA error: no kernel image is available for execution on the device
  Search for `cudaErrorNoKernelImageForDevice' in https://docs.nvidia.com/cuda/cuda-runtime-api/group__CUDART__TYPES.html for more information.
  CUDA kernel errors might be asynchronously reported at some other API call, so the stacktrace below might be incorrect.
  For debugging consider passing CUDA_LAUNCH_BLOCKING=1
  Compile with `TORCH_USE_CUDA_DSA` to enable device-side assertions.

Work dir:
  /work/ah2lab/LiamK/plm-thesis-dynamics/work/89/5bbb075f150fc3f313c2ff829541c1

Tip: you can try to figure out what's wrong by changing to the process work dir and showing the script file named `.command.sh`

 -- Check '.nextflow.log' file for details

