[33mNextflow 25.10.4 is available - Please consider updating your version to it[0m

 N E X T F L O W   ~  version 25.10.3

Launching `main.nf` [reverent_babbage] DSL2 - revision: b4ea0bc3f1

[-        ] GEN_SOURCE      -
[-        ] TRAIN_SOURCE    -
[-        ] GEN_TARGET      -
[-        ] TEST_ADAPTATION -

[62/6cbe8e] GEN_SOURCE (Src S:43 Shf:1.0)  | 2 of 2, cached: 2
[-        ] TRAIN_SOURCE                   -
[87/d21385] GEN_TARGET (Tgt S:42 P:100000) | 2 of 2, cached: 2
[-        ] TEST_ADAPTATION                -

[14/9b347c] GEN_SOURCE (Src S:42 Shf:2.0)  | 4 of 4, cached: 4
[-        ] TRAIN_SOURCE                   -
[87/d21385] GEN_TARGET (Tgt S:42 P:100000) | 2 of 2, cached: 2
[-        ] TEST_ADAPTATION                -

[5e/549089] GEN_SOURCE (Src S:44 Shf:2.0)  | 6 of 6, cached: 6
[57/c0276d] TRA…n S:42 N:1000000 Batch:64) | 2 of 2, cached: 2
[af/bcd38c] GEN_TARGET (Tgt S:42 P:500000) | 4 of 4, cached: 4
[-        ] TEST_ADAPTATION                -

[94/811b4b] GEN_SOURCE (Src S:42 Shf:5.0)  | 7 of 7, cached: 7
[57/c0276d] TRA…n S:42 N:1000000 Batch:64) | 2 of 2, cached: 2
[c3/3c242f] GEN_TARGET (Tgt S:44 P:500000) | 6 of 6, cached: 6 ✔
[-        ] TEST_ADAPTATION                -

[2c/08631c] GEN_SOURCE (Src S:44 Shf:5.0)  | 9 of 9, cached: 9 ✔
[4f/36b233] TRA…n S:43 N:1000000 Batch:64) | 5 of 5, cached: 5
[c3/3c242f] GEN_TARGET (Tgt S:44 P:500000) | 6 of 6, cached: 6 ✔
[-        ] TEST_ADAPTATION                -

[2c/08631c] GEN_SOURCE (Src S:44 Shf:5.0)  | 9 of 9, cached: 9 ✔
[2a/e07e4a] TRA… S:43 N:1000000 Batch:256) | 9 of 9, cached: 9
[c3/3c242f] GEN_TARGET (Tgt S:44 P:500000) | 6 of 6, cached: 6 ✔
[-        ] TEST_ADAPTATION                | 0 of 4

[2c/08631c] GEN_SOURCE (Src S:44 Shf:5.0)  | 9 of 9, cached: 9 ✔
[85/8698b9] TRA… S:44 N:1000000 Batch:256) | 11 of 11, cached: 11
[c3/3c242f] GEN_TARGET (Tgt S:44 P:500000) | 6 of 6, cached: 6 ✔
[-        ] TEST_ADAPTATION                | 0 of 8

[2c/08631c] GEN_SOURCE (Src S:44 Shf:5.0)  | 9 of 9, cached: 9 ✔
[79/eb2e4d] TRA… S:42 N:1000000 Batch:256) | 15 of 15, cached: 15
[c3/3c242f] GEN_TARGET (Tgt S:44 P:500000) | 6 of 6, cached: 6 ✔
[-        ] TEST_ADAPTATION                | 0 of 14

executor >  slurm (1)
[2c/08631c] GEN_SOURCE (Src S:44 Shf:5.0)  | 9 of 9, cached: 9 ✔
[a4/6706bf] TRA… S:43 N:1000000 Batch:256) | 20 of 20, cached: 20
[c3/3c242f] GEN_TARGET (Tgt S:44 P:500000) | 6 of 6, cached: 6 ✔
[fe/8129b7] TES…S:42 NP:100000 B:64 H:512) | 0 of 20

executor >  slurm (1)
[2c/08631c] GEN_SOURCE (Src S:44 Shf:5.0)  | 9 of 9, cached: 9 ✔
[d5/2eb865] TRA… S:44 N:1000000 Batch:256) | 23 of 23, cached: 23
[c3/3c242f] GEN_TARGET (Tgt S:44 P:500000) | 6 of 6, cached: 6 ✔
[fe/8129b7] TES…S:42 NP:100000 B:64 H:512) | 0 of 26

executor >  slurm (1)
[2c/08631c] GEN_SOURCE (Src S:44 Shf:5.0)  | 9 of 9, cached: 9 ✔
[30/4183bc] TRA…n S:42 N:1000000 Batch:64) | 27 of 27, cached: 27
[c3/3c242f] GEN_TARGET (Tgt S:44 P:500000) | 6 of 6, cached: 6 ✔
[fe/8129b7] TES…S:42 NP:100000 B:64 H:512) | 0 of 30

executor >  slurm (2)
[2c/08631c] GEN_SOURCE (Src S:44 Shf:5.0)  | 9 of 9, cached: 9 ✔
[f3/3498da] TRA… S:43 N:1000000 Batch:256) | 31 of 31, cached: 31
[c3/3c242f] GEN_TARGET (Tgt S:44 P:500000) | 6 of 6, cached: 6 ✔
[98/1d3546] TES…S:42 NP:500000 B:64 H:512) | 0 of 37

executor >  slurm (3)
[2c/08631c] GEN_SOURCE (Src S:44 Shf:5.0)  | 9 of 9, cached: 9 ✔
[c7/baf307] TRA…n S:44 N:1000000 Batch:64) | 33 of 33, cached: 33
[c3/3c242f] GEN_TARGET (Tgt S:44 P:500000) | 6 of 6, cached: 6 ✔
[41/7fef36] TES…:42 NP:100000 B:64 H:1024) | 0 of 41

executor >  slurm (3)
[2c/08631c] GEN_SOURCE (Src S:44 Shf:5.0)  | 9 of 9, cached: 9 ✔
[18/984a89] TRA… S:44 N:1000000 Batch:256) | 36 of 36, cached: 36 ✔
[c3/3c242f] GEN_TARGET (Tgt S:44 P:500000) | 6 of 6, cached: 6 ✔
[41/7fef36] TES…:42 NP:100000 B:64 H:1024) | 0 of 50

executor >  slurm (4)
[2c/08631c] GEN_SOURCE (Src S:44 Shf:5.0)  | 9 of 9, cached: 9 ✔
[18/984a89] TRA… S:44 N:1000000 Batch:256) | 36 of 36, cached: 36 ✔
[c3/3c242f] GEN_TARGET (Tgt S:44 P:500000) | 6 of 6, cached: 6 ✔
[20/8d751b] TES…42 NP:100000 B:256 H:1024) | 0 of 59

executor >  slurm (4)
[2c/08631c] GEN_SOURCE (Src S:44 Shf:5.0)  | 9 of 9, cached: 9 ✔
[18/984a89] TRA… S:44 N:1000000 Batch:256) | 36 of 36, cached: 36 ✔
[c3/3c242f] GEN_TARGET (Tgt S:44 P:500000) | 6 of 6, cached: 6 ✔
[20/8d751b] TES…42 NP:100000 B:256 H:1024) | 0 of 69

executor >  slurm (4)
[2c/08631c] GEN_SOURCE (Src S:44 Shf:5.0)  | 9 of 9, cached: 9 ✔
[18/984a89] TRA… S:44 N:1000000 Batch:256) | 36 of 36, cached: 36 ✔
[c3/3c242f] GEN_TARGET (Tgt S:44 P:500000) | 6 of 6, cached: 6 ✔
[20/8d751b] TES…42 NP:100000 B:256 H:1024) | 0 of 72

executor >  slurm (4)
[2c/08631c] GEN_SOURCE (Src S:44 Shf:5.0)  | 9 of 9, cached: 9 ✔
[18/984a89] TRA… S:44 N:1000000 Batch:256) | 36 of 36, cached: 36 ✔
[c3/3c242f] GEN_TARGET (Tgt S:44 P:500000) | 6 of 6, cached: 6 ✔
[20/8d751b] TES…42 NP:100000 B:256 H:1024) | 0 of 72

executor >  slurm (4)
[2c/08631c] GEN_SOURCE (Src S:44 Shf:5.0)  | 9 of 9, cached: 9 ✔
[18/984a89] TRA… S:44 N:1000000 Batch:256) | 36 of 36, cached: 36 ✔
[c3/3c242f] GEN_TARGET (Tgt S:44 P:500000) | 6 of 6, cached: 6 ✔
[20/8d751b] TES…42 NP:100000 B:256 H:1024) | 0 of 72

executor >  slurm (5)
[2c/08631c] GEN_SOURCE (Src S:44 Shf:5.0)  | 9 of 9, cached: 9 ✔
[18/984a89] TRA… S:44 N:1000000 Batch:256) | 36 of 36, cached: 36 ✔
[c3/3c242f] GEN_TARGET (Tgt S:44 P:500000) | 6 of 6, cached: 6 ✔
[95/b86e18] TES…:42 NP:500000 B:64 H:1024) | 0 of 72

executor >  slurm (5)
[2c/08631c] GEN_SOURCE (Src S:44 Shf:5.0)  | 9 of 9, cached: 9 ✔
[18/984a89] TRA… S:44 N:1000000 Batch:256) | 36 of 36, cached: 36 ✔
[c3/3c242f] GEN_TARGET (Tgt S:44 P:500000) | 6 of 6, cached: 6 ✔
[98/1d3546] TES…S:42 NP:500000 B:64 H:512) | 1 of 72

executor >  slurm (5)
[2c/08631c] GEN_SOURCE (Src S:44 Shf:5.0)  | 9 of 9, cached: 9 ✔
[18/984a89] TRA… S:44 N:1000000 Batch:256) | 36 of 36, cached: 36 ✔
[c3/3c242f] GEN_TARGET (Tgt S:44 P:500000) | 6 of 6, cached: 6 ✔
[41/7fef36] TES…:42 NP:100000 B:64 H:1024) | 2 of 72

executor >  slurm (6)
[2c/08631c] GEN_SOURCE (Src S:44 Shf:5.0)  | 9 of 9, cached: 9 ✔
[18/984a89] TRA… S:44 N:1000000 Batch:256) | 36 of 36, cached: 36 ✔
[c3/3c242f] GEN_TARGET (Tgt S:44 P:500000) | 6 of 6, cached: 6 ✔
[13/29f27d] TES…42 NP:500000 B:256 H:1024) | 2 of 72

executor >  slurm (7)
[2c/08631c] GEN_SOURCE (Src S:44 Shf:5.0)  | 9 of 9, cached: 9 ✔
[18/984a89] TRA… S:44 N:1000000 Batch:256) | 36 of 36, cached: 36 ✔
[c3/3c242f] GEN_TARGET (Tgt S:44 P:500000) | 6 of 6, cached: 6 ✔
[20/8d751b] TES…42 NP:100000 B:256 H:1024) | 3 of 72

executor >  slurm (7)
[2c/08631c] GEN_SOURCE (Src S:44 Shf:5.0)  | 9 of 9, cached: 9 ✔
[18/984a89] TRA… S:44 N:1000000 Batch:256) | 36 of 36, cached: 36 ✔
[c3/3c242f] GEN_TARGET (Tgt S:44 P:500000) | 6 of 6, cached: 6 ✔
[20/8d751b] TES…42 NP:100000 B:256 H:1024) | 3 of 72

executor >  slurm (7)
[2c/08631c] GEN_SOURCE (Src S:44 Shf:5.0)  | 9 of 9, cached: 9 ✔
[18/984a89] TRA… S:44 N:1000000 Batch:256) | 36 of 36, cached: 36 ✔
[c3/3c242f] GEN_TARGET (Tgt S:44 P:500000) | 6 of 6, cached: 6 ✔
[20/8d751b] TES…42 NP:100000 B:256 H:1024) | 3 of 72

executor >  slurm (8)
[2c/08631c] GEN_SOURCE (Src S:44 Shf:5.0)  | 9 of 9, cached: 9 ✔
[18/984a89] TRA… S:44 N:1000000 Batch:256) | 36 of 36, cached: 36 ✔
[c3/3c242f] GEN_TARGET (Tgt S:44 P:500000) | 6 of 6, cached: 6 ✔
[3f/5da2a1] TES…:42 NP:500000 B:256 H:512) | 3 of 72

executor >  slurm (8)
[2c/08631c] GEN_SOURCE (Src S:44 Shf:5.0)  | 9 of 9, cached: 9 ✔
[18/984a89] TRA… S:44 N:1000000 Batch:256) | 36 of 36, cached: 36 ✔
[c3/3c242f] GEN_TARGET (Tgt S:44 P:500000) | 6 of 6, cached: 6 ✔
[95/b86e18] TES…:42 NP:500000 B:64 H:1024) | 4 of 72

executor >  slurm (9)
[2c/08631c] GEN_SOURCE (Src S:44 Shf:5.0)  | 9 of 9, cached: 9 ✔
[18/984a89] TRA… S:44 N:1000000 Batch:256) | 36 of 36, cached: 36 ✔
[c3/3c242f] GEN_TARGET (Tgt S:44 P:500000) | 6 of 6, cached: 6 ✔
[21/0164ef] TES…S:43 NP:500000 B:64 H:512) | 4 of 72

executor >  slurm (9)
[2c/08631c] GEN_SOURCE (Src S:44 Shf:5.0)  | 9 of 9, cached: 9 ✔
[18/984a89] TRA… S:44 N:1000000 Batch:256) | 36 of 36, cached: 36 ✔
[c3/3c242f] GEN_TARGET (Tgt S:44 P:500000) | 6 of 6, cached: 6 ✔
[06/eaa4a5] TES…:42 NP:100000 B:256 H:512) | 5 of 72

executor >  slurm (10)
[2c/08631c] GEN_SOURCE (Src S:44 Shf:5.0)  | 9 of 9, cached: 9 ✔
[18/984a89] TRA… S:44 N:1000000 Batch:256) | 36 of 36, cached: 36 ✔
[c3/3c242f] GEN_TARGET (Tgt S:44 P:500000) | 6 of 6, cached: 6 ✔
[aa/72fa45] TES…S:43 NP:100000 B:64 H:512) | 5 of 72

executor >  slurm (10)
[2c/08631c] GEN_SOURCE (Src S:44 Shf:5.0)  | 9 of 9, cached: 9 ✔
[18/984a89] TRA… S:44 N:1000000 Batch:256) | 36 of 36, cached: 36 ✔
[c3/3c242f] GEN_TARGET (Tgt S:44 P:500000) | 6 of 6, cached: 6 ✔
[13/29f27d] TES…42 NP:500000 B:256 H:1024) | 6 of 72

executor >  slurm (11)
[2c/08631c] GEN_SOURCE (Src S:44 Shf:5.0)  | 9 of 9, cached: 9 ✔
[18/984a89] TRA… S:44 N:1000000 Batch:256) | 36 of 36, cached: 36 ✔
[c3/3c242f] GEN_TARGET (Tgt S:44 P:500000) | 6 of 6, cached: 6 ✔
[1e/c14520] TES…:43 NP:100000 B:64 H:1024) | 6 of 72

executor >  slurm (11)
[2c/08631c] GEN_SOURCE (Src S:44 Shf:5.0)  | 9 of 9, cached: 9 ✔
[18/984a89] TRA… S:44 N:1000000 Batch:256) | 36 of 36, cached: 36 ✔
[c3/3c242f] GEN_TARGET (Tgt S:44 P:500000) | 6 of 6, cached: 6 ✔
[3f/5da2a1] TES…:42 NP:500000 B:256 H:512) | 7 of 72

executor >  slurm (11)
[2c/08631c] GEN_SOURCE (Src S:44 Shf:5.0)  | 9 of 9, cached: 9 ✔
[18/984a89] TRA… S:44 N:1000000 Batch:256) | 36 of 36, cached: 36 ✔
[c3/3c242f] GEN_TARGET (Tgt S:44 P:500000) | 6 of 6, cached: 6 ✔
[3f/5da2a1] TES…:42 NP:500000 B:256 H:512) | 7 of 72

executor >  slurm (12)
[2c/08631c] GEN_SOURCE (Src S:44 Shf:5.0)  | 9 of 9, cached: 9 ✔
[18/984a89] TRA… S:44 N:1000000 Batch:256) | 36 of 36, cached: 36 ✔
[c3/3c242f] GEN_TARGET (Tgt S:44 P:500000) | 6 of 6, cached: 6 ✔
[21/0164ef] TES…S:43 NP:500000 B:64 H:512) | 8 of 72

executor >  slurm (13)
[2c/08631c] GEN_SOURCE (Src S:44 Shf:5.0)  | 9 of 9, cached: 9 ✔
[18/984a89] TRA… S:44 N:1000000 Batch:256) | 36 of 36, cached: 36 ✔
[c3/3c242f] GEN_TARGET (Tgt S:44 P:500000) | 6 of 6, cached: 6 ✔
[aa/72fa45] TES…S:43 NP:100000 B:64 H:512) | 9 of 72

executor >  slurm (14)
[2c/08631c] GEN_SOURCE (Src S:44 Shf:5.0)  | 9 of 9, cached: 9 ✔
[18/984a89] TRA… S:44 N:1000000 Batch:256) | 36 of 36, cached: 36 ✔
[c3/3c242f] GEN_TARGET (Tgt S:44 P:500000) | 6 of 6, cached: 6 ✔
[57/9cd8ea] TES…:43 NP:100000 B:256 H:512) | 9 of 72

executor >  slurm (14)
[2c/08631c] GEN_SOURCE (Src S:44 Shf:5.0)  | 9 of 9, cached: 9 ✔
[18/984a89] TRA… S:44 N:1000000 Batch:256) | 36 of 36, cached: 36 ✔
[c3/3c242f] GEN_TARGET (Tgt S:44 P:500000) | 6 of 6, cached: 6 ✔
[1e/c14520] TES…:43 NP:100000 B:64 H:1024) | 10 of 72

executor >  slurm (15)
[2c/08631c] GEN_SOURCE (Src S:44 Shf:5.0)  | 9 of 9, cached: 9 ✔
[18/984a89] TRA… S:44 N:1000000 Batch:256) | 36 of 36, cached: 36 ✔
[c3/3c242f] GEN_TARGET (Tgt S:44 P:500000) | 6 of 6, cached: 6 ✔
[b4/98f95e] TES…:43 NP:500000 B:64 H:1024) | 11 of 72

executor >  slurm (15)
[2c/08631c] GEN_SOURCE (Src S:44 Shf:5.0)  | 9 of 9, cached: 9 ✔
[18/984a89] TRA… S:44 N:1000000 Batch:256) | 36 of 36, cached: 36 ✔
[c3/3c242f] GEN_TARGET (Tgt S:44 P:500000) | 6 of 6, cached: 6 ✔
[6c/acaad9] TES…:43 NP:500000 B:256 H:512) | 12 of 72

executor >  slurm (16)
[2c/08631c] GEN_SOURCE (Src S:44 Shf:5.0)  | 9 of 9, cached: 9 ✔
[18/984a89] TRA… S:44 N:1000000 Batch:256) | 36 of 36, cached: 36 ✔
[c3/3c242f] GEN_TARGET (Tgt S:44 P:500000) | 6 of 6, cached: 6 ✔
[99/c9a49f] TES…43 NP:100000 B:256 H:1024) | 12 of 72

executor >  slurm (16)
[2c/08631c] GEN_SOURCE (Src S:44 Shf:5.0)  | 9 of 9, cached: 9 ✔
[18/984a89] TRA… S:44 N:1000000 Batch:256) | 36 of 36, cached: 36 ✔
[c3/3c242f] GEN_TARGET (Tgt S:44 P:500000) | 6 of 6, cached: 6 ✔
[99/c9a49f] TES…43 NP:100000 B:256 H:1024) | 12 of 72

executor >  slurm (17)
[2c/08631c] GEN_SOURCE (Src S:44 Shf:5.0)  | 9 of 9, cached: 9 ✔
[18/984a89] TRA… S:44 N:1000000 Batch:256) | 36 of 36, cached: 36 ✔
[c3/3c242f] GEN_TARGET (Tgt S:44 P:500000) | 6 of 6, cached: 6 ✔
[57/9cd8ea] TES…:43 NP:100000 B:256 H:512) | 13 of 72

executor >  slurm (17)
[2c/08631c] GEN_SOURCE (Src S:44 Shf:5.0)  | 9 of 9, cached: 9 ✔
[18/984a89] TRA… S:44 N:1000000 Batch:256) | 36 of 36, cached: 36 ✔
[c3/3c242f] GEN_TARGET (Tgt S:44 P:500000) | 6 of 6, cached: 6 ✔
[57/9cd8ea] TES…:43 NP:100000 B:256 H:512) | 13 of 72

executor >  slurm (18)
[2c/08631c] GEN_SOURCE (Src S:44 Shf:5.0)  | 9 of 9, cached: 9 ✔
[18/984a89] TRA… S:44 N:1000000 Batch:256) | 36 of 36, cached: 36 ✔
[c3/3c242f] GEN_TARGET (Tgt S:44 P:500000) | 6 of 6, cached: 6 ✔
[9f/d4c77f] TES…S:44 NP:100000 B:64 H:512) | 14 of 72

executor >  slurm (18)
[2c/08631c] GEN_SOURCE (Src S:44 Shf:5.0)  | 9 of 9, cached: 9 ✔
[18/984a89] TRA… S:44 N:1000000 Batch:256) | 36 of 36, cached: 36 ✔
[c3/3c242f] GEN_TARGET (Tgt S:44 P:500000) | 6 of 6, cached: 6 ✔
[9f/d4c77f] TES…S:44 NP:100000 B:64 H:512) | 14 of 72

executor >  slurm (19)
[2c/08631c] GEN_SOURCE (Src S:44 Shf:5.0)  | 9 of 9, cached: 9 ✔
[18/984a89] TRA… S:44 N:1000000 Batch:256) | 36 of 36, cached: 36 ✔
[c3/3c242f] GEN_TARGET (Tgt S:44 P:500000) | 6 of 6, cached: 6 ✔
[a6/404e98] TES…:44 NP:100000 B:64 H:1024) | 15 of 72

executor >  slurm (19)
[2c/08631c] GEN_SOURCE (Src S:44 Shf:5.0)  | 9 of 9, cached: 9 ✔
[18/984a89] TRA… S:44 N:1000000 Batch:256) | 36 of 36, cached: 36 ✔
[c3/3c242f] GEN_TARGET (Tgt S:44 P:500000) | 6 of 6, cached: 6 ✔
[a6/404e98] TES…:44 NP:100000 B:64 H:1024) | 15 of 72

executor >  slurm (20)
[2c/08631c] GEN_SOURCE (Src S:44 Shf:5.0)  | 9 of 9, cached: 9 ✔
[18/984a89] TRA… S:44 N:1000000 Batch:256) | 36 of 36, cached: 36 ✔
[c3/3c242f] GEN_TARGET (Tgt S:44 P:500000) | 6 of 6, cached: 6 ✔
[44/28ff99] TES…:44 NP:500000 B:64 H:1024) | 15 of 72

executor >  slurm (20)
[2c/08631c] GEN_SOURCE (Src S:44 Shf:5.0)  | 9 of 9, cached: 9 ✔
[18/984a89] TRA… S:44 N:1000000 Batch:256) | 36 of 36, cached: 36 ✔
[c3/3c242f] GEN_TARGET (Tgt S:44 P:500000) | 6 of 6, cached: 6 ✔
[68/ce05c5] TES…S:44 NP:500000 B:64 H:512) | 16 of 72

executor >  slurm (20)
[2c/08631c] GEN_SOURCE (Src S:44 Shf:5.0)  | 9 of 9, cached: 9 ✔
[18/984a89] TRA… S:44 N:1000000 Batch:256) | 36 of 36, cached: 36 ✔
[c3/3c242f] GEN_TARGET (Tgt S:44 P:500000) | 6 of 6, cached: 6 ✔
[68/ce05c5] TES…S:44 NP:500000 B:64 H:512) | 16 of 72

executor >  slurm (21)
[2c/08631c] GEN_SOURCE (Src S:44 Shf:5.0)  | 9 of 9, cached: 9 ✔
[18/984a89] TRA… S:44 N:1000000 Batch:256) | 36 of 36, cached: 36 ✔
[c3/3c242f] GEN_TARGET (Tgt S:44 P:500000) | 6 of 6, cached: 6 ✔
[a6/404e98] TES…:44 NP:100000 B:64 H:1024) | 17 of 72

executor >  slurm (22)
[2c/08631c] GEN_SOURCE (Src S:44 Shf:5.0)  | 9 of 9, cached: 9 ✔
[18/984a89] TRA… S:44 N:1000000 Batch:256) | 36 of 36, cached: 36 ✔
[c3/3c242f] GEN_TARGET (Tgt S:44 P:500000) | 6 of 6, cached: 6 ✔
[45/e6c757] TES…:44 NP:500000 B:256 H:512) | 17 of 72

executor >  slurm (22)
[2c/08631c] GEN_SOURCE (Src S:44 Shf:5.0)  | 9 of 9, cached: 9 ✔
[18/984a89] TRA… S:44 N:1000000 Batch:256) | 36 of 36, cached: 36 ✔
[c3/3c242f] GEN_TARGET (Tgt S:44 P:500000) | 6 of 6, cached: 6 ✔
[ad/9e5b67] TES…43 NP:500000 B:256 H:1024) | 18 of 72

executor >  slurm (23)
[2c/08631c] GEN_SOURCE (Src S:44 Shf:5.0)  | 9 of 9, cached: 9 ✔
[18/984a89] TRA… S:44 N:1000000 Batch:256) | 36 of 36, cached: 36 ✔
[c3/3c242f] GEN_TARGET (Tgt S:44 P:500000) | 6 of 6, cached: 6 ✔
[e7/b79330] TES…44 NP:100000 B:256 H:1024) | 18 of 72

executor >  slurm (23)
[2c/08631c] GEN_SOURCE (Src S:44 Shf:5.0)  | 9 of 9, cached: 9 ✔
[18/984a89] TRA… S:44 N:1000000 Batch:256) | 36 of 36, cached: 36 ✔
[c3/3c242f] GEN_TARGET (Tgt S:44 P:500000) | 6 of 6, cached: 6 ✔
[44/28ff99] TES…:44 NP:500000 B:64 H:1024) | 19 of 72

executor >  slurm (24)
[2c/08631c] GEN_SOURCE (Src S:44 Shf:5.0)  | 9 of 9, cached: 9 ✔
[18/984a89] TRA… S:44 N:1000000 Batch:256) | 36 of 36, cached: 36 ✔
[c3/3c242f] GEN_TARGET (Tgt S:44 P:500000) | 6 of 6, cached: 6 ✔
[9e/12ef0e] TES…44 NP:500000 B:256 H:1024) | 20 of 72

executor >  slurm (25)
[2c/08631c] GEN_SOURCE (Src S:44 Shf:5.0)  | 9 of 9, cached: 9 ✔
[18/984a89] TRA… S:44 N:1000000 Batch:256) | 36 of 36, cached: 36 ✔
[c3/3c242f] GEN_TARGET (Tgt S:44 P:500000) | 6 of 6, cached: 6 ✔
[e7/b79330] TES…44 NP:100000 B:256 H:1024) | 21 of 72

executor >  slurm (26)
[2c/08631c] GEN_SOURCE (Src S:44 Shf:5.0)  | 9 of 9, cached: 9 ✔
[18/984a89] TRA… S:44 N:1000000 Batch:256) | 36 of 36, cached: 36 ✔
[c3/3c242f] GEN_TARGET (Tgt S:44 P:500000) | 6 of 6, cached: 6 ✔
[42/7bcdbd] TES…S:42 NP:500000 B:64 H:512) | 21 of 72

executor >  slurm (26)
[2c/08631c] GEN_SOURCE (Src S:44 Shf:5.0)  | 9 of 9, cached: 9 ✔
[18/984a89] TRA… S:44 N:1000000 Batch:256) | 36 of 36, cached: 36 ✔
[c3/3c242f] GEN_TARGET (Tgt S:44 P:500000) | 6 of 6, cached: 6 ✔
[45/e6c757] TES…:44 NP:500000 B:256 H:512) | 22 of 72

executor >  slurm (26)
[2c/08631c] GEN_SOURCE (Src S:44 Shf:5.0)  | 9 of 9, cached: 9 ✔
[18/984a89] TRA… S:44 N:1000000 Batch:256) | 36 of 36, cached: 36 ✔
[c3/3c242f] GEN_TARGET (Tgt S:44 P:500000) | 6 of 6, cached: 6 ✔
[13/8bcd37] TES…S:42 NP:100000 B:64 H:512) | 23 of 72

executor >  slurm (27)
[2c/08631c] GEN_SOURCE (Src S:44 Shf:5.0)  | 9 of 9, cached: 9 ✔
[18/984a89] TRA… S:44 N:1000000 Batch:256) | 36 of 36, cached: 36 ✔
[c3/3c242f] GEN_TARGET (Tgt S:44 P:500000) | 6 of 6, cached: 6 ✔
[85/aad3f1] TES…:42 NP:100000 B:64 H:1024) | 23 of 72

executor >  slurm (28)
[2c/08631c] GEN_SOURCE (Src S:44 Shf:5.0)  | 9 of 9, cached: 9 ✔
[18/984a89] TRA… S:44 N:1000000 Batch:256) | 36 of 36, cached: 36 ✔
[c3/3c242f] GEN_TARGET (Tgt S:44 P:500000) | 6 of 6, cached: 6 ✔
[9e/12ef0e] TES…44 NP:500000 B:256 H:1024) | 24 of 72

executor >  slurm (28)
[2c/08631c] GEN_SOURCE (Src S:44 Shf:5.0)  | 9 of 9, cached: 9 ✔
[18/984a89] TRA… S:44 N:1000000 Batch:256) | 36 of 36, cached: 36 ✔
[c3/3c242f] GEN_TARGET (Tgt S:44 P:500000) | 6 of 6, cached: 6 ✔
[9e/12ef0e] TES…44 NP:500000 B:256 H:1024) | 24 of 72

executor >  slurm (29)
[2c/08631c] GEN_SOURCE (Src S:44 Shf:5.0)  | 9 of 9, cached: 9 ✔
[18/984a89] TRA… S:44 N:1000000 Batch:256) | 36 of 36, cached: 36 ✔
[c3/3c242f] GEN_TARGET (Tgt S:44 P:500000) | 6 of 6, cached: 6 ✔
[85/aad3f1] TES…:42 NP:100000 B:64 H:1024) | 25 of 72

executor >  slurm (30)
[2c/08631c] GEN_SOURCE (Src S:44 Shf:5.0)  | 9 of 9, cached: 9 ✔
[18/984a89] TRA… S:44 N:1000000 Batch:256) | 36 of 36, cached: 36 ✔
[c3/3c242f] GEN_TARGET (Tgt S:44 P:500000) | 6 of 6, cached: 6 ✔
[44/bc7c35] TES…:42 NP:500000 B:256 H:512) | 25 of 72

executor >  slurm (30)
[2c/08631c] GEN_SOURCE (Src S:44 Shf:5.0)  | 9 of 9, cached: 9 ✔
[18/984a89] TRA… S:44 N:1000000 Batch:256) | 36 of 36, cached: 36 ✔
[c3/3c242f] GEN_TARGET (Tgt S:44 P:500000) | 6 of 6, cached: 6 ✔
[42/7bcdbd] TES…S:42 NP:500000 B:64 H:512) | 26 of 72

executor >  slurm (31)
[2c/08631c] GEN_SOURCE (Src S:44 Shf:5.0)  | 9 of 9, cached: 9 ✔
[18/984a89] TRA… S:44 N:1000000 Batch:256) | 36 of 36, cached: 36 ✔
[c3/3c242f] GEN_TARGET (Tgt S:44 P:500000) | 6 of 6, cached: 6 ✔
[0e/67e961] TES…42 NP:500000 B:256 H:1024) | 26 of 72

executor >  slurm (31)
[2c/08631c] GEN_SOURCE (Src S:44 Shf:5.0)  | 9 of 9, cached: 9 ✔
[18/984a89] TRA… S:44 N:1000000 Batch:256) | 36 of 36, cached: 36 ✔
[c3/3c242f] GEN_TARGET (Tgt S:44 P:500000) | 6 of 6, cached: 6 ✔
[70/c07a1b] TES…:42 NP:500000 B:64 H:1024) | 27 of 72

executor >  slurm (32)
[2c/08631c] GEN_SOURCE (Src S:44 Shf:5.0)  | 9 of 9, cached: 9 ✔
[18/984a89] TRA… S:44 N:1000000 Batch:256) | 36 of 36, cached: 36 ✔
[c3/3c242f] GEN_TARGET (Tgt S:44 P:500000) | 6 of 6, cached: 6 ✔
[53/4dbba6] TES…42 NP:100000 B:256 H:1024) | 27 of 72

executor >  slurm (32)
[2c/08631c] GEN_SOURCE (Src S:44 Shf:5.0)  | 9 of 9, cached: 9 ✔
[18/984a89] TRA… S:44 N:1000000 Batch:256) | 36 of 36, cached: 36 ✔
[c3/3c242f] GEN_TARGET (Tgt S:44 P:500000) | 6 of 6, cached: 6 ✔
[18/f241f1] TES…:42 NP:100000 B:256 H:512) | 28 of 72

executor >  slurm (32)
[2c/08631c] GEN_SOURCE (Src S:44 Shf:5.0)  | 9 of 9, cached: 9 ✔
[18/984a89] TRA… S:44 N:1000000 Batch:256) | 36 of 36, cached: 36 ✔
[c3/3c242f] GEN_TARGET (Tgt S:44 P:500000) | 6 of 6, cached: 6 ✔
[18/f241f1] TES…:42 NP:100000 B:256 H:512) | 28 of 72

executor >  slurm (33)
[2c/08631c] GEN_SOURCE (Src S:44 Shf:5.0)  | 9 of 9, cached: 9 ✔
[18/984a89] TRA… S:44 N:1000000 Batch:256) | 36 of 36, cached: 36 ✔
[c3/3c242f] GEN_TARGET (Tgt S:44 P:500000) | 6 of 6, cached: 6 ✔
[53/2cbd59] TES…S:43 NP:500000 B:64 H:512) | 28 of 72

executor >  slurm (33)
[2c/08631c] GEN_SOURCE (Src S:44 Shf:5.0)  | 9 of 9, cached: 9 ✔
[18/984a89] TRA… S:44 N:1000000 Batch:256) | 36 of 36, cached: 36 ✔
[c3/3c242f] GEN_TARGET (Tgt S:44 P:500000) | 6 of 6, cached: 6 ✔
[fe/8129b7] TES…S:42 NP:100000 B:64 H:512) | 29 of 72

executor >  slurm (34)
[2c/08631c] GEN_SOURCE (Src S:44 Shf:5.0)  | 9 of 9, cached: 9 ✔
[18/984a89] TRA… S:44 N:1000000 Batch:256) | 36 of 36, cached: 36 ✔
[c3/3c242f] GEN_TARGET (Tgt S:44 P:500000) | 6 of 6, cached: 6 ✔
[8f/8d89f4] TES…S:43 NP:100000 B:64 H:512) | 29 of 72

executor >  slurm (34)
[2c/08631c] GEN_SOURCE (Src S:44 Shf:5.0)  | 9 of 9, cached: 9 ✔
[18/984a89] TRA… S:44 N:1000000 Batch:256) | 36 of 36, cached: 36 ✔
[c3/3c242f] GEN_TARGET (Tgt S:44 P:500000) | 6 of 6, cached: 6 ✔
[44/bc7c35] TES…:42 NP:500000 B:256 H:512) | 30 of 72

executor >  slurm (34)
[2c/08631c] GEN_SOURCE (Src S:44 Shf:5.0)  | 9 of 9, cached: 9 ✔
[18/984a89] TRA… S:44 N:1000000 Batch:256) | 36 of 36, cached: 36 ✔
[c3/3c242f] GEN_TARGET (Tgt S:44 P:500000) | 6 of 6, cached: 6 ✔
[44/bc7c35] TES…:42 NP:500000 B:256 H:512) | 30 of 72

executor >  slurm (35)
[2c/08631c] GEN_SOURCE (Src S:44 Shf:5.0)  | 9 of 9, cached: 9 ✔
[18/984a89] TRA… S:44 N:1000000 Batch:256) | 36 of 36, cached: 36 ✔
[c3/3c242f] GEN_TARGET (Tgt S:44 P:500000) | 6 of 6, cached: 6 ✔
[15/dd7fa8] TES…:43 NP:100000 B:256 H:512) | 31 of 72

executor >  slurm (36)
[2c/08631c] GEN_SOURCE (Src S:44 Shf:5.0)  | 9 of 9, cached: 9 ✔
[18/984a89] TRA… S:44 N:1000000 Batch:256) | 36 of 36, cached: 36 ✔
[c3/3c242f] GEN_TARGET (Tgt S:44 P:500000) | 6 of 6, cached: 6 ✔
[0e/67e961] TES…42 NP:500000 B:256 H:1024) | 32 of 72

executor >  slurm (36)
[2c/08631c] GEN_SOURCE (Src S:44 Shf:5.0)  | 9 of 9, cached: 9 ✔
[18/984a89] TRA… S:44 N:1000000 Batch:256) | 36 of 36, cached: 36 ✔
[c3/3c242f] GEN_TARGET (Tgt S:44 P:500000) | 6 of 6, cached: 6 ✔
[0e/67e961] TES…42 NP:500000 B:256 H:1024) | 32 of 72

executor >  slurm (37)
[2c/08631c] GEN_SOURCE (Src S:44 Shf:5.0)  | 9 of 9, cached: 9 ✔
[18/984a89] TRA… S:44 N:1000000 Batch:256) | 36 of 36, cached: 36 ✔
[c3/3c242f] GEN_TARGET (Tgt S:44 P:500000) | 6 of 6, cached: 6 ✔
[17/04467f] TES…:43 NP:100000 B:64 H:1024) | 32 of 72

executor >  slurm (37)
[2c/08631c] GEN_SOURCE (Src S:44 Shf:5.0)  | 9 of 9, cached: 9 ✔
[18/984a89] TRA… S:44 N:1000000 Batch:256) | 36 of 36, cached: 36 ✔
[c3/3c242f] GEN_TARGET (Tgt S:44 P:500000) | 6 of 6, cached: 6 ✔
[53/2cbd59] TES…S:43 NP:500000 B:64 H:512) | 33 of 72

executor >  slurm (37)
[2c/08631c] GEN_SOURCE (Src S:44 Shf:5.0)  | 9 of 9, cached: 9 ✔
[18/984a89] TRA… S:44 N:1000000 Batch:256) | 36 of 36, cached: 36 ✔
[c3/3c242f] GEN_TARGET (Tgt S:44 P:500000) | 6 of 6, cached: 6 ✔
[53/2cbd59] TES…S:43 NP:500000 B:64 H:512) | 33 of 72

executor >  slurm (38)
[2c/08631c] GEN_SOURCE (Src S:44 Shf:5.0)  | 9 of 9, cached: 9 ✔
[18/984a89] TRA… S:44 N:1000000 Batch:256) | 36 of 36, cached: 36 ✔
[c3/3c242f] GEN_TARGET (Tgt S:44 P:500000) | 6 of 6, cached: 6 ✔
[36/30f0bb] TES…:43 NP:500000 B:64 H:1024) | 34 of 72

executor >  slurm (39)
[2c/08631c] GEN_SOURCE (Src S:44 Shf:5.0)  | 9 of 9, cached: 9 ✔
[18/984a89] TRA… S:44 N:1000000 Batch:256) | 36 of 36, cached: 36 ✔
[c3/3c242f] GEN_TARGET (Tgt S:44 P:500000) | 6 of 6, cached: 6 ✔
[19/49a1e4] TES…43 NP:100000 B:256 H:1024) | 34 of 72

executor >  slurm (39)
[2c/08631c] GEN_SOURCE (Src S:44 Shf:5.0)  | 9 of 9, cached: 9 ✔
[18/984a89] TRA… S:44 N:1000000 Batch:256) | 36 of 36, cached: 36 ✔
[c3/3c242f] GEN_TARGET (Tgt S:44 P:500000) | 6 of 6, cached: 6 ✔
[15/dd7fa8] TES…:43 NP:100000 B:256 H:512) | 35 of 72

executor >  slurm (39)
[2c/08631c] GEN_SOURCE (Src S:44 Shf:5.0)  | 9 of 9, cached: 9 ✔
[18/984a89] TRA… S:44 N:1000000 Batch:256) | 36 of 36, cached: 36 ✔
[c3/3c242f] GEN_TARGET (Tgt S:44 P:500000) | 6 of 6, cached: 6 ✔
[15/dd7fa8] TES…:43 NP:100000 B:256 H:512) | 35 of 72

executor >  slurm (40)
[2c/08631c] GEN_SOURCE (Src S:44 Shf:5.0)  | 9 of 9, cached: 9 ✔
[18/984a89] TRA… S:44 N:1000000 Batch:256) | 36 of 36, cached: 36 ✔
[c3/3c242f] GEN_TARGET (Tgt S:44 P:500000) | 6 of 6, cached: 6 ✔
[c9/bb76b6] TES…:43 NP:500000 B:256 H:512) | 36 of 72

executor >  slurm (40)
[2c/08631c] GEN_SOURCE (Src S:44 Shf:5.0)  | 9 of 9, cached: 9 ✔
[18/984a89] TRA… S:44 N:1000000 Batch:256) | 36 of 36, cached: 36 ✔
[c3/3c242f] GEN_TARGET (Tgt S:44 P:500000) | 6 of 6, cached: 6 ✔
[c9/bb76b6] TES…:43 NP:500000 B:256 H:512) | 36 of 72

executor >  slurm (41)
[2c/08631c] GEN_SOURCE (Src S:44 Shf:5.0)  | 9 of 9, cached: 9 ✔
[18/984a89] TRA… S:44 N:1000000 Batch:256) | 36 of 36, cached: 36 ✔
[c3/3c242f] GEN_TARGET (Tgt S:44 P:500000) | 6 of 6, cached: 6 ✔
[36/30f0bb] TES…:43 NP:500000 B:64 H:1024) | 37 of 72

executor >  slurm (42)
[2c/08631c] GEN_SOURCE (Src S:44 Shf:5.0)  | 9 of 9, cached: 9 ✔
[18/984a89] TRA… S:44 N:1000000 Batch:256) | 36 of 36, cached: 36 ✔
[c3/3c242f] GEN_TARGET (Tgt S:44 P:500000) | 6 of 6, cached: 6 ✔
[19/49a1e4] TES…43 NP:100000 B:256 H:1024) | 38 of 72

executor >  slurm (43)
[2c/08631c] GEN_SOURCE (Src S:44 Shf:5.0)  | 9 of 9, cached: 9 ✔
[18/984a89] TRA… S:44 N:1000000 Batch:256) | 36 of 36, cached: 36 ✔
[c3/3c242f] GEN_TARGET (Tgt S:44 P:500000) | 6 of 6, cached: 6 ✔
[2f/be7aaf] TES…S:44 NP:500000 B:64 H:512) | 38 of 72

executor >  slurm (43)
[2c/08631c] GEN_SOURCE (Src S:44 Shf:5.0)  | 9 of 9, cached: 9 ✔
[18/984a89] TRA… S:44 N:1000000 Batch:256) | 36 of 36, cached: 36 ✔
[c3/3c242f] GEN_TARGET (Tgt S:44 P:500000) | 6 of 6, cached: 6 ✔
[b1/fcd9a2] TES…S:44 NP:100000 B:64 H:512) | 39 of 72

executor >  slurm (43)
[2c/08631c] GEN_SOURCE (Src S:44 Shf:5.0)  | 9 of 9, cached: 9 ✔
[18/984a89] TRA… S:44 N:1000000 Batch:256) | 36 of 36, cached: 36 ✔
[c3/3c242f] GEN_TARGET (Tgt S:44 P:500000) | 6 of 6, cached: 6 ✔
[b1/fcd9a2] TES…S:44 NP:100000 B:64 H:512) | 39 of 72

executor >  slurm (44)
[2c/08631c] GEN_SOURCE (Src S:44 Shf:5.0)  | 9 of 9, cached: 9 ✔
[18/984a89] TRA… S:44 N:1000000 Batch:256) | 36 of 36, cached: 36 ✔
[c3/3c242f] GEN_TARGET (Tgt S:44 P:500000) | 6 of 6, cached: 6 ✔
[a9/d497a3] TES…:44 NP:500000 B:64 H:1024) | 39 of 72

executor >  slurm (44)
[2c/08631c] GEN_SOURCE (Src S:44 Shf:5.0)  | 9 of 9, cached: 9 ✔
[18/984a89] TRA… S:44 N:1000000 Batch:256) | 36 of 36, cached: 36 ✔
[c3/3c242f] GEN_TARGET (Tgt S:44 P:500000) | 6 of 6, cached: 6 ✔
[10/b06405] TES…43 NP:500000 B:256 H:1024) | 40 of 72

executor >  slurm (45)
[2c/08631c] GEN_SOURCE (Src S:44 Shf:5.0)  | 9 of 9, cached: 9 ✔
[18/984a89] TRA… S:44 N:1000000 Batch:256) | 36 of 36, cached: 36 ✔
[c3/3c242f] GEN_TARGET (Tgt S:44 P:500000) | 6 of 6, cached: 6 ✔
[14/1abedf] TES…:44 NP:500000 B:256 H:512) | 40 of 72

executor >  slurm (45)
[2c/08631c] GEN_SOURCE (Src S:44 Shf:5.0)  | 9 of 9, cached: 9 ✔
[18/984a89] TRA… S:44 N:1000000 Batch:256) | 36 of 36, cached: 36 ✔
[c3/3c242f] GEN_TARGET (Tgt S:44 P:500000) | 6 of 6, cached: 6 ✔
[5a/d74073] TES…:44 NP:100000 B:64 H:1024) | 41 of 72

executor >  slurm (46)
[2c/08631c] GEN_SOURCE (Src S:44 Shf:5.0)  | 9 of 9, cached: 9 ✔
[18/984a89] TRA… S:44 N:1000000 Batch:256) | 36 of 36, cached: 36 ✔
[c3/3c242f] GEN_TARGET (Tgt S:44 P:500000) | 6 of 6, cached: 6 ✔
[f6/93d174] TES…:44 NP:100000 B:256 H:512) | 41 of 72

executor >  slurm (46)
[2c/08631c] GEN_SOURCE (Src S:44 Shf:5.0)  | 9 of 9, cached: 9 ✔
[18/984a89] TRA… S:44 N:1000000 Batch:256) | 36 of 36, cached: 36 ✔
[c3/3c242f] GEN_TARGET (Tgt S:44 P:500000) | 6 of 6, cached: 6 ✔
[2f/be7aaf] TES…S:44 NP:500000 B:64 H:512) | 42 of 72

executor >  slurm (46)
[2c/08631c] GEN_SOURCE (Src S:44 Shf:5.0)  | 9 of 9, cached: 9 ✔
[18/984a89] TRA… S:44 N:1000000 Batch:256) | 36 of 36, cached: 36 ✔
[c3/3c242f] GEN_TARGET (Tgt S:44 P:500000) | 6 of 6, cached: 6 ✔
[2f/be7aaf] TES…S:44 NP:500000 B:64 H:512) | 42 of 72

executor >  slurm (47)
[2c/08631c] GEN_SOURCE (Src S:44 Shf:5.0)  | 9 of 9, cached: 9 ✔
[18/984a89] TRA… S:44 N:1000000 Batch:256) | 36 of 36, cached: 36 ✔
[c3/3c242f] GEN_TARGET (Tgt S:44 P:500000) | 6 of 6, cached: 6 ✔
[e7/35a037] TES…44 NP:100000 B:256 H:1024) | 43 of 72

executor >  slurm (48)
[2c/08631c] GEN_SOURCE (Src S:44 Shf:5.0)  | 9 of 9, cached: 9 ✔
[18/984a89] TRA… S:44 N:1000000 Batch:256) | 36 of 36, cached: 36 ✔
[c3/3c242f] GEN_TARGET (Tgt S:44 P:500000) | 6 of 6, cached: 6 ✔
[aa/a6e657] TES…44 NP:500000 B:256 H:1024) | 44 of 72

executor >  slurm (48)
[2c/08631c] GEN_SOURCE (Src S:44 Shf:5.0)  | 9 of 9, cached: 9 ✔
[18/984a89] TRA… S:44 N:1000000 Batch:256) | 36 of 36, cached: 36 ✔
[c3/3c242f] GEN_TARGET (Tgt S:44 P:500000) | 6 of 6, cached: 6 ✔
[aa/a6e657] TES…44 NP:500000 B:256 H:1024) | 44 of 72

executor >  slurm (49)
[2c/08631c] GEN_SOURCE (Src S:44 Shf:5.0)  | 9 of 9, cached: 9 ✔
[18/984a89] TRA… S:44 N:1000000 Batch:256) | 36 of 36, cached: 36 ✔
[c3/3c242f] GEN_TARGET (Tgt S:44 P:500000) | 6 of 6, cached: 6 ✔
[14/1abedf] TES…:44 NP:500000 B:256 H:512) | 45 of 72

executor >  slurm (50)
[2c/08631c] GEN_SOURCE (Src S:44 Shf:5.0)  | 9 of 9, cached: 9 ✔
[18/984a89] TRA… S:44 N:1000000 Batch:256) | 36 of 36, cached: 36 ✔
[c3/3c242f] GEN_TARGET (Tgt S:44 P:500000) | 6 of 6, cached: 6 ✔
[e7/35a037] TES…44 NP:100000 B:256 H:1024) | 46 of 72

executor >  slurm (50)
[2c/08631c] GEN_SOURCE (Src S:44 Shf:5.0)  | 9 of 9, cached: 9 ✔
[18/984a89] TRA… S:44 N:1000000 Batch:256) | 36 of 36, cached: 36 ✔
[c3/3c242f] GEN_TARGET (Tgt S:44 P:500000) | 6 of 6, cached: 6 ✔
[e7/35a037] TES…44 NP:100000 B:256 H:1024) | 46 of 72

executor >  slurm (51)
[2c/08631c] GEN_SOURCE (Src S:44 Shf:5.0)  | 9 of 9, cached: 9 ✔
[18/984a89] TRA… S:44 N:1000000 Batch:256) | 36 of 36, cached: 36 ✔
[c3/3c242f] GEN_TARGET (Tgt S:44 P:500000) | 6 of 6, cached: 6 ✔
[aa/a6e657] TES…44 NP:500000 B:256 H:1024) | 47 of 72

executor >  slurm (52)
[2c/08631c] GEN_SOURCE (Src S:44 Shf:5.0)  | 9 of 9, cached: 9 ✔
[18/984a89] TRA… S:44 N:1000000 Batch:256) | 36 of 36, cached: 36 ✔
[c3/3c242f] GEN_TARGET (Tgt S:44 P:500000) | 6 of 6, cached: 6 ✔
[a1/6f8ce0] TES…:42 NP:500000 B:256 H:512) | 47 of 72

executor >  slurm (52)
[2c/08631c] GEN_SOURCE (Src S:44 Shf:5.0)  | 9 of 9, cached: 9 ✔
[18/984a89] TRA… S:44 N:1000000 Batch:256) | 36 of 36, cached: 36 ✔
[c3/3c242f] GEN_TARGET (Tgt S:44 P:500000) | 6 of 6, cached: 6 ✔
[46/e9eee0] TES…S:42 NP:100000 B:64 H:512) | 48 of 72

executor >  slurm (53)
[2c/08631c] GEN_SOURCE (Src S:44 Shf:5.0)  | 9 of 9, cached: 9 ✔
[18/984a89] TRA… S:44 N:1000000 Batch:256) | 36 of 36, cached: 36 ✔
[c3/3c242f] GEN_TARGET (Tgt S:44 P:500000) | 6 of 6, cached: 6 ✔
[e2/08e4f7] TES…:42 NP:100000 B:64 H:1024) | 48 of 72

executor >  slurm (53)
[2c/08631c] GEN_SOURCE (Src S:44 Shf:5.0)  | 9 of 9, cached: 9 ✔
[18/984a89] TRA… S:44 N:1000000 Batch:256) | 36 of 36, cached: 36 ✔
[c3/3c242f] GEN_TARGET (Tgt S:44 P:500000) | 6 of 6, cached: 6 ✔
[16/d993a3] TES…S:42 NP:500000 B:64 H:512) | 49 of 72

executor >  slurm (54)
[2c/08631c] GEN_SOURCE (Src S:44 Shf:5.0)  | 9 of 9, cached: 9 ✔
[18/984a89] TRA… S:44 N:1000000 Batch:256) | 36 of 36, cached: 36 ✔
[c3/3c242f] GEN_TARGET (Tgt S:44 P:500000) | 6 of 6, cached: 6 ✔
[9b/59a37f] TES…:42 NP:500000 B:64 H:1024) | 49 of 72

executor >  slurm (54)
[2c/08631c] GEN_SOURCE (Src S:44 Shf:5.0)  | 9 of 9, cached: 9 ✔
[18/984a89] TRA… S:44 N:1000000 Batch:256) | 36 of 36, cached: 36 ✔
[c3/3c242f] GEN_TARGET (Tgt S:44 P:500000) | 6 of 6, cached: 6 ✔
[de/5cf897] TES…:42 NP:100000 B:256 H:512) | 50 of 72

executor >  slurm (54)
[2c/08631c] GEN_SOURCE (Src S:44 Shf:5.0)  | 9 of 9, cached: 9 ✔
[18/984a89] TRA… S:44 N:1000000 Batch:256) | 36 of 36, cached: 36 ✔
[c3/3c242f] GEN_TARGET (Tgt S:44 P:500000) | 6 of 6, cached: 6 ✔
[de/5cf897] TES…:42 NP:100000 B:256 H:512) | 50 of 72

executor >  slurm (55)
[2c/08631c] GEN_SOURCE (Src S:44 Shf:5.0)  | 9 of 9, cached: 9 ✔
[18/984a89] TRA… S:44 N:1000000 Batch:256) | 36 of 36, cached: 36 ✔
[c3/3c242f] GEN_TARGET (Tgt S:44 P:500000) | 6 of 6, cached: 6 ✔
[cc/41b73e] TES…S:43 NP:100000 B:64 H:512) | 50 of 72

executor >  slurm (55)
[2c/08631c] GEN_SOURCE (Src S:44 Shf:5.0)  | 9 of 9, cached: 9 ✔
[18/984a89] TRA… S:44 N:1000000 Batch:256) | 36 of 36, cached: 36 ✔
[c3/3c242f] GEN_TARGET (Tgt S:44 P:500000) | 6 of 6, cached: 6 ✔
[e2/08e4f7] TES…:42 NP:100000 B:64 H:1024) | 51 of 72

executor >  slurm (55)
[2c/08631c] GEN_SOURCE (Src S:44 Shf:5.0)  | 9 of 9, cached: 9 ✔
[18/984a89] TRA… S:44 N:1000000 Batch:256) | 36 of 36, cached: 36 ✔
[c3/3c242f] GEN_TARGET (Tgt S:44 P:500000) | 6 of 6, cached: 6 ✔
[e2/08e4f7] TES…:42 NP:100000 B:64 H:1024) | 51 of 72

executor >  slurm (56)
[2c/08631c] GEN_SOURCE (Src S:44 Shf:5.0)  | 9 of 9, cached: 9 ✔
[18/984a89] TRA… S:44 N:1000000 Batch:256) | 36 of 36, cached: 36 ✔
[c3/3c242f] GEN_TARGET (Tgt S:44 P:500000) | 6 of 6, cached: 6 ✔
[ac/a9193b] TES…S:43 NP:500000 B:64 H:512) | 51 of 72

executor >  slurm (56)
[2c/08631c] GEN_SOURCE (Src S:44 Shf:5.0)  | 9 of 9, cached: 9 ✔
[18/984a89] TRA… S:44 N:1000000 Batch:256) | 36 of 36, cached: 36 ✔
[c3/3c242f] GEN_TARGET (Tgt S:44 P:500000) | 6 of 6, cached: 6 ✔
[a1/6f8ce0] TES…:42 NP:500000 B:256 H:512) | 52 of 72

executor >  slurm (57)
[2c/08631c] GEN_SOURCE (Src S:44 Shf:5.0)  | 9 of 9, cached: 9 ✔
[18/984a89] TRA… S:44 N:1000000 Batch:256) | 36 of 36, cached: 36 ✔
[c3/3c242f] GEN_TARGET (Tgt S:44 P:500000) | 6 of 6, cached: 6 ✔
[0b/0d49db] TES…42 NP:100000 B:256 H:1024) | 52 of 72

executor >  slurm (57)
[2c/08631c] GEN_SOURCE (Src S:44 Shf:5.0)  | 9 of 9, cached: 9 ✔
[18/984a89] TRA… S:44 N:1000000 Batch:256) | 36 of 36, cached: 36 ✔
[c3/3c242f] GEN_TARGET (Tgt S:44 P:500000) | 6 of 6, cached: 6 ✔
[cc/41b73e] TES…S:43 NP:100000 B:64 H:512) | 53 of 72

executor >  slurm (58)
[2c/08631c] GEN_SOURCE (Src S:44 Shf:5.0)  | 9 of 9, cached: 9 ✔
[18/984a89] TRA… S:44 N:1000000 Batch:256) | 36 of 36, cached: 36 ✔
[c3/3c242f] GEN_TARGET (Tgt S:44 P:500000) | 6 of 6, cached: 6 ✔
[a8/b95657] TES…:43 NP:100000 B:64 H:1024) | 53 of 72

executor >  slurm (58)
[2c/08631c] GEN_SOURCE (Src S:44 Shf:5.0)  | 9 of 9, cached: 9 ✔
[18/984a89] TRA… S:44 N:1000000 Batch:256) | 36 of 36, cached: 36 ✔
[c3/3c242f] GEN_TARGET (Tgt S:44 P:500000) | 6 of 6, cached: 6 ✔
[9b/59a37f] TES…:42 NP:500000 B:64 H:1024) | 54 of 72

executor >  slurm (59)
[2c/08631c] GEN_SOURCE (Src S:44 Shf:5.0)  | 9 of 9, cached: 9 ✔
[18/984a89] TRA… S:44 N:1000000 Batch:256) | 36 of 36, cached: 36 ✔
[c3/3c242f] GEN_TARGET (Tgt S:44 P:500000) | 6 of 6, cached: 6 ✔
[92/1f75c1] TES…42 NP:500000 B:256 H:1024) | 54 of 72

executor >  slurm (59)
[2c/08631c] GEN_SOURCE (Src S:44 Shf:5.0)  | 9 of 9, cached: 9 ✔
[18/984a89] TRA… S:44 N:1000000 Batch:256) | 36 of 36, cached: 36 ✔
[c3/3c242f] GEN_TARGET (Tgt S:44 P:500000) | 6 of 6, cached: 6 ✔
[0b/0d49db] TES…42 NP:100000 B:256 H:1024) | 55 of 72

executor >  slurm (60)
[2c/08631c] GEN_SOURCE (Src S:44 Shf:5.0)  | 9 of 9, cached: 9 ✔
[18/984a89] TRA… S:44 N:1000000 Batch:256) | 36 of 36, cached: 36 ✔
[c3/3c242f] GEN_TARGET (Tgt S:44 P:500000) | 6 of 6, cached: 6 ✔
[e0/169a34] TES…:43 NP:500000 B:64 H:1024) | 55 of 72

executor >  slurm (60)
[2c/08631c] GEN_SOURCE (Src S:44 Shf:5.0)  | 9 of 9, cached: 9 ✔
[18/984a89] TRA… S:44 N:1000000 Batch:256) | 36 of 36, cached: 36 ✔
[c3/3c242f] GEN_TARGET (Tgt S:44 P:500000) | 6 of 6, cached: 6 ✔
[ac/a9193b] TES…S:43 NP:500000 B:64 H:512) | 56 of 72

executor >  slurm (61)
[2c/08631c] GEN_SOURCE (Src S:44 Shf:5.0)  | 9 of 9, cached: 9 ✔
[18/984a89] TRA… S:44 N:1000000 Batch:256) | 36 of 36, cached: 36 ✔
[c3/3c242f] GEN_TARGET (Tgt S:44 P:500000) | 6 of 6, cached: 6 ✔
[5c/84ed8c] TES…:43 NP:100000 B:256 H:512) | 56 of 72

executor >  slurm (61)
[2c/08631c] GEN_SOURCE (Src S:44 Shf:5.0)  | 9 of 9, cached: 9 ✔
[18/984a89] TRA… S:44 N:1000000 Batch:256) | 36 of 36, cached: 36 ✔
[c3/3c242f] GEN_TARGET (Tgt S:44 P:500000) | 6 of 6, cached: 6 ✔
[a8/b95657] TES…:43 NP:100000 B:64 H:1024) | 57 of 72

executor >  slurm (61)
[2c/08631c] GEN_SOURCE (Src S:44 Shf:5.0)  | 9 of 9, cached: 9 ✔
[18/984a89] TRA… S:44 N:1000000 Batch:256) | 36 of 36, cached: 36 ✔
[c3/3c242f] GEN_TARGET (Tgt S:44 P:500000) | 6 of 6, cached: 6 ✔
[a8/b95657] TES…:43 NP:100000 B:64 H:1024) | 57 of 72

executor >  slurm (62)
[2c/08631c] GEN_SOURCE (Src S:44 Shf:5.0)  | 9 of 9, cached: 9 ✔
[18/984a89] TRA… S:44 N:1000000 Batch:256) | 36 of 36, cached: 36 ✔
[c3/3c242f] GEN_TARGET (Tgt S:44 P:500000) | 6 of 6, cached: 6 ✔
[3a/72556f] TES…:43 NP:500000 B:256 H:512) | 57 of 72

executor >  slurm (62)
[2c/08631c] GEN_SOURCE (Src S:44 Shf:5.0)  | 9 of 9, cached: 9 ✔
[18/984a89] TRA… S:44 N:1000000 Batch:256) | 36 of 36, cached: 36 ✔
[c3/3c242f] GEN_TARGET (Tgt S:44 P:500000) | 6 of 6, cached: 6 ✔
[92/1f75c1] TES…42 NP:500000 B:256 H:1024) | 58 of 72

executor >  slurm (63)
[2c/08631c] GEN_SOURCE (Src S:44 Shf:5.0)  | 9 of 9, cached: 9 ✔
[18/984a89] TRA… S:44 N:1000000 Batch:256) | 36 of 36, cached: 36 ✔
[c3/3c242f] GEN_TARGET (Tgt S:44 P:500000) | 6 of 6, cached: 6 ✔
[b1/c81b19] TES…43 NP:100000 B:256 H:1024) | 58 of 72

executor >  slurm (63)
[2c/08631c] GEN_SOURCE (Src S:44 Shf:5.0)  | 9 of 9, cached: 9 ✔
[18/984a89] TRA… S:44 N:1000000 Batch:256) | 36 of 36, cached: 36 ✔
[c3/3c242f] GEN_TARGET (Tgt S:44 P:500000) | 6 of 6, cached: 6 ✔
[e0/169a34] TES…:43 NP:500000 B:64 H:1024) | 59 of 72

executor >  slurm (63)
[2c/08631c] GEN_SOURCE (Src S:44 Shf:5.0)  | 9 of 9, cached: 9 ✔
[18/984a89] TRA… S:44 N:1000000 Batch:256) | 36 of 36, cached: 36 ✔
[c3/3c242f] GEN_TARGET (Tgt S:44 P:500000) | 6 of 6, cached: 6 ✔
[e0/169a34] TES…:43 NP:500000 B:64 H:1024) | 59 of 72

executor >  slurm (64)
[2c/08631c] GEN_SOURCE (Src S:44 Shf:5.0)  | 9 of 9, cached: 9 ✔
[18/984a89] TRA… S:44 N:1000000 Batch:256) | 36 of 36, cached: 36 ✔
[c3/3c242f] GEN_TARGET (Tgt S:44 P:500000) | 6 of 6, cached: 6 ✔
[32/f4f143] TES…43 NP:500000 B:256 H:1024) | 59 of 72

executor >  slurm (64)
[2c/08631c] GEN_SOURCE (Src S:44 Shf:5.0)  | 9 of 9, cached: 9 ✔
[18/984a89] TRA… S:44 N:1000000 Batch:256) | 36 of 36, cached: 36 ✔
[c3/3c242f] GEN_TARGET (Tgt S:44 P:500000) | 6 of 6, cached: 6 ✔
[5c/84ed8c] TES…:43 NP:100000 B:256 H:512) | 60 of 72

executor >  slurm (64)
[2c/08631c] GEN_SOURCE (Src S:44 Shf:5.0)  | 9 of 9, cached: 9 ✔
[18/984a89] TRA… S:44 N:1000000 Batch:256) | 36 of 36, cached: 36 ✔
[c3/3c242f] GEN_TARGET (Tgt S:44 P:500000) | 6 of 6, cached: 6 ✔
[5c/84ed8c] TES…:43 NP:100000 B:256 H:512) | 60 of 72

executor >  slurm (65)
[2c/08631c] GEN_SOURCE (Src S:44 Shf:5.0)  | 9 of 9, cached: 9 ✔
[18/984a89] TRA… S:44 N:1000000 Batch:256) | 36 of 36, cached: 36 ✔
[c3/3c242f] GEN_TARGET (Tgt S:44 P:500000) | 6 of 6, cached: 6 ✔
[68/7bfff6] TES…S:44 NP:100000 B:64 H:512) | 61 of 72

executor >  slurm (66)
[2c/08631c] GEN_SOURCE (Src S:44 Shf:5.0)  | 9 of 9, cached: 9 ✔
[18/984a89] TRA… S:44 N:1000000 Batch:256) | 36 of 36, cached: 36 ✔
[c3/3c242f] GEN_TARGET (Tgt S:44 P:500000) | 6 of 6, cached: 6 ✔
[3a/72556f] TES…:43 NP:500000 B:256 H:512) | 62 of 72

executor >  slurm (68)
[2c/08631c] GEN_SOURCE (Src S:44 Shf:5.0)  | 9 of 9, cached: 9 ✔
[18/984a89] TRA… S:44 N:1000000 Batch:256) | 36 of 36, cached: 36 ✔
[c3/3c242f] GEN_TARGET (Tgt S:44 P:500000) | 6 of 6, cached: 6 ✔
[76/8310b6] TES…:44 NP:500000 B:64 H:1024) | 64 of 72

executor >  slurm (68)
[2c/08631c] GEN_SOURCE (Src S:44 Shf:5.0)  | 9 of 9, cached: 9 ✔
[18/984a89] TRA… S:44 N:1000000 Batch:256) | 36 of 36, cached: 36 ✔
[c3/3c242f] GEN_TARGET (Tgt S:44 P:500000) | 6 of 6, cached: 6 ✔
[76/8310b6] TES…:44 NP:500000 B:64 H:1024) | 64 of 72

executor >  slurm (69)
[2c/08631c] GEN_SOURCE (Src S:44 Shf:5.0)  | 9 of 9, cached: 9 ✔
[18/984a89] TRA… S:44 N:1000000 Batch:256) | 36 of 36, cached: 36 ✔
[c3/3c242f] GEN_TARGET (Tgt S:44 P:500000) | 6 of 6, cached: 6 ✔
[31/789522] TES…:44 NP:100000 B:256 H:512) | 65 of 72

executor >  slurm (69)
[2c/08631c] GEN_SOURCE (Src S:44 Shf:5.0)  | 9 of 9, cached: 9 ✔
[18/984a89] TRA… S:44 N:1000000 Batch:256) | 36 of 36, cached: 36 ✔
[c3/3c242f] GEN_TARGET (Tgt S:44 P:500000) | 6 of 6, cached: 6 ✔
[31/789522] TES…:44 NP:100000 B:256 H:512) | 65 of 72

executor >  slurm (70)
[2c/08631c] GEN_SOURCE (Src S:44 Shf:5.0)  | 9 of 9, cached: 9 ✔
[18/984a89] TRA… S:44 N:1000000 Batch:256) | 36 of 36, cached: 36 ✔
[c3/3c242f] GEN_TARGET (Tgt S:44 P:500000) | 6 of 6, cached: 6 ✔
[9a/1ff45e] TES…S:44 NP:500000 B:64 H:512) | 66 of 72

executor >  slurm (70)
[2c/08631c] GEN_SOURCE (Src S:44 Shf:5.0)  | 9 of 9, cached: 9 ✔
[18/984a89] TRA… S:44 N:1000000 Batch:256) | 36 of 36, cached: 36 ✔
[c3/3c242f] GEN_TARGET (Tgt S:44 P:500000) | 6 of 6, cached: 6 ✔
[9a/1ff45e] TES…S:44 NP:500000 B:64 H:512) | 66 of 72

executor >  slurm (71)
[2c/08631c] GEN_SOURCE (Src S:44 Shf:5.0)  | 9 of 9, cached: 9 ✔
[18/984a89] TRA… S:44 N:1000000 Batch:256) | 36 of 36, cached: 36 ✔
[c3/3c242f] GEN_TARGET (Tgt S:44 P:500000) | 6 of 6, cached: 6 ✔
[10/a6a46e] TES…44 NP:100000 B:256 H:1024) | 66 of 72

executor >  slurm (71)
[2c/08631c] GEN_SOURCE (Src S:44 Shf:5.0)  | 9 of 9, cached: 9 ✔
[18/984a89] TRA… S:44 N:1000000 Batch:256) | 36 of 36, cached: 36 ✔
[c3/3c242f] GEN_TARGET (Tgt S:44 P:500000) | 6 of 6, cached: 6 ✔
[76/8310b6] TES…:44 NP:500000 B:64 H:1024) | 67 of 72

executor >  slurm (72)
[2c/08631c] GEN_SOURCE (Src S:44 Shf:5.0)  | 9 of 9, cached: 9 ✔
[18/984a89] TRA… S:44 N:1000000 Batch:256) | 36 of 36, cached: 36 ✔
[c3/3c242f] GEN_TARGET (Tgt S:44 P:500000) | 6 of 6, cached: 6 ✔
[6a/7751c5] TES…44 NP:500000 B:256 H:1024) | 68 of 72

executor >  slurm (72)
[2c/08631c] GEN_SOURCE (Src S:44 Shf:5.0)  | 9 of 9, cached: 9 ✔
[18/984a89] TRA… S:44 N:1000000 Batch:256) | 36 of 36, cached: 36 ✔
[c3/3c242f] GEN_TARGET (Tgt S:44 P:500000) | 6 of 6, cached: 6 ✔
[6a/7751c5] TES…44 NP:500000 B:256 H:1024) | 68 of 72

executor >  slurm (72)
[2c/08631c] GEN_SOURCE (Src S:44 Shf:5.0)  | 9 of 9, cached: 9 ✔
[18/984a89] TRA… S:44 N:1000000 Batch:256) | 36 of 36, cached: 36 ✔
[c3/3c242f] GEN_TARGET (Tgt S:44 P:500000) | 6 of 6, cached: 6 ✔
[10/a6a46e] TES…44 NP:100000 B:256 H:1024) | 69 of 72

executor >  slurm (72)
[2c/08631c] GEN_SOURCE (Src S:44 Shf:5.0)  | 9 of 9, cached: 9 ✔
[18/984a89] TRA… S:44 N:1000000 Batch:256) | 36 of 36, cached: 36 ✔
[c3/3c242f] GEN_TARGET (Tgt S:44 P:500000) | 6 of 6, cached: 6 ✔
[e9/75dd51] TES…:44 NP:500000 B:256 H:512) | 70 of 72

executor >  slurm (72)
[2c/08631c] GEN_SOURCE (Src S:44 Shf:5.0)  | 9 of 9, cached: 9 ✔
[18/984a89] TRA… S:44 N:1000000 Batch:256) | 36 of 36, cached: 36 ✔
[c3/3c242f] GEN_TARGET (Tgt S:44 P:500000) | 6 of 6, cached: 6 ✔
[6a/7751c5] TES…44 NP:500000 B:256 H:1024) | 71 of 72

executor >  slurm (72)
[2c/08631c] GEN_SOURCE (Src S:44 Shf:5.0)  | 9 of 9, cached: 9 ✔
[18/984a89] TRA… S:44 N:1000000 Batch:256) | 36 of 36, cached: 36 ✔
[c3/3c242f] GEN_TARGET (Tgt S:44 P:500000) | 6 of 6, cached: 6 ✔
[17/04467f] TES…:43 NP:100000 B:64 H:1024) | 72 of 72 ✔

executor >  slurm (72)
[2c/08631c] GEN_SOURCE (Src S:44 Shf:5.0)  | 9 of 9, cached: 9 ✔
[18/984a89] TRA… S:44 N:1000000 Batch:256) | 36 of 36, cached: 36 ✔
[c3/3c242f] GEN_TARGET (Tgt S:44 P:500000) | 6 of 6, cached: 6 ✔
[17/04467f] TES…:43 NP:100000 B:64 H:1024) | 72 of 72 ✔
Completed at: 18-Mar-2026 20:43:13
Duration    : 5h 4m 58s
CPU hours   : 76.5 (43.8% cached)
Succeeded   : 72
Cached      : 51


