[33mNextflow 25.10.4 is available - Please consider updating your version to it[0m

 N E X T F L O W   ~  version 25.10.3

Launching `main.nf` [curious_hoover] DSL2 - revision: 4143498357

[-        ] GEN_SOURCE      -
[-        ] TRAIN_SOURCE    -
[-        ] GEN_TARGET      -
[-        ] TEST_ADAPTATION -

[2d/a362b3] GEN_SOURCE (Src S:42 Shf:1.0)  | 2 of 2, cached: 2
[-        ] TRAIN_SOURCE                   -
[88/dd8c81] GEN_TARGET (Tgt S:43 P:100000) | 2 of 2, cached: 2
[-        ] TEST_ADAPTATION                -

[e3/ddc80c] GEN_SOURCE (Src S:44 Shf:1.0)  | 3 of 3, cached: 3
[-        ] TRAIN_SOURCE                   -
[88/dd8c81] GEN_TARGET (Tgt S:43 P:100000) | 2 of 2, cached: 2
[-        ] TEST_ADAPTATION                -

[14/9b347c] GEN_SOURCE (Src S:42 Shf:2.0)  | 4 of 4, cached: 4
[-        ] TRAIN_SOURCE                   -
[af/bcd38c] GEN_TARGET (Tgt S:42 P:500000) | 4 of 4, cached: 4
[-        ] TEST_ADAPTATION                -

[2c/08631c] GEN_SOURCE (Src S:44 Shf:5.0)  | 9 of 9, cached: 9 ✔
[-        ] TRAIN_SOURCE                   -
[c3/3c242f] GEN_TARGET (Tgt S:44 P:500000) | 6 of 6, cached: 6 ✔
[-        ] TEST_ADAPTATION                -

[2c/08631c] GEN_SOURCE (Src S:44 Shf:5.0)  | 9 of 9, cached: 9 ✔
[2a/e07e4a] TRA… S:43 N:1000000 Batch:256) | 4 of 4, cached: 4
[c3/3c242f] GEN_TARGET (Tgt S:44 P:500000) | 6 of 6, cached: 6 ✔
[-        ] TEST_ADAPTATION                -

[2c/08631c] GEN_SOURCE (Src S:44 Shf:5.0)  | 9 of 9, cached: 9 ✔
[1c/206851] TRA…n S:44 N:1000000 Batch:64) | 10 of 10, cached: 10
[c3/3c242f] GEN_TARGET (Tgt S:44 P:500000) | 6 of 6, cached: 6 ✔
[-        ] TEST_ADAPTATION                | 0 of 5

[2c/08631c] GEN_SOURCE (Src S:44 Shf:5.0)  | 9 of 9, cached: 9 ✔
[3e/ba7951] TRA…n S:42 N:1000000 Batch:64) | 13 of 13, cached: 13
[c3/3c242f] GEN_TARGET (Tgt S:44 P:500000) | 6 of 6, cached: 6 ✔
[-        ] TEST_ADAPTATION                | 0 of 7

[2c/08631c] GEN_SOURCE (Src S:44 Shf:5.0)  | 9 of 9, cached: 9 ✔
[3e/ba7951] TRA…n S:42 N:1000000 Batch:64) | 13 of 13, cached: 13
[c3/3c242f] GEN_TARGET (Tgt S:44 P:500000) | 6 of 6, cached: 6 ✔
[-        ] TEST_ADAPTATION                | 0 of 9

executor >  slurm (1)
[2c/08631c] GEN_SOURCE (Src S:44 Shf:5.0)  | 9 of 9, cached: 9 ✔
[70/a4f8af] TRA… S:42 N:1000000 Batch:256) | 17 of 17, cached: 17
[c3/3c242f] GEN_TARGET (Tgt S:44 P:500000) | 6 of 6, cached: 6 ✔
[d5/bc5b57] TES…S:43 NP:500000 B:64 H:512) | 0 of 14

executor >  slurm (1)
[2c/08631c] GEN_SOURCE (Src S:44 Shf:5.0)  | 9 of 9, cached: 9 ✔
[71/f06692] TRA… S:42 N:1000000 Batch:256) | 24 of 24, cached: 24
[c3/3c242f] GEN_TARGET (Tgt S:44 P:500000) | 6 of 6, cached: 6 ✔
[d5/bc5b57] TES…S:43 NP:500000 B:64 H:512) | 0 of 21

executor >  slurm (2)
[2c/08631c] GEN_SOURCE (Src S:44 Shf:5.0)  | 9 of 9, cached: 9 ✔
[b1/818a74] TRA…n S:44 N:1000000 Batch:64) | 30 of 30, cached: 30
[c3/3c242f] GEN_TARGET (Tgt S:44 P:500000) | 6 of 6, cached: 6 ✔
[f5/5fb086] TES…S:43 NP:100000 B:64 H:512) | 0 of 30

executor >  slurm (3)
[2c/08631c] GEN_SOURCE (Src S:44 Shf:5.0)  | 9 of 9, cached: 9 ✔
[18/984a89] TRA… S:44 N:1000000 Batch:256) | 36 of 36, cached: 36 ✔
[c3/3c242f] GEN_TARGET (Tgt S:44 P:500000) | 6 of 6, cached: 6 ✔
[14/d82f9e] TES…:43 NP:500000 B:64 H:1024) | 0 of 34

executor >  slurm (4)
[2c/08631c] GEN_SOURCE (Src S:44 Shf:5.0)  | 9 of 9, cached: 9 ✔
[18/984a89] TRA… S:44 N:1000000 Batch:256) | 36 of 36, cached: 36 ✔
[c3/3c242f] GEN_TARGET (Tgt S:44 P:500000) | 6 of 6, cached: 6 ✔
[5d/6bc68b] TES…:43 NP:100000 B:64 H:1024) | 0 of 51

executor >  slurm (4)
[2c/08631c] GEN_SOURCE (Src S:44 Shf:5.0)  | 9 of 9, cached: 9 ✔
[18/984a89] TRA… S:44 N:1000000 Batch:256) | 36 of 36, cached: 36 ✔
[c3/3c242f] GEN_TARGET (Tgt S:44 P:500000) | 6 of 6, cached: 6 ✔
[5d/6bc68b] TES…:43 NP:100000 B:64 H:1024) | 0 of 71

executor >  slurm (4)
[2c/08631c] GEN_SOURCE (Src S:44 Shf:5.0)  | 9 of 9, cached: 9 ✔
[18/984a89] TRA… S:44 N:1000000 Batch:256) | 36 of 36, cached: 36 ✔
[c3/3c242f] GEN_TARGET (Tgt S:44 P:500000) | 6 of 6, cached: 6 ✔
[5d/6bc68b] TES…:43 NP:100000 B:64 H:1024) | 0 of 72

executor >  slurm (4)
[2c/08631c] GEN_SOURCE (Src S:44 Shf:5.0)  | 9 of 9, cached: 9 ✔
[18/984a89] TRA… S:44 N:1000000 Batch:256) | 36 of 36, cached: 36 ✔
[c3/3c242f] GEN_TARGET (Tgt S:44 P:500000) | 6 of 6, cached: 6 ✔
[5d/6bc68b] TES…:43 NP:100000 B:64 H:1024) | 0 of 72

executor >  slurm (5)
[2c/08631c] GEN_SOURCE (Src S:44 Shf:5.0)  | 9 of 9, cached: 9 ✔
[18/984a89] TRA… S:44 N:1000000 Batch:256) | 36 of 36, cached: 36 ✔
[c3/3c242f] GEN_TARGET (Tgt S:44 P:500000) | 6 of 6, cached: 6 ✔
[d1/18f804] TES…:43 NP:100000 B:256 H:512) | 1 of 72

executor >  slurm (6)
[2c/08631c] GEN_SOURCE (Src S:44 Shf:5.0)  | 9 of 9, cached: 9 ✔
[18/984a89] TRA… S:44 N:1000000 Batch:256) | 36 of 36, cached: 36 ✔
[c3/3c242f] GEN_TARGET (Tgt S:44 P:500000) | 6 of 6, cached: 6 ✔
[f5/5fb086] TES…S:43 NP:100000 B:64 H:512) | 2 of 72

executor >  slurm (7)
[2c/08631c] GEN_SOURCE (Src S:44 Shf:5.0)  | 9 of 9, cached: 9 ✔
[18/984a89] TRA… S:44 N:1000000 Batch:256) | 36 of 36, cached: 36 ✔
[c3/3c242f] GEN_TARGET (Tgt S:44 P:500000) | 6 of 6, cached: 6 ✔
[14/d82f9e] TES…:43 NP:500000 B:64 H:1024) | 3 of 72

executor >  slurm (7)
[2c/08631c] GEN_SOURCE (Src S:44 Shf:5.0)  | 9 of 9, cached: 9 ✔
[18/984a89] TRA… S:44 N:1000000 Batch:256) | 36 of 36, cached: 36 ✔
[c3/3c242f] GEN_TARGET (Tgt S:44 P:500000) | 6 of 6, cached: 6 ✔
[14/d82f9e] TES…:43 NP:500000 B:64 H:1024) | 3 of 72

executor >  slurm (8)
[2c/08631c] GEN_SOURCE (Src S:44 Shf:5.0)  | 9 of 9, cached: 9 ✔
[18/984a89] TRA… S:44 N:1000000 Batch:256) | 36 of 36, cached: 36 ✔
[c3/3c242f] GEN_TARGET (Tgt S:44 P:500000) | 6 of 6, cached: 6 ✔
[1f/e5bdb7] TES…43 NP:500000 B:256 H:1024) | 3 of 72

executor >  slurm (8)
[2c/08631c] GEN_SOURCE (Src S:44 Shf:5.0)  | 9 of 9, cached: 9 ✔
[18/984a89] TRA… S:44 N:1000000 Batch:256) | 36 of 36, cached: 36 ✔
[c3/3c242f] GEN_TARGET (Tgt S:44 P:500000) | 6 of 6, cached: 6 ✔
[5d/6bc68b] TES…:43 NP:100000 B:64 H:1024) | 4 of 72

executor >  slurm (8)
[2c/08631c] GEN_SOURCE (Src S:44 Shf:5.0)  | 9 of 9, cached: 9 ✔
[18/984a89] TRA… S:44 N:1000000 Batch:256) | 36 of 36, cached: 36 ✔
[c3/3c242f] GEN_TARGET (Tgt S:44 P:500000) | 6 of 6, cached: 6 ✔
[5d/6bc68b] TES…:43 NP:100000 B:64 H:1024) | 4 of 72

executor >  slurm (9)
[2c/08631c] GEN_SOURCE (Src S:44 Shf:5.0)  | 9 of 9, cached: 9 ✔
[18/984a89] TRA… S:44 N:1000000 Batch:256) | 36 of 36, cached: 36 ✔
[c3/3c242f] GEN_TARGET (Tgt S:44 P:500000) | 6 of 6, cached: 6 ✔
[fb/37d93a] TES…S:42 NP:100000 B:64 H:512) | 4 of 72

executor >  slurm (9)
[2c/08631c] GEN_SOURCE (Src S:44 Shf:5.0)  | 9 of 9, cached: 9 ✔
[18/984a89] TRA… S:44 N:1000000 Batch:256) | 36 of 36, cached: 36 ✔
[c3/3c242f] GEN_TARGET (Tgt S:44 P:500000) | 6 of 6, cached: 6 ✔
[d1/18f804] TES…:43 NP:100000 B:256 H:512) | 5 of 72

executor >  slurm (9)
[2c/08631c] GEN_SOURCE (Src S:44 Shf:5.0)  | 9 of 9, cached: 9 ✔
[18/984a89] TRA… S:44 N:1000000 Batch:256) | 36 of 36, cached: 36 ✔
[c3/3c242f] GEN_TARGET (Tgt S:44 P:500000) | 6 of 6, cached: 6 ✔
[d1/18f804] TES…:43 NP:100000 B:256 H:512) | 5 of 72

executor >  slurm (10)
[2c/08631c] GEN_SOURCE (Src S:44 Shf:5.0)  | 9 of 9, cached: 9 ✔
[18/984a89] TRA… S:44 N:1000000 Batch:256) | 36 of 36, cached: 36 ✔
[c3/3c242f] GEN_TARGET (Tgt S:44 P:500000) | 6 of 6, cached: 6 ✔
[50/8dfb8d] TES…:42 NP:100000 B:64 H:1024) | 5 of 72

executor >  slurm (10)
[2c/08631c] GEN_SOURCE (Src S:44 Shf:5.0)  | 9 of 9, cached: 9 ✔
[18/984a89] TRA… S:44 N:1000000 Batch:256) | 36 of 36, cached: 36 ✔
[c3/3c242f] GEN_TARGET (Tgt S:44 P:500000) | 6 of 6, cached: 6 ✔
[0e/944d4b] TES…:43 NP:500000 B:256 H:512) | 6 of 72

executor >  slurm (10)
[2c/08631c] GEN_SOURCE (Src S:44 Shf:5.0)  | 9 of 9, cached: 9 ✔
[18/984a89] TRA… S:44 N:1000000 Batch:256) | 36 of 36, cached: 36 ✔
[c3/3c242f] GEN_TARGET (Tgt S:44 P:500000) | 6 of 6, cached: 6 ✔
[0e/944d4b] TES…:43 NP:500000 B:256 H:512) | 6 of 72

executor >  slurm (11)
[2c/08631c] GEN_SOURCE (Src S:44 Shf:5.0)  | 9 of 9, cached: 9 ✔
[18/984a89] TRA… S:44 N:1000000 Batch:256) | 36 of 36, cached: 36 ✔
[c3/3c242f] GEN_TARGET (Tgt S:44 P:500000) | 6 of 6, cached: 6 ✔
[df/fd3bba] TES…43 NP:100000 B:256 H:1024) | 7 of 72

executor >  slurm (11)
[2c/08631c] GEN_SOURCE (Src S:44 Shf:5.0)  | 9 of 9, cached: 9 ✔
[18/984a89] TRA… S:44 N:1000000 Batch:256) | 36 of 36, cached: 36 ✔
[c3/3c242f] GEN_TARGET (Tgt S:44 P:500000) | 6 of 6, cached: 6 ✔
[df/fd3bba] TES…43 NP:100000 B:256 H:1024) | 7 of 72

executor >  slurm (12)
[2c/08631c] GEN_SOURCE (Src S:44 Shf:5.0)  | 9 of 9, cached: 9 ✔
[18/984a89] TRA… S:44 N:1000000 Batch:256) | 36 of 36, cached: 36 ✔
[c3/3c242f] GEN_TARGET (Tgt S:44 P:500000) | 6 of 6, cached: 6 ✔
[bb/5c1558] TES…:42 NP:500000 B:64 H:1024) | 7 of 72

executor >  slurm (12)
[2c/08631c] GEN_SOURCE (Src S:44 Shf:5.0)  | 9 of 9, cached: 9 ✔
[18/984a89] TRA… S:44 N:1000000 Batch:256) | 36 of 36, cached: 36 ✔
[c3/3c242f] GEN_TARGET (Tgt S:44 P:500000) | 6 of 6, cached: 6 ✔
[1f/e5bdb7] TES…43 NP:500000 B:256 H:1024) | 8 of 72

executor >  slurm (13)
[2c/08631c] GEN_SOURCE (Src S:44 Shf:5.0)  | 9 of 9, cached: 9 ✔
[18/984a89] TRA… S:44 N:1000000 Batch:256) | 36 of 36, cached: 36 ✔
[c3/3c242f] GEN_TARGET (Tgt S:44 P:500000) | 6 of 6, cached: 6 ✔
[fb/37d93a] TES…S:42 NP:100000 B:64 H:512) | 9 of 72

executor >  slurm (13)
[2c/08631c] GEN_SOURCE (Src S:44 Shf:5.0)  | 9 of 9, cached: 9 ✔
[18/984a89] TRA… S:44 N:1000000 Batch:256) | 36 of 36, cached: 36 ✔
[c3/3c242f] GEN_TARGET (Tgt S:44 P:500000) | 6 of 6, cached: 6 ✔
[fb/37d93a] TES…S:42 NP:100000 B:64 H:512) | 9 of 72

executor >  slurm (14)
[2c/08631c] GEN_SOURCE (Src S:44 Shf:5.0)  | 9 of 9, cached: 9 ✔
[18/984a89] TRA… S:44 N:1000000 Batch:256) | 36 of 36, cached: 36 ✔
[c3/3c242f] GEN_TARGET (Tgt S:44 P:500000) | 6 of 6, cached: 6 ✔
[eb/5d539a] TES…42 NP:100000 B:256 H:1024) | 10 of 72

executor >  slurm (14)
[2c/08631c] GEN_SOURCE (Src S:44 Shf:5.0)  | 9 of 9, cached: 9 ✔
[18/984a89] TRA… S:44 N:1000000 Batch:256) | 36 of 36, cached: 36 ✔
[c3/3c242f] GEN_TARGET (Tgt S:44 P:500000) | 6 of 6, cached: 6 ✔
[eb/5d539a] TES…42 NP:100000 B:256 H:1024) | 10 of 72

executor >  slurm (15)
[2c/08631c] GEN_SOURCE (Src S:44 Shf:5.0)  | 9 of 9, cached: 9 ✔
[18/984a89] TRA… S:44 N:1000000 Batch:256) | 36 of 36, cached: 36 ✔
[c3/3c242f] GEN_TARGET (Tgt S:44 P:500000) | 6 of 6, cached: 6 ✔
[46/012f4a] TES…:42 NP:500000 B:256 H:512) | 10 of 72

executor >  slurm (15)
[2c/08631c] GEN_SOURCE (Src S:44 Shf:5.0)  | 9 of 9, cached: 9 ✔
[18/984a89] TRA… S:44 N:1000000 Batch:256) | 36 of 36, cached: 36 ✔
[c3/3c242f] GEN_TARGET (Tgt S:44 P:500000) | 6 of 6, cached: 6 ✔
[5f/a031b4] TES…S:42 NP:500000 B:64 H:512) | 11 of 72

executor >  slurm (15)
[2c/08631c] GEN_SOURCE (Src S:44 Shf:5.0)  | 9 of 9, cached: 9 ✔
[18/984a89] TRA… S:44 N:1000000 Batch:256) | 36 of 36, cached: 36 ✔
[c3/3c242f] GEN_TARGET (Tgt S:44 P:500000) | 6 of 6, cached: 6 ✔
[5f/a031b4] TES…S:42 NP:500000 B:64 H:512) | 11 of 72

executor >  slurm (16)
[2c/08631c] GEN_SOURCE (Src S:44 Shf:5.0)  | 9 of 9, cached: 9 ✔
[18/984a89] TRA… S:44 N:1000000 Batch:256) | 36 of 36, cached: 36 ✔
[c3/3c242f] GEN_TARGET (Tgt S:44 P:500000) | 6 of 6, cached: 6 ✔
[9a/80e939] TES…S:44 NP:100000 B:64 H:512) | 11 of 72

executor >  slurm (16)
[2c/08631c] GEN_SOURCE (Src S:44 Shf:5.0)  | 9 of 9, cached: 9 ✔
[18/984a89] TRA… S:44 N:1000000 Batch:256) | 36 of 36, cached: 36 ✔
[c3/3c242f] GEN_TARGET (Tgt S:44 P:500000) | 6 of 6, cached: 6 ✔
[bb/5c1558] TES…:42 NP:500000 B:64 H:1024) | 12 of 72

executor >  slurm (16)
[2c/08631c] GEN_SOURCE (Src S:44 Shf:5.0)  | 9 of 9, cached: 9 ✔
[18/984a89] TRA… S:44 N:1000000 Batch:256) | 36 of 36, cached: 36 ✔
[c3/3c242f] GEN_TARGET (Tgt S:44 P:500000) | 6 of 6, cached: 6 ✔
[bb/5c1558] TES…:42 NP:500000 B:64 H:1024) | 12 of 72

executor >  slurm (16)
[2c/08631c] GEN_SOURCE (Src S:44 Shf:5.0)  | 9 of 9, cached: 9 ✔
[18/984a89] TRA… S:44 N:1000000 Batch:256) | 36 of 36, cached: 36 ✔
[c3/3c242f] GEN_TARGET (Tgt S:44 P:500000) | 6 of 6, cached: 6 ✔
[bb/5c1558] TES…:42 NP:500000 B:64 H:1024) | 12 of 72

executor >  slurm (17)
[2c/08631c] GEN_SOURCE (Src S:44 Shf:5.0)  | 9 of 9, cached: 9 ✔
[18/984a89] TRA… S:44 N:1000000 Batch:256) | 36 of 36, cached: 36 ✔
[c3/3c242f] GEN_TARGET (Tgt S:44 P:500000) | 6 of 6, cached: 6 ✔
[7e/5ee7f1] TES…:42 NP:100000 B:256 H:512) | 12 of 72

executor >  slurm (17)
[2c/08631c] GEN_SOURCE (Src S:44 Shf:5.0)  | 9 of 9, cached: 9 ✔
[18/984a89] TRA… S:44 N:1000000 Batch:256) | 36 of 36, cached: 36 ✔
[c3/3c242f] GEN_TARGET (Tgt S:44 P:500000) | 6 of 6, cached: 6 ✔
[eb/5d539a] TES…42 NP:100000 B:256 H:1024) | 13 of 72

executor >  slurm (17)
[2c/08631c] GEN_SOURCE (Src S:44 Shf:5.0)  | 9 of 9, cached: 9 ✔
[18/984a89] TRA… S:44 N:1000000 Batch:256) | 36 of 36, cached: 36 ✔
[c3/3c242f] GEN_TARGET (Tgt S:44 P:500000) | 6 of 6, cached: 6 ✔
[eb/5d539a] TES…42 NP:100000 B:256 H:1024) | 13 of 72

executor >  slurm (17)
[2c/08631c] GEN_SOURCE (Src S:44 Shf:5.0)  | 9 of 9, cached: 9 ✔
[18/984a89] TRA… S:44 N:1000000 Batch:256) | 36 of 36, cached: 36 ✔
[c3/3c242f] GEN_TARGET (Tgt S:44 P:500000) | 6 of 6, cached: 6 ✔
[46/012f4a] TES…:42 NP:500000 B:256 H:512) | 14 of 72

executor >  slurm (18)
[2c/08631c] GEN_SOURCE (Src S:44 Shf:5.0)  | 9 of 9, cached: 9 ✔
[18/984a89] TRA… S:44 N:1000000 Batch:256) | 36 of 36, cached: 36 ✔
[c3/3c242f] GEN_TARGET (Tgt S:44 P:500000) | 6 of 6, cached: 6 ✔
[66/b2b1b5] TES…:44 NP:100000 B:64 H:1024) | 14 of 72

executor >  slurm (18)
[2c/08631c] GEN_SOURCE (Src S:44 Shf:5.0)  | 9 of 9, cached: 9 ✔
[18/984a89] TRA… S:44 N:1000000 Batch:256) | 36 of 36, cached: 36 ✔
[c3/3c242f] GEN_TARGET (Tgt S:44 P:500000) | 6 of 6, cached: 6 ✔
[66/b2b1b5] TES…:44 NP:100000 B:64 H:1024) | 14 of 72

executor >  slurm (18)
[2c/08631c] GEN_SOURCE (Src S:44 Shf:5.0)  | 9 of 9, cached: 9 ✔
[18/984a89] TRA… S:44 N:1000000 Batch:256) | 36 of 36, cached: 36 ✔
[c3/3c242f] GEN_TARGET (Tgt S:44 P:500000) | 6 of 6, cached: 6 ✔
[66/b2b1b5] TES…:44 NP:100000 B:64 H:1024) | 14 of 72

executor >  slurm (19)
[2c/08631c] GEN_SOURCE (Src S:44 Shf:5.0)  | 9 of 9, cached: 9 ✔
[18/984a89] TRA… S:44 N:1000000 Batch:256) | 36 of 36, cached: 36 ✔
[c3/3c242f] GEN_TARGET (Tgt S:44 P:500000) | 6 of 6, cached: 6 ✔
[d7/e1f57f] TES…S:44 NP:500000 B:64 H:512) | 14 of 72

executor >  slurm (19)
[2c/08631c] GEN_SOURCE (Src S:44 Shf:5.0)  | 9 of 9, cached: 9 ✔
[18/984a89] TRA… S:44 N:1000000 Batch:256) | 36 of 36, cached: 36 ✔
[c3/3c242f] GEN_TARGET (Tgt S:44 P:500000) | 6 of 6, cached: 6 ✔
[6b/d51956] TES…42 NP:500000 B:256 H:1024) | 15 of 72

executor >  slurm (20)
[2c/08631c] GEN_SOURCE (Src S:44 Shf:5.0)  | 9 of 9, cached: 9 ✔
[18/984a89] TRA… S:44 N:1000000 Batch:256) | 36 of 36, cached: 36 ✔
[c3/3c242f] GEN_TARGET (Tgt S:44 P:500000) | 6 of 6, cached: 6 ✔
[10/9bd70c] TES…44 NP:100000 B:256 H:1024) | 15 of 72

executor >  slurm (20)
[2c/08631c] GEN_SOURCE (Src S:44 Shf:5.0)  | 9 of 9, cached: 9 ✔
[18/984a89] TRA… S:44 N:1000000 Batch:256) | 36 of 36, cached: 36 ✔
[c3/3c242f] GEN_TARGET (Tgt S:44 P:500000) | 6 of 6, cached: 6 ✔
[9a/80e939] TES…S:44 NP:100000 B:64 H:512) | 16 of 72

executor >  slurm (20)
[2c/08631c] GEN_SOURCE (Src S:44 Shf:5.0)  | 9 of 9, cached: 9 ✔
[18/984a89] TRA… S:44 N:1000000 Batch:256) | 36 of 36, cached: 36 ✔
[c3/3c242f] GEN_TARGET (Tgt S:44 P:500000) | 6 of 6, cached: 6 ✔
[9a/80e939] TES…S:44 NP:100000 B:64 H:512) | 16 of 72

executor >  slurm (20)
[2c/08631c] GEN_SOURCE (Src S:44 Shf:5.0)  | 9 of 9, cached: 9 ✔
[18/984a89] TRA… S:44 N:1000000 Batch:256) | 36 of 36, cached: 36 ✔
[c3/3c242f] GEN_TARGET (Tgt S:44 P:500000) | 6 of 6, cached: 6 ✔
[9a/80e939] TES…S:44 NP:100000 B:64 H:512) | 16 of 72

executor >  slurm (21)
[2c/08631c] GEN_SOURCE (Src S:44 Shf:5.0)  | 9 of 9, cached: 9 ✔
[18/984a89] TRA… S:44 N:1000000 Batch:256) | 36 of 36, cached: 36 ✔
[c3/3c242f] GEN_TARGET (Tgt S:44 P:500000) | 6 of 6, cached: 6 ✔
[db/5acc79] TES…44 NP:500000 B:256 H:1024) | 16 of 72

executor >  slurm (21)
[2c/08631c] GEN_SOURCE (Src S:44 Shf:5.0)  | 9 of 9, cached: 9 ✔
[18/984a89] TRA… S:44 N:1000000 Batch:256) | 36 of 36, cached: 36 ✔
[c3/3c242f] GEN_TARGET (Tgt S:44 P:500000) | 6 of 6, cached: 6 ✔
[7e/5ee7f1] TES…:42 NP:100000 B:256 H:512) | 17 of 72

executor >  slurm (21)
[2c/08631c] GEN_SOURCE (Src S:44 Shf:5.0)  | 9 of 9, cached: 9 ✔
[18/984a89] TRA… S:44 N:1000000 Batch:256) | 36 of 36, cached: 36 ✔
[c3/3c242f] GEN_TARGET (Tgt S:44 P:500000) | 6 of 6, cached: 6 ✔
[7e/5ee7f1] TES…:42 NP:100000 B:256 H:512) | 17 of 72

executor >  slurm (22)
[2c/08631c] GEN_SOURCE (Src S:44 Shf:5.0)  | 9 of 9, cached: 9 ✔
[18/984a89] TRA… S:44 N:1000000 Batch:256) | 36 of 36, cached: 36 ✔
[c3/3c242f] GEN_TARGET (Tgt S:44 P:500000) | 6 of 6, cached: 6 ✔
[03/988ed0] TES…:44 NP:500000 B:64 H:1024) | 17 of 72

executor >  slurm (22)
[2c/08631c] GEN_SOURCE (Src S:44 Shf:5.0)  | 9 of 9, cached: 9 ✔
[18/984a89] TRA… S:44 N:1000000 Batch:256) | 36 of 36, cached: 36 ✔
[c3/3c242f] GEN_TARGET (Tgt S:44 P:500000) | 6 of 6, cached: 6 ✔
[d7/e1f57f] TES…S:44 NP:500000 B:64 H:512) | 18 of 72

executor >  slurm (23)
[2c/08631c] GEN_SOURCE (Src S:44 Shf:5.0)  | 9 of 9, cached: 9 ✔
[18/984a89] TRA… S:44 N:1000000 Batch:256) | 36 of 36, cached: 36 ✔
[c3/3c242f] GEN_TARGET (Tgt S:44 P:500000) | 6 of 6, cached: 6 ✔
[0c/a66b3f] TES…:44 NP:100000 B:256 H:512) | 18 of 72

executor >  slurm (23)
[2c/08631c] GEN_SOURCE (Src S:44 Shf:5.0)  | 9 of 9, cached: 9 ✔
[18/984a89] TRA… S:44 N:1000000 Batch:256) | 36 of 36, cached: 36 ✔
[c3/3c242f] GEN_TARGET (Tgt S:44 P:500000) | 6 of 6, cached: 6 ✔
[10/9bd70c] TES…44 NP:100000 B:256 H:1024) | 19 of 72

executor >  slurm (23)
[2c/08631c] GEN_SOURCE (Src S:44 Shf:5.0)  | 9 of 9, cached: 9 ✔
[18/984a89] TRA… S:44 N:1000000 Batch:256) | 36 of 36, cached: 36 ✔
[c3/3c242f] GEN_TARGET (Tgt S:44 P:500000) | 6 of 6, cached: 6 ✔
[10/9bd70c] TES…44 NP:100000 B:256 H:1024) | 19 of 72

executor >  slurm (24)
[2c/08631c] GEN_SOURCE (Src S:44 Shf:5.0)  | 9 of 9, cached: 9 ✔
[18/984a89] TRA… S:44 N:1000000 Batch:256) | 36 of 36, cached: 36 ✔
[c3/3c242f] GEN_TARGET (Tgt S:44 P:500000) | 6 of 6, cached: 6 ✔
[db/5acc79] TES…44 NP:500000 B:256 H:1024) | 20 of 72

executor >  slurm (24)
[2c/08631c] GEN_SOURCE (Src S:44 Shf:5.0)  | 9 of 9, cached: 9 ✔
[18/984a89] TRA… S:44 N:1000000 Batch:256) | 36 of 36, cached: 36 ✔
[c3/3c242f] GEN_TARGET (Tgt S:44 P:500000) | 6 of 6, cached: 6 ✔
[db/5acc79] TES…44 NP:500000 B:256 H:1024) | 20 of 72

executor >  slurm (25)
[2c/08631c] GEN_SOURCE (Src S:44 Shf:5.0)  | 9 of 9, cached: 9 ✔
[18/984a89] TRA… S:44 N:1000000 Batch:256) | 36 of 36, cached: 36 ✔
[c3/3c242f] GEN_TARGET (Tgt S:44 P:500000) | 6 of 6, cached: 6 ✔
[7b/98f45e] TES…S:42 NP:100000 B:64 H:512) | 20 of 72

executor >  slurm (25)
[2c/08631c] GEN_SOURCE (Src S:44 Shf:5.0)  | 9 of 9, cached: 9 ✔
[18/984a89] TRA… S:44 N:1000000 Batch:256) | 36 of 36, cached: 36 ✔
[c3/3c242f] GEN_TARGET (Tgt S:44 P:500000) | 6 of 6, cached: 6 ✔
[03/988ed0] TES…:44 NP:500000 B:64 H:1024) | 21 of 72

executor >  slurm (25)
[2c/08631c] GEN_SOURCE (Src S:44 Shf:5.0)  | 9 of 9, cached: 9 ✔
[18/984a89] TRA… S:44 N:1000000 Batch:256) | 36 of 36, cached: 36 ✔
[c3/3c242f] GEN_TARGET (Tgt S:44 P:500000) | 6 of 6, cached: 6 ✔
[03/988ed0] TES…:44 NP:500000 B:64 H:1024) | 21 of 72

executor >  slurm (26)
[2c/08631c] GEN_SOURCE (Src S:44 Shf:5.0)  | 9 of 9, cached: 9 ✔
[18/984a89] TRA… S:44 N:1000000 Batch:256) | 36 of 36, cached: 36 ✔
[c3/3c242f] GEN_TARGET (Tgt S:44 P:500000) | 6 of 6, cached: 6 ✔
[35/f3453e] TES…:42 NP:100000 B:64 H:1024) | 21 of 72

executor >  slurm (26)
[2c/08631c] GEN_SOURCE (Src S:44 Shf:5.0)  | 9 of 9, cached: 9 ✔
[18/984a89] TRA… S:44 N:1000000 Batch:256) | 36 of 36, cached: 36 ✔
[c3/3c242f] GEN_TARGET (Tgt S:44 P:500000) | 6 of 6, cached: 6 ✔
[0c/a66b3f] TES…:44 NP:100000 B:256 H:512) | 22 of 72

executor >  slurm (26)
[2c/08631c] GEN_SOURCE (Src S:44 Shf:5.0)  | 9 of 9, cached: 9 ✔
[18/984a89] TRA… S:44 N:1000000 Batch:256) | 36 of 36, cached: 36 ✔
[c3/3c242f] GEN_TARGET (Tgt S:44 P:500000) | 6 of 6, cached: 6 ✔
[0c/a66b3f] TES…:44 NP:100000 B:256 H:512) | 22 of 72

executor >  slurm (27)
[2c/08631c] GEN_SOURCE (Src S:44 Shf:5.0)  | 9 of 9, cached: 9 ✔
[18/984a89] TRA… S:44 N:1000000 Batch:256) | 36 of 36, cached: 36 ✔
[c3/3c242f] GEN_TARGET (Tgt S:44 P:500000) | 6 of 6, cached: 6 ✔
[b6/e64cde] TES…S:42 NP:500000 B:64 H:512) | 22 of 72

executor >  slurm (27)
[2c/08631c] GEN_SOURCE (Src S:44 Shf:5.0)  | 9 of 9, cached: 9 ✔
[18/984a89] TRA… S:44 N:1000000 Batch:256) | 36 of 36, cached: 36 ✔
[c3/3c242f] GEN_TARGET (Tgt S:44 P:500000) | 6 of 6, cached: 6 ✔
[84/2de551] TES…:44 NP:500000 B:256 H:512) | 23 of 72

executor >  slurm (27)
[2c/08631c] GEN_SOURCE (Src S:44 Shf:5.0)  | 9 of 9, cached: 9 ✔
[18/984a89] TRA… S:44 N:1000000 Batch:256) | 36 of 36, cached: 36 ✔
[c3/3c242f] GEN_TARGET (Tgt S:44 P:500000) | 6 of 6, cached: 6 ✔
[84/2de551] TES…:44 NP:500000 B:256 H:512) | 23 of 72

executor >  slurm (27)
[2c/08631c] GEN_SOURCE (Src S:44 Shf:5.0)  | 9 of 9, cached: 9 ✔
[18/984a89] TRA… S:44 N:1000000 Batch:256) | 36 of 36, cached: 36 ✔
[c3/3c242f] GEN_TARGET (Tgt S:44 P:500000) | 6 of 6, cached: 6 ✔
[7b/98f45e] TES…S:42 NP:100000 B:64 H:512) | 24 of 72

executor >  slurm (28)
[2c/08631c] GEN_SOURCE (Src S:44 Shf:5.0)  | 9 of 9, cached: 9 ✔
[18/984a89] TRA… S:44 N:1000000 Batch:256) | 36 of 36, cached: 36 ✔
[c3/3c242f] GEN_TARGET (Tgt S:44 P:500000) | 6 of 6, cached: 6 ✔
[50/95d0f2] TES…:42 NP:500000 B:64 H:1024) | 24 of 72

executor >  slurm (28)
[2c/08631c] GEN_SOURCE (Src S:44 Shf:5.0)  | 9 of 9, cached: 9 ✔
[18/984a89] TRA… S:44 N:1000000 Batch:256) | 36 of 36, cached: 36 ✔
[c3/3c242f] GEN_TARGET (Tgt S:44 P:500000) | 6 of 6, cached: 6 ✔
[50/95d0f2] TES…:42 NP:500000 B:64 H:1024) | 24 of 72

executor >  slurm (29)
[2c/08631c] GEN_SOURCE (Src S:44 Shf:5.0)  | 9 of 9, cached: 9 ✔
[18/984a89] TRA… S:44 N:1000000 Batch:256) | 36 of 36, cached: 36 ✔
[c3/3c242f] GEN_TARGET (Tgt S:44 P:500000) | 6 of 6, cached: 6 ✔
[9d/69bdec] TES…:42 NP:100000 B:256 H:512) | 25 of 72

executor >  slurm (29)
[2c/08631c] GEN_SOURCE (Src S:44 Shf:5.0)  | 9 of 9, cached: 9 ✔
[18/984a89] TRA… S:44 N:1000000 Batch:256) | 36 of 36, cached: 36 ✔
[c3/3c242f] GEN_TARGET (Tgt S:44 P:500000) | 6 of 6, cached: 6 ✔
[9d/69bdec] TES…:42 NP:100000 B:256 H:512) | 25 of 72

executor >  slurm (30)
[2c/08631c] GEN_SOURCE (Src S:44 Shf:5.0)  | 9 of 9, cached: 9 ✔
[18/984a89] TRA… S:44 N:1000000 Batch:256) | 36 of 36, cached: 36 ✔
[c3/3c242f] GEN_TARGET (Tgt S:44 P:500000) | 6 of 6, cached: 6 ✔
[ca/5cd2cd] TES…S:43 NP:100000 B:64 H:512) | 26 of 72

executor >  slurm (30)
[2c/08631c] GEN_SOURCE (Src S:44 Shf:5.0)  | 9 of 9, cached: 9 ✔
[18/984a89] TRA… S:44 N:1000000 Batch:256) | 36 of 36, cached: 36 ✔
[c3/3c242f] GEN_TARGET (Tgt S:44 P:500000) | 6 of 6, cached: 6 ✔
[ca/5cd2cd] TES…S:43 NP:100000 B:64 H:512) | 26 of 72

executor >  slurm (31)
[2c/08631c] GEN_SOURCE (Src S:44 Shf:5.0)  | 9 of 9, cached: 9 ✔
[18/984a89] TRA… S:44 N:1000000 Batch:256) | 36 of 36, cached: 36 ✔
[c3/3c242f] GEN_TARGET (Tgt S:44 P:500000) | 6 of 6, cached: 6 ✔
[9a/9144fe] TES…:42 NP:500000 B:256 H:512) | 26 of 72

executor >  slurm (31)
[2c/08631c] GEN_SOURCE (Src S:44 Shf:5.0)  | 9 of 9, cached: 9 ✔
[18/984a89] TRA… S:44 N:1000000 Batch:256) | 36 of 36, cached: 36 ✔
[c3/3c242f] GEN_TARGET (Tgt S:44 P:500000) | 6 of 6, cached: 6 ✔
[50/95d0f2] TES…:42 NP:500000 B:64 H:1024) | 27 of 72

executor >  slurm (31)
[2c/08631c] GEN_SOURCE (Src S:44 Shf:5.0)  | 9 of 9, cached: 9 ✔
[18/984a89] TRA… S:44 N:1000000 Batch:256) | 36 of 36, cached: 36 ✔
[c3/3c242f] GEN_TARGET (Tgt S:44 P:500000) | 6 of 6, cached: 6 ✔
[50/95d0f2] TES…:42 NP:500000 B:64 H:1024) | 27 of 72

executor >  slurm (32)
[2c/08631c] GEN_SOURCE (Src S:44 Shf:5.0)  | 9 of 9, cached: 9 ✔
[18/984a89] TRA… S:44 N:1000000 Batch:256) | 36 of 36, cached: 36 ✔
[c3/3c242f] GEN_TARGET (Tgt S:44 P:500000) | 6 of 6, cached: 6 ✔
[0f/313190] TES…42 NP:100000 B:256 H:1024) | 27 of 72

executor >  slurm (32)
[2c/08631c] GEN_SOURCE (Src S:44 Shf:5.0)  | 9 of 9, cached: 9 ✔
[18/984a89] TRA… S:44 N:1000000 Batch:256) | 36 of 36, cached: 36 ✔
[c3/3c242f] GEN_TARGET (Tgt S:44 P:500000) | 6 of 6, cached: 6 ✔
[9d/69bdec] TES…:42 NP:100000 B:256 H:512) | 28 of 72

executor >  slurm (32)
[2c/08631c] GEN_SOURCE (Src S:44 Shf:5.0)  | 9 of 9, cached: 9 ✔
[18/984a89] TRA… S:44 N:1000000 Batch:256) | 36 of 36, cached: 36 ✔
[c3/3c242f] GEN_TARGET (Tgt S:44 P:500000) | 6 of 6, cached: 6 ✔
[9d/69bdec] TES…:42 NP:100000 B:256 H:512) | 28 of 72

executor >  slurm (33)
[2c/08631c] GEN_SOURCE (Src S:44 Shf:5.0)  | 9 of 9, cached: 9 ✔
[18/984a89] TRA… S:44 N:1000000 Batch:256) | 36 of 36, cached: 36 ✔
[c3/3c242f] GEN_TARGET (Tgt S:44 P:500000) | 6 of 6, cached: 6 ✔
[d3/667a87] TES…42 NP:500000 B:256 H:1024) | 28 of 72

executor >  slurm (33)
[2c/08631c] GEN_SOURCE (Src S:44 Shf:5.0)  | 9 of 9, cached: 9 ✔
[18/984a89] TRA… S:44 N:1000000 Batch:256) | 36 of 36, cached: 36 ✔
[c3/3c242f] GEN_TARGET (Tgt S:44 P:500000) | 6 of 6, cached: 6 ✔
[ca/5cd2cd] TES…S:43 NP:100000 B:64 H:512) | 29 of 72

executor >  slurm (33)
[2c/08631c] GEN_SOURCE (Src S:44 Shf:5.0)  | 9 of 9, cached: 9 ✔
[18/984a89] TRA… S:44 N:1000000 Batch:256) | 36 of 36, cached: 36 ✔
[c3/3c242f] GEN_TARGET (Tgt S:44 P:500000) | 6 of 6, cached: 6 ✔
[ca/5cd2cd] TES…S:43 NP:100000 B:64 H:512) | 29 of 72

executor >  slurm (33)
[2c/08631c] GEN_SOURCE (Src S:44 Shf:5.0)  | 9 of 9, cached: 9 ✔
[18/984a89] TRA… S:44 N:1000000 Batch:256) | 36 of 36, cached: 36 ✔
[c3/3c242f] GEN_TARGET (Tgt S:44 P:500000) | 6 of 6, cached: 6 ✔
[0f/313190] TES…42 NP:100000 B:256 H:1024) | 30 of 72

executor >  slurm (34)
[2c/08631c] GEN_SOURCE (Src S:44 Shf:5.0)  | 9 of 9, cached: 9 ✔
[18/984a89] TRA… S:44 N:1000000 Batch:256) | 36 of 36, cached: 36 ✔
[c3/3c242f] GEN_TARGET (Tgt S:44 P:500000) | 6 of 6, cached: 6 ✔
[91/c101ac] TES…S:43 NP:500000 B:64 H:512) | 30 of 72

executor >  slurm (35)
[2c/08631c] GEN_SOURCE (Src S:44 Shf:5.0)  | 9 of 9, cached: 9 ✔
[18/984a89] TRA… S:44 N:1000000 Batch:256) | 36 of 36, cached: 36 ✔
[c3/3c242f] GEN_TARGET (Tgt S:44 P:500000) | 6 of 6, cached: 6 ✔
[9a/9144fe] TES…:42 NP:500000 B:256 H:512) | 31 of 72

executor >  slurm (35)
[2c/08631c] GEN_SOURCE (Src S:44 Shf:5.0)  | 9 of 9, cached: 9 ✔
[18/984a89] TRA… S:44 N:1000000 Batch:256) | 36 of 36, cached: 36 ✔
[c3/3c242f] GEN_TARGET (Tgt S:44 P:500000) | 6 of 6, cached: 6 ✔
[9a/9144fe] TES…:42 NP:500000 B:256 H:512) | 31 of 72

executor >  slurm (36)
[2c/08631c] GEN_SOURCE (Src S:44 Shf:5.0)  | 9 of 9, cached: 9 ✔
[18/984a89] TRA… S:44 N:1000000 Batch:256) | 36 of 36, cached: 36 ✔
[c3/3c242f] GEN_TARGET (Tgt S:44 P:500000) | 6 of 6, cached: 6 ✔
[7d/7535d2] TES…:43 NP:100000 B:64 H:1024) | 32 of 72

executor >  slurm (36)
[2c/08631c] GEN_SOURCE (Src S:44 Shf:5.0)  | 9 of 9, cached: 9 ✔
[18/984a89] TRA… S:44 N:1000000 Batch:256) | 36 of 36, cached: 36 ✔
[c3/3c242f] GEN_TARGET (Tgt S:44 P:500000) | 6 of 6, cached: 6 ✔
[7d/7535d2] TES…:43 NP:100000 B:64 H:1024) | 32 of 72

executor >  slurm (37)
[2c/08631c] GEN_SOURCE (Src S:44 Shf:5.0)  | 9 of 9, cached: 9 ✔
[18/984a89] TRA… S:44 N:1000000 Batch:256) | 36 of 36, cached: 36 ✔
[c3/3c242f] GEN_TARGET (Tgt S:44 P:500000) | 6 of 6, cached: 6 ✔
[a8/39996c] TES…:43 NP:500000 B:256 H:512) | 33 of 72

executor >  slurm (37)
[2c/08631c] GEN_SOURCE (Src S:44 Shf:5.0)  | 9 of 9, cached: 9 ✔
[18/984a89] TRA… S:44 N:1000000 Batch:256) | 36 of 36, cached: 36 ✔
[c3/3c242f] GEN_TARGET (Tgt S:44 P:500000) | 6 of 6, cached: 6 ✔
[a8/39996c] TES…:43 NP:500000 B:256 H:512) | 33 of 72

executor >  slurm (38)
[2c/08631c] GEN_SOURCE (Src S:44 Shf:5.0)  | 9 of 9, cached: 9 ✔
[18/984a89] TRA… S:44 N:1000000 Batch:256) | 36 of 36, cached: 36 ✔
[c3/3c242f] GEN_TARGET (Tgt S:44 P:500000) | 6 of 6, cached: 6 ✔
[57/cb6a29] TES…S:42 NP:100000 B:64 H:512) | 33 of 72

executor >  slurm (38)
[2c/08631c] GEN_SOURCE (Src S:44 Shf:5.0)  | 9 of 9, cached: 9 ✔
[18/984a89] TRA… S:44 N:1000000 Batch:256) | 36 of 36, cached: 36 ✔
[c3/3c242f] GEN_TARGET (Tgt S:44 P:500000) | 6 of 6, cached: 6 ✔
[7d/7535d2] TES…:43 NP:100000 B:64 H:1024) | 34 of 72

executor >  slurm (38)
[2c/08631c] GEN_SOURCE (Src S:44 Shf:5.0)  | 9 of 9, cached: 9 ✔
[18/984a89] TRA… S:44 N:1000000 Batch:256) | 36 of 36, cached: 36 ✔
[c3/3c242f] GEN_TARGET (Tgt S:44 P:500000) | 6 of 6, cached: 6 ✔
[7d/7535d2] TES…:43 NP:100000 B:64 H:1024) | 34 of 72

executor >  slurm (38)
[2c/08631c] GEN_SOURCE (Src S:44 Shf:5.0)  | 9 of 9, cached: 9 ✔
[18/984a89] TRA… S:44 N:1000000 Batch:256) | 36 of 36, cached: 36 ✔
[c3/3c242f] GEN_TARGET (Tgt S:44 P:500000) | 6 of 6, cached: 6 ✔
[11/66324f] TES…:43 NP:500000 B:64 H:1024) | 35 of 72

executor >  slurm (39)
[2c/08631c] GEN_SOURCE (Src S:44 Shf:5.0)  | 9 of 9, cached: 9 ✔
[18/984a89] TRA… S:44 N:1000000 Batch:256) | 36 of 36, cached: 36 ✔
[c3/3c242f] GEN_TARGET (Tgt S:44 P:500000) | 6 of 6, cached: 6 ✔
[17/40dd24] TES…S:42 NP:500000 B:64 H:512) | 35 of 72

executor >  slurm (39)
[2c/08631c] GEN_SOURCE (Src S:44 Shf:5.0)  | 9 of 9, cached: 9 ✔
[18/984a89] TRA… S:44 N:1000000 Batch:256) | 36 of 36, cached: 36 ✔
[c3/3c242f] GEN_TARGET (Tgt S:44 P:500000) | 6 of 6, cached: 6 ✔
[17/40dd24] TES…S:42 NP:500000 B:64 H:512) | 35 of 72

executor >  slurm (40)
[2c/08631c] GEN_SOURCE (Src S:44 Shf:5.0)  | 9 of 9, cached: 9 ✔
[18/984a89] TRA… S:44 N:1000000 Batch:256) | 36 of 36, cached: 36 ✔
[c3/3c242f] GEN_TARGET (Tgt S:44 P:500000) | 6 of 6, cached: 6 ✔
[17/40dd24] TES…S:42 NP:500000 B:64 H:512) | 35 of 72

executor >  slurm (40)
[2c/08631c] GEN_SOURCE (Src S:44 Shf:5.0)  | 9 of 9, cached: 9 ✔
[18/984a89] TRA… S:44 N:1000000 Batch:256) | 36 of 36, cached: 36 ✔
[c3/3c242f] GEN_TARGET (Tgt S:44 P:500000) | 6 of 6, cached: 6 ✔
[57/cb6a29] TES…S:42 NP:100000 B:64 H:512) | 36 of 72

executor >  slurm (40)
[2c/08631c] GEN_SOURCE (Src S:44 Shf:5.0)  | 9 of 9, cached: 9 ✔
[18/984a89] TRA… S:44 N:1000000 Batch:256) | 36 of 36, cached: 36 ✔
[c3/3c242f] GEN_TARGET (Tgt S:44 P:500000) | 6 of 6, cached: 6 ✔
[57/cb6a29] TES…S:42 NP:100000 B:64 H:512) | 36 of 72

executor >  slurm (40)
[2c/08631c] GEN_SOURCE (Src S:44 Shf:5.0)  | 9 of 9, cached: 9 ✔
[18/984a89] TRA… S:44 N:1000000 Batch:256) | 36 of 36, cached: 36 ✔
[c3/3c242f] GEN_TARGET (Tgt S:44 P:500000) | 6 of 6, cached: 6 ✔
[57/cb6a29] TES…S:42 NP:100000 B:64 H:512) | 36 of 72

executor >  slurm (41)
[2c/08631c] GEN_SOURCE (Src S:44 Shf:5.0)  | 9 of 9, cached: 9 ✔
[18/984a89] TRA… S:44 N:1000000 Batch:256) | 36 of 36, cached: 36 ✔
[c3/3c242f] GEN_TARGET (Tgt S:44 P:500000) | 6 of 6, cached: 6 ✔
[a8/39996c] TES…:43 NP:500000 B:256 H:512) | 37 of 72

executor >  slurm (43)
[2c/08631c] GEN_SOURCE (Src S:44 Shf:5.0)  | 9 of 9, cached: 9 ✔
[18/984a89] TRA… S:44 N:1000000 Batch:256) | 36 of 36, cached: 36 ✔
[c3/3c242f] GEN_TARGET (Tgt S:44 P:500000) | 6 of 6, cached: 6 ✔
[b2/ea4917] TES…:42 NP:100000 B:64 H:1024) | 37 of 72

executor >  slurm (43)
[2c/08631c] GEN_SOURCE (Src S:44 Shf:5.0)  | 9 of 9, cached: 9 ✔
[18/984a89] TRA… S:44 N:1000000 Batch:256) | 36 of 36, cached: 36 ✔
[c3/3c242f] GEN_TARGET (Tgt S:44 P:500000) | 6 of 6, cached: 6 ✔
[68/54e57c] TES…43 NP:100000 B:256 H:1024) | 38 of 72

executor >  slurm (43)
[2c/08631c] GEN_SOURCE (Src S:44 Shf:5.0)  | 9 of 9, cached: 9 ✔
[18/984a89] TRA… S:44 N:1000000 Batch:256) | 36 of 36, cached: 36 ✔
[c3/3c242f] GEN_TARGET (Tgt S:44 P:500000) | 6 of 6, cached: 6 ✔
[17/40dd24] TES…S:42 NP:500000 B:64 H:512) | 39 of 72

executor >  slurm (44)
[2c/08631c] GEN_SOURCE (Src S:44 Shf:5.0)  | 9 of 9, cached: 9 ✔
[18/984a89] TRA… S:44 N:1000000 Batch:256) | 36 of 36, cached: 36 ✔
[c3/3c242f] GEN_TARGET (Tgt S:44 P:500000) | 6 of 6, cached: 6 ✔
[6e/be97cf] TES…:42 NP:500000 B:64 H:1024) | 39 of 72

executor >  slurm (44)
[2c/08631c] GEN_SOURCE (Src S:44 Shf:5.0)  | 9 of 9, cached: 9 ✔
[18/984a89] TRA… S:44 N:1000000 Batch:256) | 36 of 36, cached: 36 ✔
[c3/3c242f] GEN_TARGET (Tgt S:44 P:500000) | 6 of 6, cached: 6 ✔
[58/f498f0] TES…:43 NP:100000 B:256 H:512) | 40 of 72

executor >  slurm (45)
[2c/08631c] GEN_SOURCE (Src S:44 Shf:5.0)  | 9 of 9, cached: 9 ✔
[18/984a89] TRA… S:44 N:1000000 Batch:256) | 36 of 36, cached: 36 ✔
[c3/3c242f] GEN_TARGET (Tgt S:44 P:500000) | 6 of 6, cached: 6 ✔
[27/ef13a5] TES…42 NP:100000 B:256 H:1024) | 40 of 72

executor >  slurm (45)
[2c/08631c] GEN_SOURCE (Src S:44 Shf:5.0)  | 9 of 9, cached: 9 ✔
[18/984a89] TRA… S:44 N:1000000 Batch:256) | 36 of 36, cached: 36 ✔
[c3/3c242f] GEN_TARGET (Tgt S:44 P:500000) | 6 of 6, cached: 6 ✔
[c8/5498af] TES…43 NP:500000 B:256 H:1024) | 41 of 72

executor >  slurm (46)
[2c/08631c] GEN_SOURCE (Src S:44 Shf:5.0)  | 9 of 9, cached: 9 ✔
[18/984a89] TRA… S:44 N:1000000 Batch:256) | 36 of 36, cached: 36 ✔
[c3/3c242f] GEN_TARGET (Tgt S:44 P:500000) | 6 of 6, cached: 6 ✔
[12/25db7e] TES…42 NP:500000 B:256 H:1024) | 41 of 72

executor >  slurm (46)
[2c/08631c] GEN_SOURCE (Src S:44 Shf:5.0)  | 9 of 9, cached: 9 ✔
[18/984a89] TRA… S:44 N:1000000 Batch:256) | 36 of 36, cached: 36 ✔
[c3/3c242f] GEN_TARGET (Tgt S:44 P:500000) | 6 of 6, cached: 6 ✔
[b2/ea4917] TES…:42 NP:100000 B:64 H:1024) | 42 of 72

executor >  slurm (46)
[2c/08631c] GEN_SOURCE (Src S:44 Shf:5.0)  | 9 of 9, cached: 9 ✔
[18/984a89] TRA… S:44 N:1000000 Batch:256) | 36 of 36, cached: 36 ✔
[c3/3c242f] GEN_TARGET (Tgt S:44 P:500000) | 6 of 6, cached: 6 ✔
[b2/ea4917] TES…:42 NP:100000 B:64 H:1024) | 42 of 72

executor >  slurm (47)
[2c/08631c] GEN_SOURCE (Src S:44 Shf:5.0)  | 9 of 9, cached: 9 ✔
[18/984a89] TRA… S:44 N:1000000 Batch:256) | 36 of 36, cached: 36 ✔
[c3/3c242f] GEN_TARGET (Tgt S:44 P:500000) | 6 of 6, cached: 6 ✔
[6e/be97cf] TES…:42 NP:500000 B:64 H:1024) | 43 of 72

executor >  slurm (47)
[2c/08631c] GEN_SOURCE (Src S:44 Shf:5.0)  | 9 of 9, cached: 9 ✔
[18/984a89] TRA… S:44 N:1000000 Batch:256) | 36 of 36, cached: 36 ✔
[c3/3c242f] GEN_TARGET (Tgt S:44 P:500000) | 6 of 6, cached: 6 ✔
[6e/be97cf] TES…:42 NP:500000 B:64 H:1024) | 43 of 72

executor >  slurm (48)
[2c/08631c] GEN_SOURCE (Src S:44 Shf:5.0)  | 9 of 9, cached: 9 ✔
[18/984a89] TRA… S:44 N:1000000 Batch:256) | 36 of 36, cached: 36 ✔
[c3/3c242f] GEN_TARGET (Tgt S:44 P:500000) | 6 of 6, cached: 6 ✔
[a9/3cd712] TES…:43 NP:100000 B:64 H:1024) | 44 of 72

executor >  slurm (49)
[2c/08631c] GEN_SOURCE (Src S:44 Shf:5.0)  | 9 of 9, cached: 9 ✔
[18/984a89] TRA… S:44 N:1000000 Batch:256) | 36 of 36, cached: 36 ✔
[c3/3c242f] GEN_TARGET (Tgt S:44 P:500000) | 6 of 6, cached: 6 ✔
[59/5f58c1] TES…:43 NP:500000 B:64 H:1024) | 45 of 72

executor >  slurm (50)
[2c/08631c] GEN_SOURCE (Src S:44 Shf:5.0)  | 9 of 9, cached: 9 ✔
[18/984a89] TRA… S:44 N:1000000 Batch:256) | 36 of 36, cached: 36 ✔
[c3/3c242f] GEN_TARGET (Tgt S:44 P:500000) | 6 of 6, cached: 6 ✔
[04/6d3f78] TES…:42 NP:100000 B:256 H:512) | 46 of 72

executor >  slurm (50)
[2c/08631c] GEN_SOURCE (Src S:44 Shf:5.0)  | 9 of 9, cached: 9 ✔
[18/984a89] TRA… S:44 N:1000000 Batch:256) | 36 of 36, cached: 36 ✔
[c3/3c242f] GEN_TARGET (Tgt S:44 P:500000) | 6 of 6, cached: 6 ✔
[04/6d3f78] TES…:42 NP:100000 B:256 H:512) | 46 of 72

executor >  slurm (51)
[2c/08631c] GEN_SOURCE (Src S:44 Shf:5.0)  | 9 of 9, cached: 9 ✔
[18/984a89] TRA… S:44 N:1000000 Batch:256) | 36 of 36, cached: 36 ✔
[c3/3c242f] GEN_TARGET (Tgt S:44 P:500000) | 6 of 6, cached: 6 ✔
[a9/3cd712] TES…:43 NP:100000 B:64 H:1024) | 47 of 72

executor >  slurm (51)
[2c/08631c] GEN_SOURCE (Src S:44 Shf:5.0)  | 9 of 9, cached: 9 ✔
[18/984a89] TRA… S:44 N:1000000 Batch:256) | 36 of 36, cached: 36 ✔
[c3/3c242f] GEN_TARGET (Tgt S:44 P:500000) | 6 of 6, cached: 6 ✔
[a9/3cd712] TES…:43 NP:100000 B:64 H:1024) | 47 of 72

executor >  slurm (52)
[2c/08631c] GEN_SOURCE (Src S:44 Shf:5.0)  | 9 of 9, cached: 9 ✔
[18/984a89] TRA… S:44 N:1000000 Batch:256) | 36 of 36, cached: 36 ✔
[c3/3c242f] GEN_TARGET (Tgt S:44 P:500000) | 6 of 6, cached: 6 ✔
[5a/a886bb] TES…S:43 NP:100000 B:64 H:512) | 48 of 72

executor >  slurm (52)
[2c/08631c] GEN_SOURCE (Src S:44 Shf:5.0)  | 9 of 9, cached: 9 ✔
[18/984a89] TRA… S:44 N:1000000 Batch:256) | 36 of 36, cached: 36 ✔
[c3/3c242f] GEN_TARGET (Tgt S:44 P:500000) | 6 of 6, cached: 6 ✔
[5a/a886bb] TES…S:43 NP:100000 B:64 H:512) | 48 of 72

executor >  slurm (53)
[2c/08631c] GEN_SOURCE (Src S:44 Shf:5.0)  | 9 of 9, cached: 9 ✔
[18/984a89] TRA… S:44 N:1000000 Batch:256) | 36 of 36, cached: 36 ✔
[c3/3c242f] GEN_TARGET (Tgt S:44 P:500000) | 6 of 6, cached: 6 ✔
[a6/a5000e] TES…:43 NP:100000 B:256 H:512) | 48 of 72

executor >  slurm (53)
[2c/08631c] GEN_SOURCE (Src S:44 Shf:5.0)  | 9 of 9, cached: 9 ✔
[18/984a89] TRA… S:44 N:1000000 Batch:256) | 36 of 36, cached: 36 ✔
[c3/3c242f] GEN_TARGET (Tgt S:44 P:500000) | 6 of 6, cached: 6 ✔
[05/178f33] TES…:42 NP:500000 B:256 H:512) | 49 of 72

executor >  slurm (53)
[2c/08631c] GEN_SOURCE (Src S:44 Shf:5.0)  | 9 of 9, cached: 9 ✔
[18/984a89] TRA… S:44 N:1000000 Batch:256) | 36 of 36, cached: 36 ✔
[c3/3c242f] GEN_TARGET (Tgt S:44 P:500000) | 6 of 6, cached: 6 ✔
[05/178f33] TES…:42 NP:500000 B:256 H:512) | 49 of 72

executor >  slurm (54)
[2c/08631c] GEN_SOURCE (Src S:44 Shf:5.0)  | 9 of 9, cached: 9 ✔
[18/984a89] TRA… S:44 N:1000000 Batch:256) | 36 of 36, cached: 36 ✔
[c3/3c242f] GEN_TARGET (Tgt S:44 P:500000) | 6 of 6, cached: 6 ✔
[3d/9534eb] TES…43 NP:100000 B:256 H:1024) | 49 of 72

executor >  slurm (54)
[2c/08631c] GEN_SOURCE (Src S:44 Shf:5.0)  | 9 of 9, cached: 9 ✔
[18/984a89] TRA… S:44 N:1000000 Batch:256) | 36 of 36, cached: 36 ✔
[c3/3c242f] GEN_TARGET (Tgt S:44 P:500000) | 6 of 6, cached: 6 ✔
[5a/a886bb] TES…S:43 NP:100000 B:64 H:512) | 50 of 72

executor >  slurm (54)
[2c/08631c] GEN_SOURCE (Src S:44 Shf:5.0)  | 9 of 9, cached: 9 ✔
[18/984a89] TRA… S:44 N:1000000 Batch:256) | 36 of 36, cached: 36 ✔
[c3/3c242f] GEN_TARGET (Tgt S:44 P:500000) | 6 of 6, cached: 6 ✔
[5a/a886bb] TES…S:43 NP:100000 B:64 H:512) | 50 of 72

executor >  slurm (55)
[2c/08631c] GEN_SOURCE (Src S:44 Shf:5.0)  | 9 of 9, cached: 9 ✔
[18/984a89] TRA… S:44 N:1000000 Batch:256) | 36 of 36, cached: 36 ✔
[c3/3c242f] GEN_TARGET (Tgt S:44 P:500000) | 6 of 6, cached: 6 ✔
[60/bc3312] TES…43 NP:500000 B:256 H:1024) | 51 of 72

executor >  slurm (55)
[2c/08631c] GEN_SOURCE (Src S:44 Shf:5.0)  | 9 of 9, cached: 9 ✔
[18/984a89] TRA… S:44 N:1000000 Batch:256) | 36 of 36, cached: 36 ✔
[c3/3c242f] GEN_TARGET (Tgt S:44 P:500000) | 6 of 6, cached: 6 ✔
[60/bc3312] TES…43 NP:500000 B:256 H:1024) | 51 of 72

executor >  slurm (56)
[2c/08631c] GEN_SOURCE (Src S:44 Shf:5.0)  | 9 of 9, cached: 9 ✔
[18/984a89] TRA… S:44 N:1000000 Batch:256) | 36 of 36, cached: 36 ✔
[c3/3c242f] GEN_TARGET (Tgt S:44 P:500000) | 6 of 6, cached: 6 ✔
[53/632b68] TES…:43 NP:500000 B:256 H:512) | 52 of 72

executor >  slurm (56)
[2c/08631c] GEN_SOURCE (Src S:44 Shf:5.0)  | 9 of 9, cached: 9 ✔
[18/984a89] TRA… S:44 N:1000000 Batch:256) | 36 of 36, cached: 36 ✔
[c3/3c242f] GEN_TARGET (Tgt S:44 P:500000) | 6 of 6, cached: 6 ✔
[53/632b68] TES…:43 NP:500000 B:256 H:512) | 52 of 72

executor >  slurm (57)
[2c/08631c] GEN_SOURCE (Src S:44 Shf:5.0)  | 9 of 9, cached: 9 ✔
[18/984a89] TRA… S:44 N:1000000 Batch:256) | 36 of 36, cached: 36 ✔
[c3/3c242f] GEN_TARGET (Tgt S:44 P:500000) | 6 of 6, cached: 6 ✔
[07/e07237] TES…:44 NP:100000 B:64 H:1024) | 52 of 72

executor >  slurm (57)
[2c/08631c] GEN_SOURCE (Src S:44 Shf:5.0)  | 9 of 9, cached: 9 ✔
[18/984a89] TRA… S:44 N:1000000 Batch:256) | 36 of 36, cached: 36 ✔
[c3/3c242f] GEN_TARGET (Tgt S:44 P:500000) | 6 of 6, cached: 6 ✔
[3d/9534eb] TES…43 NP:100000 B:256 H:1024) | 53 of 72

executor >  slurm (57)
[2c/08631c] GEN_SOURCE (Src S:44 Shf:5.0)  | 9 of 9, cached: 9 ✔
[18/984a89] TRA… S:44 N:1000000 Batch:256) | 36 of 36, cached: 36 ✔
[c3/3c242f] GEN_TARGET (Tgt S:44 P:500000) | 6 of 6, cached: 6 ✔
[3d/9534eb] TES…43 NP:100000 B:256 H:1024) | 53 of 72

executor >  slurm (58)
[2c/08631c] GEN_SOURCE (Src S:44 Shf:5.0)  | 9 of 9, cached: 9 ✔
[18/984a89] TRA… S:44 N:1000000 Batch:256) | 36 of 36, cached: 36 ✔
[c3/3c242f] GEN_TARGET (Tgt S:44 P:500000) | 6 of 6, cached: 6 ✔
[35/41580e] TES…:44 NP:500000 B:64 H:1024) | 53 of 72

executor >  slurm (58)
[2c/08631c] GEN_SOURCE (Src S:44 Shf:5.0)  | 9 of 9, cached: 9 ✔
[18/984a89] TRA… S:44 N:1000000 Batch:256) | 36 of 36, cached: 36 ✔
[c3/3c242f] GEN_TARGET (Tgt S:44 P:500000) | 6 of 6, cached: 6 ✔
[53/632b68] TES…:43 NP:500000 B:256 H:512) | 54 of 72

executor >  slurm (58)
[2c/08631c] GEN_SOURCE (Src S:44 Shf:5.0)  | 9 of 9, cached: 9 ✔
[18/984a89] TRA… S:44 N:1000000 Batch:256) | 36 of 36, cached: 36 ✔
[c3/3c242f] GEN_TARGET (Tgt S:44 P:500000) | 6 of 6, cached: 6 ✔
[53/632b68] TES…:43 NP:500000 B:256 H:512) | 54 of 72

executor >  slurm (59)
[2c/08631c] GEN_SOURCE (Src S:44 Shf:5.0)  | 9 of 9, cached: 9 ✔
[18/984a89] TRA… S:44 N:1000000 Batch:256) | 36 of 36, cached: 36 ✔
[c3/3c242f] GEN_TARGET (Tgt S:44 P:500000) | 6 of 6, cached: 6 ✔
[c3/197530] TES…S:44 NP:500000 B:64 H:512) | 54 of 72

executor >  slurm (59)
[2c/08631c] GEN_SOURCE (Src S:44 Shf:5.0)  | 9 of 9, cached: 9 ✔
[18/984a89] TRA… S:44 N:1000000 Batch:256) | 36 of 36, cached: 36 ✔
[c3/3c242f] GEN_TARGET (Tgt S:44 P:500000) | 6 of 6, cached: 6 ✔
[60/bc3312] TES…43 NP:500000 B:256 H:1024) | 55 of 72

executor >  slurm (59)
[2c/08631c] GEN_SOURCE (Src S:44 Shf:5.0)  | 9 of 9, cached: 9 ✔
[18/984a89] TRA… S:44 N:1000000 Batch:256) | 36 of 36, cached: 36 ✔
[c3/3c242f] GEN_TARGET (Tgt S:44 P:500000) | 6 of 6, cached: 6 ✔
[60/bc3312] TES…43 NP:500000 B:256 H:1024) | 55 of 72

executor >  slurm (60)
[2c/08631c] GEN_SOURCE (Src S:44 Shf:5.0)  | 9 of 9, cached: 9 ✔
[18/984a89] TRA… S:44 N:1000000 Batch:256) | 36 of 36, cached: 36 ✔
[c3/3c242f] GEN_TARGET (Tgt S:44 P:500000) | 6 of 6, cached: 6 ✔
[13/240570] TES…S:44 NP:100000 B:64 H:512) | 55 of 72

executor >  slurm (60)
[2c/08631c] GEN_SOURCE (Src S:44 Shf:5.0)  | 9 of 9, cached: 9 ✔
[18/984a89] TRA… S:44 N:1000000 Batch:256) | 36 of 36, cached: 36 ✔
[c3/3c242f] GEN_TARGET (Tgt S:44 P:500000) | 6 of 6, cached: 6 ✔
[07/e07237] TES…:44 NP:100000 B:64 H:1024) | 56 of 72

executor >  slurm (60)
[2c/08631c] GEN_SOURCE (Src S:44 Shf:5.0)  | 9 of 9, cached: 9 ✔
[18/984a89] TRA… S:44 N:1000000 Batch:256) | 36 of 36, cached: 36 ✔
[c3/3c242f] GEN_TARGET (Tgt S:44 P:500000) | 6 of 6, cached: 6 ✔
[07/e07237] TES…:44 NP:100000 B:64 H:1024) | 56 of 72

executor >  slurm (61)
[2c/08631c] GEN_SOURCE (Src S:44 Shf:5.0)  | 9 of 9, cached: 9 ✔
[18/984a89] TRA… S:44 N:1000000 Batch:256) | 36 of 36, cached: 36 ✔
[c3/3c242f] GEN_TARGET (Tgt S:44 P:500000) | 6 of 6, cached: 6 ✔
[49/14fe97] TES…44 NP:500000 B:256 H:1024) | 56 of 72

executor >  slurm (61)
[2c/08631c] GEN_SOURCE (Src S:44 Shf:5.0)  | 9 of 9, cached: 9 ✔
[18/984a89] TRA… S:44 N:1000000 Batch:256) | 36 of 36, cached: 36 ✔
[c3/3c242f] GEN_TARGET (Tgt S:44 P:500000) | 6 of 6, cached: 6 ✔
[13/240570] TES…S:44 NP:100000 B:64 H:512) | 57 of 72

executor >  slurm (62)
[2c/08631c] GEN_SOURCE (Src S:44 Shf:5.0)  | 9 of 9, cached: 9 ✔
[18/984a89] TRA… S:44 N:1000000 Batch:256) | 36 of 36, cached: 36 ✔
[c3/3c242f] GEN_TARGET (Tgt S:44 P:500000) | 6 of 6, cached: 6 ✔
[5a/699678] TES…44 NP:100000 B:256 H:1024) | 57 of 72

executor >  slurm (62)
[2c/08631c] GEN_SOURCE (Src S:44 Shf:5.0)  | 9 of 9, cached: 9 ✔
[18/984a89] TRA… S:44 N:1000000 Batch:256) | 36 of 36, cached: 36 ✔
[c3/3c242f] GEN_TARGET (Tgt S:44 P:500000) | 6 of 6, cached: 6 ✔
[35/41580e] TES…:44 NP:500000 B:64 H:1024) | 58 of 72

executor >  slurm (62)
[2c/08631c] GEN_SOURCE (Src S:44 Shf:5.0)  | 9 of 9, cached: 9 ✔
[18/984a89] TRA… S:44 N:1000000 Batch:256) | 36 of 36, cached: 36 ✔
[c3/3c242f] GEN_TARGET (Tgt S:44 P:500000) | 6 of 6, cached: 6 ✔
[35/41580e] TES…:44 NP:500000 B:64 H:1024) | 58 of 72

executor >  slurm (63)
[2c/08631c] GEN_SOURCE (Src S:44 Shf:5.0)  | 9 of 9, cached: 9 ✔
[18/984a89] TRA… S:44 N:1000000 Batch:256) | 36 of 36, cached: 36 ✔
[c3/3c242f] GEN_TARGET (Tgt S:44 P:500000) | 6 of 6, cached: 6 ✔
[05/275066] TES…:44 NP:100000 B:256 H:512) | 58 of 72

executor >  slurm (63)
[2c/08631c] GEN_SOURCE (Src S:44 Shf:5.0)  | 9 of 9, cached: 9 ✔
[18/984a89] TRA… S:44 N:1000000 Batch:256) | 36 of 36, cached: 36 ✔
[c3/3c242f] GEN_TARGET (Tgt S:44 P:500000) | 6 of 6, cached: 6 ✔
[c3/197530] TES…S:44 NP:500000 B:64 H:512) | 59 of 72

executor >  slurm (64)
[2c/08631c] GEN_SOURCE (Src S:44 Shf:5.0)  | 9 of 9, cached: 9 ✔
[18/984a89] TRA… S:44 N:1000000 Batch:256) | 36 of 36, cached: 36 ✔
[c3/3c242f] GEN_TARGET (Tgt S:44 P:500000) | 6 of 6, cached: 6 ✔
[5a/699678] TES…44 NP:100000 B:256 H:1024) | 60 of 72

executor >  slurm (64)
[2c/08631c] GEN_SOURCE (Src S:44 Shf:5.0)  | 9 of 9, cached: 9 ✔
[18/984a89] TRA… S:44 N:1000000 Batch:256) | 36 of 36, cached: 36 ✔
[c3/3c242f] GEN_TARGET (Tgt S:44 P:500000) | 6 of 6, cached: 6 ✔
[5a/699678] TES…44 NP:100000 B:256 H:1024) | 60 of 72

executor >  slurm (65)
[2c/08631c] GEN_SOURCE (Src S:44 Shf:5.0)  | 9 of 9, cached: 9 ✔
[18/984a89] TRA… S:44 N:1000000 Batch:256) | 36 of 36, cached: 36 ✔
[c3/3c242f] GEN_TARGET (Tgt S:44 P:500000) | 6 of 6, cached: 6 ✔
[7d/ed2b1b] TES…S:44 NP:500000 B:64 H:512) | 60 of 72

executor >  slurm (65)
[2c/08631c] GEN_SOURCE (Src S:44 Shf:5.0)  | 9 of 9, cached: 9 ✔
[18/984a89] TRA… S:44 N:1000000 Batch:256) | 36 of 36, cached: 36 ✔
[c3/3c242f] GEN_TARGET (Tgt S:44 P:500000) | 6 of 6, cached: 6 ✔
[49/14fe97] TES…44 NP:500000 B:256 H:1024) | 61 of 72

executor >  slurm (65)
[2c/08631c] GEN_SOURCE (Src S:44 Shf:5.0)  | 9 of 9, cached: 9 ✔
[18/984a89] TRA… S:44 N:1000000 Batch:256) | 36 of 36, cached: 36 ✔
[c3/3c242f] GEN_TARGET (Tgt S:44 P:500000) | 6 of 6, cached: 6 ✔
[49/14fe97] TES…44 NP:500000 B:256 H:1024) | 61 of 72

executor >  slurm (66)
[2c/08631c] GEN_SOURCE (Src S:44 Shf:5.0)  | 9 of 9, cached: 9 ✔
[18/984a89] TRA… S:44 N:1000000 Batch:256) | 36 of 36, cached: 36 ✔
[c3/3c242f] GEN_TARGET (Tgt S:44 P:500000) | 6 of 6, cached: 6 ✔
[6e/7a9d11] TES…S:44 NP:100000 B:64 H:512) | 62 of 72

executor >  slurm (67)
[2c/08631c] GEN_SOURCE (Src S:44 Shf:5.0)  | 9 of 9, cached: 9 ✔
[18/984a89] TRA… S:44 N:1000000 Batch:256) | 36 of 36, cached: 36 ✔
[c3/3c242f] GEN_TARGET (Tgt S:44 P:500000) | 6 of 6, cached: 6 ✔
[db/ee46ad] TES…:44 NP:500000 B:256 H:512) | 62 of 72

executor >  slurm (67)
[2c/08631c] GEN_SOURCE (Src S:44 Shf:5.0)  | 9 of 9, cached: 9 ✔
[18/984a89] TRA… S:44 N:1000000 Batch:256) | 36 of 36, cached: 36 ✔
[c3/3c242f] GEN_TARGET (Tgt S:44 P:500000) | 6 of 6, cached: 6 ✔
[05/275066] TES…:44 NP:100000 B:256 H:512) | 63 of 72

executor >  slurm (67)
[2c/08631c] GEN_SOURCE (Src S:44 Shf:5.0)  | 9 of 9, cached: 9 ✔
[18/984a89] TRA… S:44 N:1000000 Batch:256) | 36 of 36, cached: 36 ✔
[c3/3c242f] GEN_TARGET (Tgt S:44 P:500000) | 6 of 6, cached: 6 ✔
[05/275066] TES…:44 NP:100000 B:256 H:512) | 63 of 72

executor >  slurm (68)
[2c/08631c] GEN_SOURCE (Src S:44 Shf:5.0)  | 9 of 9, cached: 9 ✔
[18/984a89] TRA… S:44 N:1000000 Batch:256) | 36 of 36, cached: 36 ✔
[c3/3c242f] GEN_TARGET (Tgt S:44 P:500000) | 6 of 6, cached: 6 ✔
[9c/3fadd0] TES…:44 NP:100000 B:64 H:1024) | 63 of 72

executor >  slurm (68)
[2c/08631c] GEN_SOURCE (Src S:44 Shf:5.0)  | 9 of 9, cached: 9 ✔
[18/984a89] TRA… S:44 N:1000000 Batch:256) | 36 of 36, cached: 36 ✔
[c3/3c242f] GEN_TARGET (Tgt S:44 P:500000) | 6 of 6, cached: 6 ✔
[7d/ed2b1b] TES…S:44 NP:500000 B:64 H:512) | 64 of 72

executor >  slurm (68)
[2c/08631c] GEN_SOURCE (Src S:44 Shf:5.0)  | 9 of 9, cached: 9 ✔
[18/984a89] TRA… S:44 N:1000000 Batch:256) | 36 of 36, cached: 36 ✔
[c3/3c242f] GEN_TARGET (Tgt S:44 P:500000) | 6 of 6, cached: 6 ✔
[7d/ed2b1b] TES…S:44 NP:500000 B:64 H:512) | 64 of 72

executor >  slurm (69)
[2c/08631c] GEN_SOURCE (Src S:44 Shf:5.0)  | 9 of 9, cached: 9 ✔
[18/984a89] TRA… S:44 N:1000000 Batch:256) | 36 of 36, cached: 36 ✔
[c3/3c242f] GEN_TARGET (Tgt S:44 P:500000) | 6 of 6, cached: 6 ✔
[22/264415] TES…:44 NP:100000 B:256 H:512) | 64 of 72

executor >  slurm (69)
[2c/08631c] GEN_SOURCE (Src S:44 Shf:5.0)  | 9 of 9, cached: 9 ✔
[18/984a89] TRA… S:44 N:1000000 Batch:256) | 36 of 36, cached: 36 ✔
[c3/3c242f] GEN_TARGET (Tgt S:44 P:500000) | 6 of 6, cached: 6 ✔
[9c/3fadd0] TES…:44 NP:100000 B:64 H:1024) | 65 of 72

executor >  slurm (70)
[2c/08631c] GEN_SOURCE (Src S:44 Shf:5.0)  | 9 of 9, cached: 9 ✔
[18/984a89] TRA… S:44 N:1000000 Batch:256) | 36 of 36, cached: 36 ✔
[c3/3c242f] GEN_TARGET (Tgt S:44 P:500000) | 6 of 6, cached: 6 ✔
[42/2e98d6] TES…44 NP:100000 B:256 H:1024) | 65 of 72

executor >  slurm (70)
[2c/08631c] GEN_SOURCE (Src S:44 Shf:5.0)  | 9 of 9, cached: 9 ✔
[18/984a89] TRA… S:44 N:1000000 Batch:256) | 36 of 36, cached: 36 ✔
[c3/3c242f] GEN_TARGET (Tgt S:44 P:500000) | 6 of 6, cached: 6 ✔
[db/ee46ad] TES…:44 NP:500000 B:256 H:512) | 66 of 72

executor >  slurm (71)
[2c/08631c] GEN_SOURCE (Src S:44 Shf:5.0)  | 9 of 9, cached: 9 ✔
[18/984a89] TRA… S:44 N:1000000 Batch:256) | 36 of 36, cached: 36 ✔
[c3/3c242f] GEN_TARGET (Tgt S:44 P:500000) | 6 of 6, cached: 6 ✔
[ab/61c63f] TES…44 NP:500000 B:256 H:1024) | 66 of 72

executor >  slurm (71)
[2c/08631c] GEN_SOURCE (Src S:44 Shf:5.0)  | 9 of 9, cached: 9 ✔
[18/984a89] TRA… S:44 N:1000000 Batch:256) | 36 of 36, cached: 36 ✔
[c3/3c242f] GEN_TARGET (Tgt S:44 P:500000) | 6 of 6, cached: 6 ✔
[0b/a0433e] TES…:44 NP:500000 B:256 H:512) | 67 of 72

executor >  slurm (71)
[2c/08631c] GEN_SOURCE (Src S:44 Shf:5.0)  | 9 of 9, cached: 9 ✔
[18/984a89] TRA… S:44 N:1000000 Batch:256) | 36 of 36, cached: 36 ✔
[c3/3c242f] GEN_TARGET (Tgt S:44 P:500000) | 6 of 6, cached: 6 ✔
[0b/a0433e] TES…:44 NP:500000 B:256 H:512) | 67 of 72

executor >  slurm (72)
[2c/08631c] GEN_SOURCE (Src S:44 Shf:5.0)  | 9 of 9, cached: 9 ✔
[18/984a89] TRA… S:44 N:1000000 Batch:256) | 36 of 36, cached: 36 ✔
[c3/3c242f] GEN_TARGET (Tgt S:44 P:500000) | 6 of 6, cached: 6 ✔
[83/8701df] TES…:44 NP:500000 B:64 H:1024) | 67 of 72

executor >  slurm (72)
[2c/08631c] GEN_SOURCE (Src S:44 Shf:5.0)  | 9 of 9, cached: 9 ✔
[18/984a89] TRA… S:44 N:1000000 Batch:256) | 36 of 36, cached: 36 ✔
[c3/3c242f] GEN_TARGET (Tgt S:44 P:500000) | 6 of 6, cached: 6 ✔
[42/2e98d6] TES…44 NP:100000 B:256 H:1024) | 68 of 72

executor >  slurm (72)
[2c/08631c] GEN_SOURCE (Src S:44 Shf:5.0)  | 9 of 9, cached: 9 ✔
[18/984a89] TRA… S:44 N:1000000 Batch:256) | 36 of 36, cached: 36 ✔
[c3/3c242f] GEN_TARGET (Tgt S:44 P:500000) | 6 of 6, cached: 6 ✔
[42/2e98d6] TES…44 NP:100000 B:256 H:1024) | 68 of 72

executor >  slurm (72)
[2c/08631c] GEN_SOURCE (Src S:44 Shf:5.0)  | 9 of 9, cached: 9 ✔
[18/984a89] TRA… S:44 N:1000000 Batch:256) | 36 of 36, cached: 36 ✔
[c3/3c242f] GEN_TARGET (Tgt S:44 P:500000) | 6 of 6, cached: 6 ✔
[22/264415] TES…:44 NP:100000 B:256 H:512) | 69 of 72

executor >  slurm (72)
[2c/08631c] GEN_SOURCE (Src S:44 Shf:5.0)  | 9 of 9, cached: 9 ✔
[18/984a89] TRA… S:44 N:1000000 Batch:256) | 36 of 36, cached: 36 ✔
[c3/3c242f] GEN_TARGET (Tgt S:44 P:500000) | 6 of 6, cached: 6 ✔
[ab/61c63f] TES…44 NP:500000 B:256 H:1024) | 70 of 72

executor >  slurm (72)
[2c/08631c] GEN_SOURCE (Src S:44 Shf:5.0)  | 9 of 9, cached: 9 ✔
[18/984a89] TRA… S:44 N:1000000 Batch:256) | 36 of 36, cached: 36 ✔
[c3/3c242f] GEN_TARGET (Tgt S:44 P:500000) | 6 of 6, cached: 6 ✔
[83/8701df] TES…:44 NP:500000 B:64 H:1024) | 71 of 72

executor >  slurm (72)
[2c/08631c] GEN_SOURCE (Src S:44 Shf:5.0)  | 9 of 9, cached: 9 ✔
[18/984a89] TRA… S:44 N:1000000 Batch:256) | 36 of 36, cached: 36 ✔
[c3/3c242f] GEN_TARGET (Tgt S:44 P:500000) | 6 of 6, cached: 6 ✔
[66/b2b1b5] TES…:44 NP:100000 B:64 H:1024) | 72 of 72 ✔

executor >  slurm (72)
[2c/08631c] GEN_SOURCE (Src S:44 Shf:5.0)  | 9 of 9, cached: 9 ✔
[18/984a89] TRA… S:44 N:1000000 Batch:256) | 36 of 36, cached: 36 ✔
[c3/3c242f] GEN_TARGET (Tgt S:44 P:500000) | 6 of 6, cached: 6 ✔
[66/b2b1b5] TES…:44 NP:100000 B:64 H:1024) | 72 of 72 ✔
Completed at: 17-Mar-2026 22:27:57
Duration    : 5h 43m 40s
CPU hours   : 75.3 (44.6% cached)
Succeeded   : 72
Cached      : 51


