[33mNextflow 25.10.4 is available - Please consider updating your version to it[0m

 N E X T F L O W   ~  version 25.10.3

Launching `main.nf` [fabulous_wing] DSL2 - revision: ea83ae7306

[-        ] GEN_SOURCE   -
[-        ] TRAIN_SOURCE -

[-        ] GEN_SOURCE      -
[-        ] TRAIN_SOURCE    -
[-        ] GEN_TARGET      -
[-        ] TEST_ADAPTATION -

[2d/a362b3] GEN_SOURCE (Src S:42 Shf:1.0)  | 2 of 2, cached: 2
[-        ] TRAIN_SOURCE                   -
[87/d21385] GEN_TARGET (Tgt S:42 P:100000) | 1 of 1, cached: 1
[-        ] TEST_ADAPTATION                -

[2d/a362b3] GEN_SOURCE (Src S:42 Shf:1.0)  | 2 of 2, cached: 2
[-        ] TRAIN_SOURCE                   -
[88/dd8c81] GEN_TARGET (Tgt S:43 P:100000) | 2 of 2, cached: 2
[-        ] TEST_ADAPTATION                -

[e3/ddc80c] GEN_SOURCE (Src S:44 Shf:1.0)  | 3 of 3, cached: 3
[-        ] TRAIN_SOURCE                   -
[a9/4c20e6] GEN_TARGET (Tgt S:44 P:100000) | 3 of 3, cached: 3
[-        ] TEST_ADAPTATION                -

[4a/f32e14] GEN_SOURCE (Src S:43 Shf:5.0)  | 8 of 8, cached: 8
[2a/e07e4a] TRA… S:43 N:1000000 Batch:256) | 3 of 3, cached: 3
[af/bcd38c] GEN_TARGET (Tgt S:42 P:500000) | 4 of 4, cached: 4
[-        ] TEST_ADAPTATION                -

[2c/08631c] GEN_SOURCE (Src S:44 Shf:5.0)  | 9 of 9, cached: 9 ✔
[97/144fa1] TRA…n S:42 N:1000000 Batch:64) | 6 of 6, cached: 6
[27/64e8f9] GEN_TARGET (Tgt S:43 P:500000) | 6 of 6, cached: 6 ✔
[-        ] TEST_ADAPTATION                -

[2c/08631c] GEN_SOURCE (Src S:44 Shf:5.0)  | 9 of 9, cached: 9 ✔
[42/43acce] TRA…n S:44 N:1000000 Batch:64) | 10 of 10, cached: 10
[27/64e8f9] GEN_TARGET (Tgt S:43 P:500000) | 6 of 6, cached: 6 ✔
[-        ] TEST_ADAPTATION                -

[2c/08631c] GEN_SOURCE (Src S:44 Shf:5.0)  | 9 of 9, cached: 9 ✔
[3e/ba7951] TRA…n S:42 N:1000000 Batch:64) | 14 of 14, cached: 14
[27/64e8f9] GEN_TARGET (Tgt S:43 P:500000) | 6 of 6, cached: 6 ✔
[-        ] TEST_ADAPTATION                | 0 of 4

[2c/08631c] GEN_SOURCE (Src S:44 Shf:5.0)  | 9 of 9, cached: 9 ✔
[e0/717498] TRA… S:43 N:1000000 Batch:256) | 19 of 19, cached: 19
[27/64e8f9] GEN_TARGET (Tgt S:43 P:500000) | 6 of 6, cached: 6 ✔
[-        ] TEST_ADAPTATION                | 0 of 4

[2c/08631c] GEN_SOURCE (Src S:44 Shf:5.0)  | 9 of 9, cached: 9 ✔
[71/f06692] TRA… S:42 N:1000000 Batch:256) | 27 of 27, cached: 27
[27/64e8f9] GEN_TARGET (Tgt S:43 P:500000) | 6 of 6, cached: 6 ✔
[-        ] TEST_ADAPTATION                | 0 of 4

executor >  slurm (1)
[2c/08631c] GEN_SOURCE (Src S:44 Shf:5.0)  | 9 of 9, cached: 9 ✔
[48/2897c2] TRA… S:43 N:1000000 Batch:256) | 32 of 32, cached: 32
[27/64e8f9] GEN_TARGET (Tgt S:43 P:500000) | 6 of 6, cached: 6 ✔
[c4/ac49aa] TES…S:43 NP:100000 B:64 H:512) | 0 of 4

executor >  slurm (2)
[2c/08631c] GEN_SOURCE (Src S:44 Shf:5.0)  | 9 of 9, cached: 9 ✔
[18/984a89] TRA… S:44 N:1000000 Batch:256) | 36 of 36, cached: 36 ✔
[27/64e8f9] GEN_TARGET (Tgt S:43 P:500000) | 6 of 6, cached: 6 ✔
[3e/0c6018] TES…:43 NP:100000 B:64 H:1024) | 0 of 4

executor >  slurm (3)
[2c/08631c] GEN_SOURCE (Src S:44 Shf:5.0)  | 9 of 9, cached: 9 ✔
[18/984a89] TRA… S:44 N:1000000 Batch:256) | 36 of 36, cached: 36 ✔
[27/64e8f9] GEN_TARGET (Tgt S:43 P:500000) | 6 of 6, cached: 6 ✔
[56/280867] TES…43 NP:100000 B:256 H:1024) | 0 of 4

executor >  slurm (4)
[2c/08631c] GEN_SOURCE (Src S:44 Shf:5.0)  | 9 of 9, cached: 9 ✔
[18/984a89] TRA… S:44 N:1000000 Batch:256) | 36 of 36, cached: 36 ✔
[27/64e8f9] GEN_TARGET (Tgt S:43 P:500000) | 6 of 6, cached: 6 ✔
[84/beebbe] TES…:43 NP:500000 B:64 H:1024) | 0 of 7

executor >  slurm (4)
[2c/08631c] GEN_SOURCE (Src S:44 Shf:5.0)  | 9 of 9, cached: 9 ✔
[18/984a89] TRA… S:44 N:1000000 Batch:256) | 36 of 36, cached: 36 ✔
[27/64e8f9] GEN_TARGET (Tgt S:43 P:500000) | 6 of 6, cached: 6 ✔
[84/beebbe] TES…:43 NP:500000 B:64 H:1024) | 0 of 19

executor >  slurm (4)
[2c/08631c] GEN_SOURCE (Src S:44 Shf:5.0)  | 9 of 9, cached: 9 ✔
[18/984a89] TRA… S:44 N:1000000 Batch:256) | 36 of 36, cached: 36 ✔
[27/64e8f9] GEN_TARGET (Tgt S:43 P:500000) | 6 of 6, cached: 6 ✔
[84/beebbe] TES…:43 NP:500000 B:64 H:1024) | 0 of 30

executor >  slurm (4)
[2c/08631c] GEN_SOURCE (Src S:44 Shf:5.0)  | 9 of 9, cached: 9 ✔
[18/984a89] TRA… S:44 N:1000000 Batch:256) | 36 of 36, cached: 36 ✔
[27/64e8f9] GEN_TARGET (Tgt S:43 P:500000) | 6 of 6, cached: 6 ✔
[84/beebbe] TES…:43 NP:500000 B:64 H:1024) | 0 of 33

executor >  slurm (4)
[2c/08631c] GEN_SOURCE (Src S:44 Shf:5.0)  | 9 of 9, cached: 9 ✔
[18/984a89] TRA… S:44 N:1000000 Batch:256) | 36 of 36, cached: 36 ✔
[27/64e8f9] GEN_TARGET (Tgt S:43 P:500000) | 6 of 6, cached: 6 ✔
[84/beebbe] TES…:43 NP:500000 B:64 H:1024) | 0 of 40

executor >  slurm (4)
[2c/08631c] GEN_SOURCE (Src S:44 Shf:5.0)  | 9 of 9, cached: 9 ✔
[18/984a89] TRA… S:44 N:1000000 Batch:256) | 36 of 36, cached: 36 ✔
[27/64e8f9] GEN_TARGET (Tgt S:43 P:500000) | 6 of 6, cached: 6 ✔
[84/beebbe] TES…:43 NP:500000 B:64 H:1024) | 0 of 50

executor >  slurm (4)
[2c/08631c] GEN_SOURCE (Src S:44 Shf:5.0)  | 9 of 9, cached: 9 ✔
[18/984a89] TRA… S:44 N:1000000 Batch:256) | 36 of 36, cached: 36 ✔
[27/64e8f9] GEN_TARGET (Tgt S:43 P:500000) | 6 of 6, cached: 6 ✔
[84/beebbe] TES…:43 NP:500000 B:64 H:1024) | 0 of 62

executor >  slurm (4)
[2c/08631c] GEN_SOURCE (Src S:44 Shf:5.0)  | 9 of 9, cached: 9 ✔
[18/984a89] TRA… S:44 N:1000000 Batch:256) | 36 of 36, cached: 36 ✔
[27/64e8f9] GEN_TARGET (Tgt S:43 P:500000) | 6 of 6, cached: 6 ✔
[84/beebbe] TES…:43 NP:500000 B:64 H:1024) | 0 of 72

executor >  slurm (4)
[2c/08631c] GEN_SOURCE (Src S:44 Shf:5.0)  | 9 of 9, cached: 9 ✔
[18/984a89] TRA… S:44 N:1000000 Batch:256) | 36 of 36, cached: 36 ✔
[27/64e8f9] GEN_TARGET (Tgt S:43 P:500000) | 6 of 6, cached: 6 ✔
[84/beebbe] TES…:43 NP:500000 B:64 H:1024) | 0 of 72

executor >  slurm (5)
[2c/08631c] GEN_SOURCE (Src S:44 Shf:5.0)  | 9 of 9, cached: 9 ✔
[18/984a89] TRA… S:44 N:1000000 Batch:256) | 36 of 36, cached: 36 ✔
[27/64e8f9] GEN_TARGET (Tgt S:43 P:500000) | 6 of 6, cached: 6 ✔
[0a/49424f] TES…:43 NP:100000 B:256 H:512) | 0 of 72
ERROR ~ Error executing process > 'TEST_ADAPTATION (Adapt S:43 NP:100000 B:64 H:512)'

Caused by:
  Process `TEST_ADAPTATION (Adapt S:43 NP:100000 B:64 H:512)` terminated with an error exit status (2)


Command executed:

  # FORCING CACHE INVALIDATION: EXPERIMENT 3 (PURE ADAM ABLATION)
  python /work/ah2lab/LiamK/plm-thesis-dynamics/src/adapt.py         --base_model model_S43.pt         --pool_x pool_X.npy     python /work/ah2lab/LiamK/plm-thesis-dynamics/src/adapt.py         --base_model model_S43.pt         --pool_x pool_X.npy         --pool_y pool_y.npy         --test_x test_X.npy         --test_y test_y.npy         --ref_x source_X.npy         --batch_size 64         --lr 5.0E-5         --hidden_dim 512         --dropout 0.1         --num_classes 100         --output_model adapted_model_S43_NP100000_Shf1.0_B64_H512.pt         > adapt_log_S43_NP100000_Shf1.0_B64_H512.log

Command exit status:
  2

Command output:
  (empty)

Command error:
  python: can't open file '/work/ah2lab/LiamK/plm-thesis-dynamics/src/adapt.py': [Errno 2] No such file or directory

Work dir:
  /work/ah2lab/LiamK/plm-thesis-dynamics/work/c4/ac49aa87f10546cb44b33945a17075

Tip: you can try to figure out what's wrong by changing to the process work dir and showing the script file named `.command.sh`

 -- Check '.nextflow.log' file for details

executor >  slurm (5)
[2c/08631c] GEN_SOURCE (Src S:44 Shf:5.0)  | 9 of 9, cached: 9 ✔
[18/984a89] TRA… S:44 N:1000000 Batch:256) | 36 of 36, cached: 36 ✔
[27/64e8f9] GEN_TARGET (Tgt S:43 P:500000) | 6 of 6, cached: 6 ✔
[0a/49424f] TES…:43 NP:100000 B:256 H:512) | 0 of 72
WARN: Killing running tasks (4)
ERROR ~ Error executing process > 'TEST_ADAPTATION (Adapt S:43 NP:100000 B:64 H:512)'

Caused by:
  Process `TEST_ADAPTATION (Adapt S:43 NP:100000 B:64 H:512)` terminated with an error exit status (2)


Command executed:

  # FORCING CACHE INVALIDATION: EXPERIMENT 3 (PURE ADAM ABLATION)
  python /work/ah2lab/LiamK/plm-thesis-dynamics/src/adapt.py         --base_model model_S43.pt         --pool_x pool_X.npy     python /work/ah2lab/LiamK/plm-thesis-dynamics/src/adapt.py         --base_model model_S43.pt         --pool_x pool_X.npy         --pool_y pool_y.npy         --test_x test_X.npy         --test_y test_y.npy         --ref_x source_X.npy         --batch_size 64         --lr 5.0E-5         --hidden_dim 512         --dropout 0.1         --num_classes 100         --output_model adapted_model_S43_NP100000_Shf1.0_B64_H512.pt         > adapt_log_S43_NP100000_Shf1.0_B64_H512.log

Command exit status:
  2

Command output:
  (empty)

Command error:
  python: can't open file '/work/ah2lab/LiamK/plm-thesis-dynamics/src/adapt.py': [Errno 2] No such file or directory

Work dir:
  /work/ah2lab/LiamK/plm-thesis-dynamics/work/c4/ac49aa87f10546cb44b33945a17075

Tip: you can try to figure out what's wrong by changing to the process work dir and showing the script file named `.command.sh`

 -- Check '.nextflow.log' file for details

executor >  slurm (5)
[2c/08631c] GEN_SOURCE (Src S:44 Shf:5.0)  | 9 of 9, cached: 9 ✔
[18/984a89] TRA… S:44 N:1000000 Batch:256) | 36 of 36, cached: 36 ✔
[27/64e8f9] GEN_TARGET (Tgt S:43 P:500000) | 6 of 6, cached: 6 ✔
[0a/49424f] TES…:43 NP:100000 B:256 H:512) | 0 of 72
WARN: Killing running tasks (4)
ERROR ~ Error executing process > 'TEST_ADAPTATION (Adapt S:43 NP:100000 B:64 H:512)'

Caused by:
  Process `TEST_ADAPTATION (Adapt S:43 NP:100000 B:64 H:512)` terminated with an error exit status (2)


Command executed:

  # FORCING CACHE INVALIDATION: EXPERIMENT 3 (PURE ADAM ABLATION)
  python /work/ah2lab/LiamK/plm-thesis-dynamics/src/adapt.py         --base_model model_S43.pt         --pool_x pool_X.npy     python /work/ah2lab/LiamK/plm-thesis-dynamics/src/adapt.py         --base_model model_S43.pt         --pool_x pool_X.npy         --pool_y pool_y.npy         --test_x test_X.npy         --test_y test_y.npy         --ref_x source_X.npy         --batch_size 64         --lr 5.0E-5         --hidden_dim 512         --dropout 0.1         --num_classes 100         --output_model adapted_model_S43_NP100000_Shf1.0_B64_H512.pt         > adapt_log_S43_NP100000_Shf1.0_B64_H512.log

Command exit status:
  2

Command output:
  (empty)

Command error:
  python: can't open file '/work/ah2lab/LiamK/plm-thesis-dynamics/src/adapt.py': [Errno 2] No such file or directory

Work dir:
  /work/ah2lab/LiamK/plm-thesis-dynamics/work/c4/ac49aa87f10546cb44b33945a17075

Tip: you can try to figure out what's wrong by changing to the process work dir and showing the script file named `.command.sh`

 -- Check '.nextflow.log' file for details

