Mar-19 15:03:11.960 [main] DEBUG nextflow.cli.Launcher - $> nextflow -log nextflow_exp1.log run main.nf -profile sapelo2 -params-file configs/experiment1.yaml -work-dir work_exp1 -resume
Mar-19 15:03:12.487 [main] DEBUG nextflow.cli.CmdRun - N E X T F L O W  ~  version 25.10.3
Mar-19 15:03:12.610 [main] DEBUG nextflow.plugin.PluginsFacade - Setting up plugin manager > mode=prod; embedded=false; plugins-dir=/home/lmk04992/.nextflow/plugins; core-plugins: nf-amazon@3.4.3,nf-azure@1.20.2,nf-cloudcache@0.5.0,nf-codecommit@0.5.0,nf-console@1.3.0,nf-google@1.23.4,nf-k8s@1.2.2,nf-tower@1.17.4,nf-wave@1.16.1
Mar-19 15:03:12.696 [main] INFO  o.pf4j.DefaultPluginStatusProvider - Enabled plugins: []
Mar-19 15:03:12.699 [main] INFO  o.pf4j.DefaultPluginStatusProvider - Disabled plugins: []
Mar-19 15:03:12.709 [main] INFO  org.pf4j.DefaultPluginManager - PF4J version 3.12.0 in 'deployment' mode
Mar-19 15:03:12.762 [main] DEBUG nextflow.util.RetryConfig - Missing nextflow session - using default retry config
Mar-19 15:03:13.298 [main] INFO  org.pf4j.AbstractPluginManager - No plugins
Mar-19 15:03:13.499 [main] DEBUG nextflow.config.ConfigBuilder - Found config local: /work/ah2lab/LiamK/plm-thesis-dynamics/nextflow.config
Mar-19 15:03:13.505 [main] DEBUG nextflow.config.ConfigBuilder - Parsing config file: /work/ah2lab/LiamK/plm-thesis-dynamics/nextflow.config
Mar-19 15:03:13.610 [main] DEBUG nextflow.config.ConfigBuilder - Applying config profile: `sapelo2`
Mar-19 15:03:15.169 [main] DEBUG nextflow.config.ConfigBuilder - Available config profiles: [standard, sapelo2]
Mar-19 15:03:15.278 [main] DEBUG nextflow.plugin.PluginsFacade - Plugins default=[]
Mar-19 15:03:15.278 [main] DEBUG nextflow.plugin.PluginsFacade - Plugins resolved requirement=[]
Mar-19 15:03:15.327 [main] DEBUG n.secret.LocalSecretsProvider - Secrets store: /home/lmk04992/.nextflow/secrets/store.json
Mar-19 15:03:15.332 [main] DEBUG nextflow.secret.SecretsLoader - Discovered secrets providers: [nextflow.secret.LocalSecretsProvider@695c938d] - activable => nextflow.secret.LocalSecretsProvider@695c938d
Mar-19 15:03:15.342 [main] DEBUG nextflow.cli.CmdRun - Applied DSL=2 by global default
Mar-19 15:03:15.408 [main] DEBUG nextflow.cli.CmdRun - Launching `main.nf` [wise_pike] DSL2 - revision: 80453bc261
Mar-19 15:03:15.540 [main] DEBUG nextflow.Session - Session UUID: bb66ac1c-bfbe-487b-a354-e696fdca966a
Mar-19 15:03:15.540 [main] DEBUG nextflow.Session - Run name: wise_pike
Mar-19 15:03:15.541 [main] DEBUG nextflow.Session - Executor pool size: 2
Mar-19 15:03:15.564 [main] DEBUG nextflow.file.FilePorter - File porter settings maxRetries=3; maxTransfers=50; pollTimeout=null
Mar-19 15:03:15.584 [main] DEBUG nextflow.util.ThreadPoolBuilder - Creating thread pool 'FileTransfer' minSize=10; maxSize=10; workQueue=LinkedBlockingQueue[-1]; allowCoreThreadTimeout=false
Mar-19 15:03:15.626 [main] DEBUG nextflow.cli.CmdRun - 
  Version: 25.10.3 build 10983
  Created: 22-01-2026 15:35 UTC (10:35 EDT)
  System: Linux 5.14.0-503.31.1.el9_5.x86_64
  Runtime: Groovy 4.0.28 on OpenJDK 64-Bit Server VM 25+36-LTS
  Encoding: UTF-8 (UTF-8)
  Process: 2064623@c4-4 [10.2.1.75]
  CPUs: 1 - Mem: 187.5 GB (52.2 GB) - Swap: 0 (0)
Mar-19 15:03:16.357 [main] DEBUG nextflow.Session - Work-dir: /work/ah2lab/LiamK/plm-thesis-dynamics/work_exp1 [lustre]
Mar-19 15:03:16.358 [main] DEBUG nextflow.Session - Script base path does not exist or is not a directory: /work/ah2lab/LiamK/plm-thesis-dynamics/bin
Mar-19 15:03:16.369 [main] DEBUG nextflow.executor.ExecutorFactory - Extension executors providers=[]
Mar-19 15:03:16.408 [main] DEBUG nextflow.Session - Observer factory (v2): LinObserverFactory
Mar-19 15:03:16.418 [main] DEBUG nextflow.Session - Observer factory (v2): DefaultObserverFactory
Mar-19 15:03:16.546 [main] DEBUG nextflow.cache.CacheFactory - Using Nextflow cache factory: nextflow.cache.DefaultCacheFactory
Mar-19 15:03:16.569 [main] DEBUG nextflow.util.CustomThreadPool - Creating default thread pool > poolSize: 2; maxThreads: 1000
Mar-19 15:03:18.481 [main] DEBUG nextflow.Session - Session start
Mar-19 15:03:20.268 [main] DEBUG nextflow.script.ScriptRunner - > Launching execution
Mar-19 15:03:20.931 [main] DEBUG n.script.dsl.ProcessConfigBuilder - Config settings `withName:GEN_SOURCE` matches process GEN_SOURCE
Mar-19 15:03:20.935 [main] DEBUG nextflow.executor.ExecutorFactory - << taskConfig executor: slurm
Mar-19 15:03:20.935 [main] DEBUG nextflow.executor.ExecutorFactory - >> processorType: 'slurm'
Mar-19 15:03:20.974 [main] DEBUG nextflow.executor.Executor - [warm up] executor > slurm
Mar-19 15:03:20.998 [main] DEBUG n.processor.TaskPollingMonitor - Creating task monitor for executor 'slurm' > capacity: 100; pollInterval: 5s; dumpInterval: 5m 
Mar-19 15:03:21.006 [main] DEBUG n.processor.TaskPollingMonitor - >>> barrier register (monitor: slurm)
Mar-19 15:03:21.029 [main] DEBUG n.executor.AbstractGridExecutor - Creating executor 'slurm' > queue-stat-interval: 1m
Mar-19 15:03:21.261 [main] DEBUG nextflow.processor.TaskProcessor - Creating process 'GEN_SOURCE': maxForks=0; fair=false; array=0
Mar-19 15:03:21.375 [main] DEBUG n.script.dsl.ProcessConfigBuilder - Config settings `withName:TRAIN_SOURCE|TEST_ADAPTATION` matches process TRAIN_SOURCE
Mar-19 15:03:21.377 [main] DEBUG nextflow.executor.ExecutorFactory - << taskConfig executor: slurm
Mar-19 15:03:21.377 [main] DEBUG nextflow.executor.ExecutorFactory - >> processorType: 'slurm'
Mar-19 15:03:21.380 [main] DEBUG nextflow.processor.TaskProcessor - Creating process 'TRAIN_SOURCE': maxForks=4; fair=false; array=0
Mar-19 15:03:21.438 [main] DEBUG nextflow.executor.ExecutorFactory - << taskConfig executor: slurm
Mar-19 15:03:21.439 [main] DEBUG nextflow.executor.ExecutorFactory - >> processorType: 'slurm'
Mar-19 15:03:21.443 [main] DEBUG nextflow.processor.TaskProcessor - Creating process 'GEN_TARGET': maxForks=0; fair=false; array=0
Mar-19 15:03:21.474 [main] DEBUG n.script.dsl.ProcessConfigBuilder - Config settings `withName:TRAIN_SOURCE|TEST_ADAPTATION` matches process TEST_ADAPTATION
Mar-19 15:03:21.480 [main] DEBUG nextflow.executor.ExecutorFactory - << taskConfig executor: slurm
Mar-19 15:03:21.480 [main] DEBUG nextflow.executor.ExecutorFactory - >> processorType: 'slurm'
Mar-19 15:03:21.481 [main] DEBUG nextflow.processor.TaskProcessor - Creating process 'TEST_ADAPTATION': maxForks=4; fair=false; array=0
Mar-19 15:03:21.493 [main] DEBUG nextflow.Session - Workflow process names [dsl2]: TRAIN_SOURCE, GEN_SOURCE, GEN_TARGET, TEST_ADAPTATION
Mar-19 15:03:21.498 [main] DEBUG nextflow.Session - Igniting dataflow network (12)
Mar-19 15:03:21.528 [main] DEBUG nextflow.processor.TaskProcessor - Starting process > GEN_SOURCE
Mar-19 15:03:21.538 [main] DEBUG nextflow.processor.TaskProcessor - Starting process > TRAIN_SOURCE
Mar-19 15:03:21.542 [main] DEBUG nextflow.processor.TaskProcessor - Starting process > GEN_TARGET
Mar-19 15:03:21.574 [main] DEBUG nextflow.processor.TaskProcessor - Starting process > TEST_ADAPTATION
Mar-19 15:03:21.614 [main] DEBUG nextflow.script.ScriptRunner - Parsed script files:
  Script_28efe45acd2bb253: /work/ah2lab/LiamK/plm-thesis-dynamics/main.nf
Mar-19 15:03:21.614 [main] DEBUG nextflow.script.ScriptRunner - > Awaiting termination 
Mar-19 15:03:21.614 [main] DEBUG nextflow.Session - Session await
Mar-19 15:03:22.026 [Actor Thread 2] INFO  nextflow.processor.TaskProcessor - [87/c73c95] Cached process > GEN_TARGET (Tgt S:42 P:100000)
Mar-19 15:03:22.044 [Actor Thread 7] INFO  nextflow.processor.TaskProcessor - [d0/7e82ca] Cached process > GEN_SOURCE (Src S:42 Shf:1.0)
Mar-19 15:03:22.045 [Actor Thread 5] INFO  nextflow.processor.TaskProcessor - [25/1dd991] Cached process > GEN_SOURCE (Src S:43 Shf:1.0)
Mar-19 15:03:22.047 [Actor Thread 1] INFO  nextflow.processor.TaskProcessor - [03/fd76d6] Cached process > GEN_TARGET (Tgt S:43 P:100000)
Mar-19 15:03:22.138 [Actor Thread 1] DEBUG nextflow.util.ThreadPoolBuilder - Creating thread pool 'PublishDir' minSize=10; maxSize=10; workQueue=LinkedBlockingQueue[-1]; allowCoreThreadTimeout=false
Mar-19 15:03:22.317 [Actor Thread 9] INFO  nextflow.processor.TaskProcessor - [5a/153063] Cached process > GEN_TARGET (Tgt S:44 P:100000)
Mar-19 15:03:22.355 [Actor Thread 1] INFO  nextflow.processor.TaskProcessor - [ec/e4b078] Cached process > GEN_SOURCE (Src S:44 Shf:1.0)
Mar-19 15:03:22.421 [Actor Thread 2] INFO  nextflow.processor.TaskProcessor - [9c/ef753f] Cached process > GEN_TARGET (Tgt S:42 P:500000)
Mar-19 15:03:22.461 [Actor Thread 9] INFO  nextflow.processor.TaskProcessor - [78/be7b96] Cached process > GEN_TARGET (Tgt S:43 P:500000)
Mar-19 15:03:22.524 [Actor Thread 7] INFO  nextflow.processor.TaskProcessor - [52/e50cfd] Cached process > GEN_SOURCE (Src S:42 Shf:2.0)
Mar-19 15:03:22.634 [Actor Thread 1] INFO  nextflow.processor.TaskProcessor - [00/fd70fb] Cached process > GEN_SOURCE (Src S:43 Shf:2.0)
Mar-19 15:03:22.643 [Actor Thread 5] INFO  nextflow.processor.TaskProcessor - [5d/52a190] Cached process > GEN_TARGET (Tgt S:44 P:500000)
Mar-19 15:03:22.676 [Actor Thread 8] INFO  nextflow.processor.TaskProcessor - [da/5ea613] Cached process > TRAIN_SOURCE (Train S:42 N:1000000 Batch:64)
Mar-19 15:03:22.678 [Actor Thread 10] INFO  nextflow.processor.TaskProcessor - [16/661a11] Cached process > TRAIN_SOURCE (Train S:42 N:1000000 Batch:64)
Mar-19 15:03:22.703 [Actor Thread 9] INFO  nextflow.processor.TaskProcessor - [73/9540ba] Cached process > GEN_SOURCE (Src S:44 Shf:2.0)
Mar-19 15:03:22.816 [Actor Thread 1] INFO  nextflow.processor.TaskProcessor - [e7/dc67e0] Cached process > GEN_SOURCE (Src S:42 Shf:5.0)
Mar-19 15:03:22.821 [Actor Thread 12] INFO  nextflow.processor.TaskProcessor - [17/5a4d85] Cached process > TRAIN_SOURCE (Train S:42 N:1000000 Batch:256)
Mar-19 15:03:22.885 [Actor Thread 13] INFO  nextflow.processor.TaskProcessor - [8c/cee71f] Cached process > GEN_SOURCE (Src S:44 Shf:5.0)
Mar-19 15:03:22.893 [Actor Thread 8] INFO  nextflow.processor.TaskProcessor - [89/72776c] Cached process > TRAIN_SOURCE (Train S:42 N:1000000 Batch:256)
Mar-19 15:03:22.914 [Actor Thread 2] INFO  nextflow.processor.TaskProcessor - [67/1974b6] Cached process > GEN_SOURCE (Src S:43 Shf:5.0)
Mar-19 15:03:23.115 [Actor Thread 13] INFO  nextflow.processor.TaskProcessor - [17/4b1741] Cached process > TRAIN_SOURCE (Train S:43 N:1000000 Batch:256)
Mar-19 15:03:23.126 [Actor Thread 9] INFO  nextflow.processor.TaskProcessor - [2b/db28da] Cached process > TRAIN_SOURCE (Train S:43 N:1000000 Batch:256)
Mar-19 15:03:23.167 [Actor Thread 8] INFO  nextflow.processor.TaskProcessor - [3d/7aa173] Cached process > TRAIN_SOURCE (Train S:44 N:1000000 Batch:64)
Mar-19 15:03:23.269 [Actor Thread 13] INFO  nextflow.processor.TaskProcessor - [fa/883539] Cached process > TRAIN_SOURCE (Train S:44 N:1000000 Batch:64)
Mar-19 15:03:23.272 [Actor Thread 3] INFO  nextflow.processor.TaskProcessor - [b4/ec23dd] Cached process > TEST_ADAPTATION (Adapt S:42 NP:500000 B:64 H:1024)
Mar-19 15:03:23.330 [Actor Thread 10] INFO  nextflow.processor.TaskProcessor - [42/1ea7f7] Cached process > TRAIN_SOURCE (Train S:44 N:1000000 Batch:256)
Mar-19 15:03:23.342 [Actor Thread 11] INFO  nextflow.processor.TaskProcessor - [e2/4ef7f0] Cached process > TEST_ADAPTATION (Adapt S:42 NP:100000 B:64 H:1024)
Mar-19 15:03:23.377 [Actor Thread 8] INFO  nextflow.processor.TaskProcessor - [3d/3c0015] Cached process > TRAIN_SOURCE (Train S:44 N:1000000 Batch:256)
Mar-19 15:03:23.422 [Actor Thread 3] INFO  nextflow.processor.TaskProcessor - [01/9c6db1] Cached process > TRAIN_SOURCE (Train S:42 N:1000000 Batch:64)
Mar-19 15:03:23.479 [Actor Thread 9] INFO  nextflow.processor.TaskProcessor - [1f/5f52f0] Cached process > TEST_ADAPTATION (Adapt S:42 NP:100000 B:64 H:512)
Mar-19 15:03:23.497 [Actor Thread 10] INFO  nextflow.processor.TaskProcessor - [a1/b9bbd5] Cached process > TRAIN_SOURCE (Train S:42 N:1000000 Batch:64)
Mar-19 15:03:23.543 [Actor Thread 8] INFO  nextflow.processor.TaskProcessor - [c2/bc998c] Cached process > TRAIN_SOURCE (Train S:42 N:1000000 Batch:256)
Mar-19 15:03:23.555 [Actor Thread 9] INFO  nextflow.processor.TaskProcessor - [e1/11c25b] Cached process > TRAIN_SOURCE (Train S:42 N:1000000 Batch:256)
Mar-19 15:03:23.606 [Actor Thread 3] INFO  nextflow.processor.TaskProcessor - [c7/4f6838] Cached process > TRAIN_SOURCE (Train S:43 N:1000000 Batch:64)
Mar-19 15:03:23.635 [Actor Thread 10] INFO  nextflow.processor.TaskProcessor - [e1/bac594] Cached process > TRAIN_SOURCE (Train S:43 N:1000000 Batch:64)
Mar-19 15:03:23.681 [Actor Thread 8] INFO  nextflow.processor.TaskProcessor - [37/1f4a5d] Cached process > TRAIN_SOURCE (Train S:43 N:1000000 Batch:256)
Mar-19 15:03:23.683 [Actor Thread 9] INFO  nextflow.processor.TaskProcessor - [3c/2c2ad1] Cached process > TRAIN_SOURCE (Train S:43 N:1000000 Batch:256)
Mar-19 15:03:23.693 [Task submitter] DEBUG nextflow.executor.GridTaskHandler - [SLURM] submitted process TRAIN_SOURCE (Train S:43 N:1000000 Batch:64) > jobId: 43722023; workDir: /work/ah2lab/LiamK/plm-thesis-dynamics/work_exp1/bf/88de6883e96dca20c7921ebd443461
Mar-19 15:03:23.694 [Task submitter] INFO  nextflow.Session - [bf/88de68] Submitted process > TRAIN_SOURCE (Train S:43 N:1000000 Batch:64)
Mar-19 15:03:23.745 [Actor Thread 3] INFO  nextflow.processor.TaskProcessor - [b6/95d875] Cached process > TRAIN_SOURCE (Train S:44 N:1000000 Batch:64)
Mar-19 15:03:23.769 [Actor Thread 13] INFO  nextflow.processor.TaskProcessor - [2e/de76bc] Cached process > TEST_ADAPTATION (Adapt S:42 NP:100000 B:256 H:512)
Mar-19 15:03:23.772 [Actor Thread 10] INFO  nextflow.processor.TaskProcessor - [02/7c5d19] Cached process > TRAIN_SOURCE (Train S:44 N:1000000 Batch:64)
Mar-19 15:03:23.842 [Actor Thread 13] INFO  nextflow.processor.TaskProcessor - [ee/fd65b6] Cached process > TRAIN_SOURCE (Train S:44 N:1000000 Batch:256)
Mar-19 15:03:23.846 [Actor Thread 4] INFO  nextflow.processor.TaskProcessor - [5c/c519c3] Cached process > TEST_ADAPTATION (Adapt S:42 NP:500000 B:64 H:512)
Mar-19 15:03:23.911 [Actor Thread 4] INFO  nextflow.processor.TaskProcessor - [01/ce9253] Cached process > TRAIN_SOURCE (Train S:42 N:1000000 Batch:64)
Mar-19 15:03:23.926 [Actor Thread 3] INFO  nextflow.processor.TaskProcessor - [4f/bdd1a4] Cached process > TRAIN_SOURCE (Train S:44 N:1000000 Batch:256)
Mar-19 15:03:23.954 [Actor Thread 11] INFO  nextflow.processor.TaskProcessor - [02/4abd5d] Cached process > TEST_ADAPTATION (Adapt S:42 NP:500000 B:256 H:512)
Mar-19 15:03:23.995 [Actor Thread 9] INFO  nextflow.processor.TaskProcessor - [c3/b761e0] Cached process > TEST_ADAPTATION (Adapt S:42 NP:100000 B:256 H:1024)
Mar-19 15:03:24.028 [Actor Thread 10] INFO  nextflow.processor.TaskProcessor - [bd/5c386f] Cached process > TRAIN_SOURCE (Train S:42 N:1000000 Batch:64)
Mar-19 15:03:24.062 [Actor Thread 13] INFO  nextflow.processor.TaskProcessor - [7c/3079e5] Cached process > TRAIN_SOURCE (Train S:42 N:1000000 Batch:256)
Mar-19 15:03:24.102 [Actor Thread 4] INFO  nextflow.processor.TaskProcessor - [9b/d2c449] Cached process > TRAIN_SOURCE (Train S:44 N:1000000 Batch:64)
Mar-19 15:03:24.104 [Actor Thread 3] INFO  nextflow.processor.TaskProcessor - [5a/f10788] Cached process > TRAIN_SOURCE (Train S:42 N:1000000 Batch:256)
Mar-19 15:03:24.164 [Task submitter] DEBUG nextflow.executor.GridTaskHandler - [SLURM] submitted process TRAIN_SOURCE (Train S:43 N:1000000 Batch:64) > jobId: 43722024; workDir: /work/ah2lab/LiamK/plm-thesis-dynamics/work_exp1/28/df601e54e91643e2db9d75b1082608
Mar-19 15:03:24.164 [Task submitter] INFO  nextflow.Session - [28/df601e] Submitted process > TRAIN_SOURCE (Train S:43 N:1000000 Batch:64)
Mar-19 15:03:24.167 [Actor Thread 10] INFO  nextflow.processor.TaskProcessor - [b5/1bec0c] Cached process > TRAIN_SOURCE (Train S:44 N:1000000 Batch:64)
Mar-19 15:03:24.196 [Actor Thread 11] INFO  nextflow.processor.TaskProcessor - [0c/20c300] Cached process > TEST_ADAPTATION (Adapt S:43 NP:100000 B:256 H:1024)
Mar-19 15:03:24.212 [Actor Thread 13] INFO  nextflow.processor.TaskProcessor - [a1/3d01e0] Cached process > TRAIN_SOURCE (Train S:44 N:1000000 Batch:256)
Mar-19 15:03:24.222 [Actor Thread 8] INFO  nextflow.processor.TaskProcessor - [f4/e74bce] Cached process > TEST_ADAPTATION (Adapt S:42 NP:500000 B:256 H:1024)
Mar-19 15:03:24.264 [Actor Thread 4] INFO  nextflow.processor.TaskProcessor - [15/e629ec] Cached process > TRAIN_SOURCE (Train S:44 N:1000000 Batch:256)
Mar-19 15:03:24.287 [Actor Thread 11] INFO  nextflow.processor.TaskProcessor - [56/d28c6c] Cached process > TRAIN_SOURCE (Train S:43 N:1000000 Batch:64)
Mar-19 15:03:24.320 [Actor Thread 3] INFO  nextflow.processor.TaskProcessor - [af/0b88d7] Cached process > TRAIN_SOURCE (Train S:43 N:1000000 Batch:256)
Mar-19 15:03:24.376 [Actor Thread 10] INFO  nextflow.processor.TaskProcessor - [3f/88d9fc] Cached process > TRAIN_SOURCE (Train S:43 N:1000000 Batch:64)
Mar-19 15:03:24.387 [Actor Thread 4] INFO  nextflow.processor.TaskProcessor - [35/37f4d6] Cached process > TRAIN_SOURCE (Train S:43 N:1000000 Batch:256)
Mar-19 15:03:24.464 [Actor Thread 9] INFO  nextflow.processor.TaskProcessor - [4e/22d022] Cached process > TEST_ADAPTATION (Adapt S:43 NP:500000 B:256 H:1024)
Mar-19 15:03:24.629 [Actor Thread 8] INFO  nextflow.processor.TaskProcessor - [60/402015] Cached process > TEST_ADAPTATION (Adapt S:43 NP:100000 B:256 H:512)
Mar-19 15:03:24.740 [Actor Thread 6] INFO  nextflow.processor.TaskProcessor - [31/e962c1] Cached process > TEST_ADAPTATION (Adapt S:43 NP:500000 B:256 H:512)
Mar-19 15:03:24.786 [Actor Thread 4] INFO  nextflow.processor.TaskProcessor - [9a/ae2873] Cached process > TEST_ADAPTATION (Adapt S:44 NP:100000 B:64 H:512)
Mar-19 15:03:24.888 [Actor Thread 8] INFO  nextflow.processor.TaskProcessor - [79/8eaad5] Cached process > TEST_ADAPTATION (Adapt S:44 NP:500000 B:64 H:512)
Mar-19 15:03:24.993 [Actor Thread 4] INFO  nextflow.processor.TaskProcessor - [8f/1e4c9e] Cached process > TEST_ADAPTATION (Adapt S:44 NP:500000 B:64 H:1024)
Mar-19 15:03:25.011 [Actor Thread 6] INFO  nextflow.processor.TaskProcessor - [2a/784432] Cached process > TEST_ADAPTATION (Adapt S:44 NP:100000 B:64 H:1024)
Mar-19 15:03:25.187 [Actor Thread 10] INFO  nextflow.processor.TaskProcessor - [28/e8f23e] Cached process > TEST_ADAPTATION (Adapt S:44 NP:100000 B:256 H:512)
Mar-19 15:03:25.286 [Actor Thread 8] INFO  nextflow.processor.TaskProcessor - [00/616a93] Cached process > TEST_ADAPTATION (Adapt S:44 NP:500000 B:256 H:512)
Mar-19 15:03:25.347 [Actor Thread 4] INFO  nextflow.processor.TaskProcessor - [c7/bd6ae4] Cached process > TEST_ADAPTATION (Adapt S:44 NP:100000 B:256 H:1024)
Mar-19 15:03:25.424 [Actor Thread 8] INFO  nextflow.processor.TaskProcessor - [af/2d5d48] Cached process > TEST_ADAPTATION (Adapt S:44 NP:500000 B:256 H:1024)
Mar-19 15:03:25.460 [Actor Thread 6] INFO  nextflow.processor.TaskProcessor - [e4/c13931] Cached process > TEST_ADAPTATION (Adapt S:42 NP:100000 B:64 H:512)
Mar-19 15:03:25.535 [Actor Thread 4] INFO  nextflow.processor.TaskProcessor - [05/60138f] Cached process > TEST_ADAPTATION (Adapt S:42 NP:500000 B:64 H:512)
Mar-19 15:03:25.610 [Actor Thread 8] INFO  nextflow.processor.TaskProcessor - [e8/173d1d] Cached process > TEST_ADAPTATION (Adapt S:42 NP:100000 B:64 H:1024)
Mar-19 15:03:25.778 [Actor Thread 10] INFO  nextflow.processor.TaskProcessor - [4e/d36694] Cached process > TEST_ADAPTATION (Adapt S:42 NP:100000 B:256 H:512)
Mar-19 15:03:25.799 [Actor Thread 9] INFO  nextflow.processor.TaskProcessor - [be/a6dfb7] Cached process > TEST_ADAPTATION (Adapt S:42 NP:500000 B:64 H:1024)
Mar-19 15:03:25.894 [Actor Thread 8] INFO  nextflow.processor.TaskProcessor - [7b/7cc683] Cached process > TEST_ADAPTATION (Adapt S:42 NP:500000 B:256 H:512)
Mar-19 15:03:25.925 [Actor Thread 9] INFO  nextflow.processor.TaskProcessor - [cc/f812bc] Cached process > TEST_ADAPTATION (Adapt S:42 NP:100000 B:256 H:1024)
Mar-19 15:03:26.039 [Actor Thread 8] INFO  nextflow.processor.TaskProcessor - [45/8a6d76] Cached process > TEST_ADAPTATION (Adapt S:43 NP:100000 B:64 H:1024)
Mar-19 15:03:26.055 [Actor Thread 4] INFO  nextflow.processor.TaskProcessor - [26/e770c7] Cached process > TEST_ADAPTATION (Adapt S:42 NP:500000 B:256 H:1024)
Mar-19 15:03:26.255 [Actor Thread 9] INFO  nextflow.processor.TaskProcessor - [62/e31fd1] Cached process > TEST_ADAPTATION (Adapt S:43 NP:500000 B:64 H:1024)
Mar-19 15:03:26.418 [Actor Thread 4] INFO  nextflow.processor.TaskProcessor - [30/ddf375] Cached process > TEST_ADAPTATION (Adapt S:43 NP:100000 B:64 H:512)
Mar-19 15:03:26.435 [Actor Thread 10] INFO  nextflow.processor.TaskProcessor - [94/5a9d23] Cached process > TEST_ADAPTATION (Adapt S:43 NP:500000 B:64 H:512)
Mar-19 15:03:26.524 [Actor Thread 6] INFO  nextflow.processor.TaskProcessor - [0a/148c53] Cached process > TEST_ADAPTATION (Adapt S:43 NP:500000 B:256 H:1024)
Mar-19 15:03:26.604 [Actor Thread 9] INFO  nextflow.processor.TaskProcessor - [b9/6d6336] Cached process > TEST_ADAPTATION (Adapt S:43 NP:100000 B:256 H:1024)
Mar-19 15:03:26.693 [Actor Thread 6] INFO  nextflow.processor.TaskProcessor - [99/031b1d] Cached process > TEST_ADAPTATION (Adapt S:43 NP:500000 B:256 H:512)
Mar-19 15:03:26.702 [Actor Thread 8] INFO  nextflow.processor.TaskProcessor - [c8/c59aea] Cached process > TEST_ADAPTATION (Adapt S:43 NP:100000 B:256 H:512)
Mar-19 15:03:26.804 [Actor Thread 9] INFO  nextflow.processor.TaskProcessor - [cc/540f65] Cached process > TEST_ADAPTATION (Adapt S:44 NP:100000 B:64 H:1024)
Mar-19 15:03:26.828 [Actor Thread 8] INFO  nextflow.processor.TaskProcessor - [20/c3e410] Cached process > TEST_ADAPTATION (Adapt S:44 NP:500000 B:64 H:1024)
Mar-19 15:03:26.914 [Actor Thread 4] INFO  nextflow.processor.TaskProcessor - [18/259288] Cached process > TEST_ADAPTATION (Adapt S:44 NP:100000 B:64 H:512)
Mar-19 15:03:26.965 [Actor Thread 9] INFO  nextflow.processor.TaskProcessor - [be/1de051] Cached process > TEST_ADAPTATION (Adapt S:44 NP:500000 B:64 H:512)
Mar-19 15:03:26.992 [Actor Thread 6] INFO  nextflow.processor.TaskProcessor - [35/71624a] Cached process > TEST_ADAPTATION (Adapt S:44 NP:100000 B:256 H:512)
Mar-19 15:03:27.093 [Actor Thread 4] INFO  nextflow.processor.TaskProcessor - [28/bd4061] Cached process > TEST_ADAPTATION (Adapt S:44 NP:500000 B:256 H:512)
Mar-19 15:03:27.124 [Actor Thread 8] INFO  nextflow.processor.TaskProcessor - [74/b28a7c] Cached process > TEST_ADAPTATION (Adapt S:42 NP:100000 B:64 H:512)
Mar-19 15:03:27.270 [Actor Thread 9] INFO  nextflow.processor.TaskProcessor - [52/8a5f51] Cached process > TEST_ADAPTATION (Adapt S:42 NP:500000 B:64 H:512)
Mar-19 15:03:27.291 [Actor Thread 4] INFO  nextflow.processor.TaskProcessor - [37/6bf4ff] Cached process > TEST_ADAPTATION (Adapt S:44 NP:100000 B:256 H:1024)
Mar-19 15:03:27.374 [Actor Thread 8] INFO  nextflow.processor.TaskProcessor - [d2/0b5872] Cached process > TEST_ADAPTATION (Adapt S:44 NP:500000 B:256 H:1024)
Mar-19 15:03:27.385 [Actor Thread 4] INFO  nextflow.processor.TaskProcessor - [63/b1733d] Cached process > TEST_ADAPTATION (Adapt S:42 NP:100000 B:64 H:1024)
Mar-19 15:03:27.481 [Actor Thread 6] INFO  nextflow.processor.TaskProcessor - [91/3f2e02] Cached process > TEST_ADAPTATION (Adapt S:42 NP:100000 B:256 H:512)
Mar-19 15:03:27.565 [Actor Thread 9] INFO  nextflow.processor.TaskProcessor - [6e/7e8a5b] Cached process > TEST_ADAPTATION (Adapt S:42 NP:500000 B:64 H:1024)
Mar-19 15:03:27.683 [Actor Thread 6] INFO  nextflow.processor.TaskProcessor - [ba/dbb370] Cached process > TEST_ADAPTATION (Adapt S:42 NP:100000 B:256 H:1024)
Mar-19 15:03:27.740 [Actor Thread 8] INFO  nextflow.processor.TaskProcessor - [cd/d3c21f] Cached process > TEST_ADAPTATION (Adapt S:42 NP:500000 B:256 H:512)
Mar-19 15:03:27.861 [Actor Thread 9] INFO  nextflow.processor.TaskProcessor - [77/ef0086] Cached process > TEST_ADAPTATION (Adapt S:42 NP:500000 B:256 H:1024)
Mar-19 15:03:27.905 [Actor Thread 8] INFO  nextflow.processor.TaskProcessor - [02/95f44d] Cached process > TEST_ADAPTATION (Adapt S:44 NP:100000 B:64 H:512)
Mar-19 15:03:28.008 [Actor Thread 4] INFO  nextflow.processor.TaskProcessor - [32/758e4e] Cached process > TEST_ADAPTATION (Adapt S:44 NP:500000 B:64 H:512)
Mar-19 15:03:28.208 [Actor Thread 6] INFO  nextflow.processor.TaskProcessor - [28/148ba2] Cached process > TEST_ADAPTATION (Adapt S:44 NP:500000 B:64 H:1024)
Mar-19 15:03:28.243 [Actor Thread 8] INFO  nextflow.processor.TaskProcessor - [a4/eb4d84] Cached process > TEST_ADAPTATION (Adapt S:44 NP:100000 B:64 H:1024)
Mar-19 15:03:28.395 [Actor Thread 6] INFO  nextflow.processor.TaskProcessor - [60/04690d] Cached process > TEST_ADAPTATION (Adapt S:44 NP:500000 B:256 H:512)
Mar-19 15:03:28.424 [Actor Thread 4] INFO  nextflow.processor.TaskProcessor - [66/489409] Cached process > TEST_ADAPTATION (Adapt S:44 NP:100000 B:256 H:512)
Mar-19 15:03:28.520 [Actor Thread 6] INFO  nextflow.processor.TaskProcessor - [c0/b3fcd4] Cached process > TEST_ADAPTATION (Adapt S:44 NP:500000 B:256 H:1024)
Mar-19 15:03:28.586 [Actor Thread 9] INFO  nextflow.processor.TaskProcessor - [56/460513] Cached process > TEST_ADAPTATION (Adapt S:44 NP:100000 B:256 H:1024)
Mar-19 15:03:28.657 [Actor Thread 6] INFO  nextflow.processor.TaskProcessor - [91/453c0e] Cached process > TEST_ADAPTATION (Adapt S:43 NP:500000 B:64 H:512)
Mar-19 15:03:28.696 [Actor Thread 4] INFO  nextflow.processor.TaskProcessor - [92/0ea291] Cached process > TEST_ADAPTATION (Adapt S:43 NP:100000 B:64 H:512)
Mar-19 15:03:28.767 [Actor Thread 6] INFO  nextflow.processor.TaskProcessor - [39/5172a7] Cached process > TEST_ADAPTATION (Adapt S:43 NP:500000 B:256 H:512)
Mar-19 15:03:28.772 [Actor Thread 9] INFO  nextflow.processor.TaskProcessor - [1e/1aebfa] Cached process > TEST_ADAPTATION (Adapt S:43 NP:100000 B:256 H:512)
Mar-19 15:03:28.849 [Actor Thread 4] INFO  nextflow.processor.TaskProcessor - [8f/e98441] Cached process > TEST_ADAPTATION (Adapt S:43 NP:100000 B:64 H:1024)
Mar-19 15:03:28.969 [Actor Thread 9] INFO  nextflow.processor.TaskProcessor - [51/b368ce] Cached process > TEST_ADAPTATION (Adapt S:43 NP:500000 B:64 H:1024)
Mar-19 15:03:28.977 [Actor Thread 8] INFO  nextflow.processor.TaskProcessor - [19/faaa46] Cached process > TEST_ADAPTATION (Adapt S:43 NP:100000 B:256 H:1024)
Mar-19 15:03:29.402 [Actor Thread 4] INFO  nextflow.processor.TaskProcessor - [b2/15b5d7] Cached process > TEST_ADAPTATION (Adapt S:43 NP:500000 B:256 H:1024)
Mar-19 15:08:26.044 [Task monitor] DEBUG n.processor.TaskPollingMonitor - !! executor slurm > tasks to be completed: 2 -- submitted tasks are shown below
~> TaskHandler[jobId: 43722023; id: 24; name: TRAIN_SOURCE (Train S:43 N:1000000 Batch:64); status: RUNNING; exit: -; error: -; workDir: /work/ah2lab/LiamK/plm-thesis-dynamics/work_exp1/bf/88de6883e96dca20c7921ebd443461 started: 1773947021036; exited: -; ]
~> TaskHandler[jobId: 43722024; id: 22; name: TRAIN_SOURCE (Train S:43 N:1000000 Batch:64); status: RUNNING; exit: -; error: -; workDir: /work/ah2lab/LiamK/plm-thesis-dynamics/work_exp1/28/df601e54e91643e2db9d75b1082608 started: 1773947021043; exited: -; ]
Mar-19 15:13:26.064 [Task monitor] DEBUG n.processor.TaskPollingMonitor - !! executor slurm > tasks to be completed: 2 -- submitted tasks are shown below
~> TaskHandler[jobId: 43722023; id: 24; name: TRAIN_SOURCE (Train S:43 N:1000000 Batch:64); status: RUNNING; exit: -; error: -; workDir: /work/ah2lab/LiamK/plm-thesis-dynamics/work_exp1/bf/88de6883e96dca20c7921ebd443461 started: 1773947021036; exited: -; ]
~> TaskHandler[jobId: 43722024; id: 22; name: TRAIN_SOURCE (Train S:43 N:1000000 Batch:64); status: RUNNING; exit: -; error: -; workDir: /work/ah2lab/LiamK/plm-thesis-dynamics/work_exp1/28/df601e54e91643e2db9d75b1082608 started: 1773947021043; exited: -; ]
Mar-19 15:18:11.081 [Task monitor] DEBUG n.processor.TaskPollingMonitor - Task completed > TaskHandler[jobId: 43722024; id: 22; name: TRAIN_SOURCE (Train S:43 N:1000000 Batch:64); status: COMPLETED; exit: 0; error: -; workDir: /work/ah2lab/LiamK/plm-thesis-dynamics/work_exp1/28/df601e54e91643e2db9d75b1082608 started: 1773947021043; exited: 2026-03-19T19:18:06Z; ]
Mar-19 15:18:11.088 [Task monitor] DEBUG nextflow.util.ThreadPoolBuilder - Creating thread pool 'TaskFinalizer' minSize=10; maxSize=10; workQueue=LinkedBlockingQueue[-1]; allowCoreThreadTimeout=false
Mar-19 15:18:11.335 [Task submitter] DEBUG nextflow.executor.GridTaskHandler - [SLURM] submitted process TEST_ADAPTATION (Adapt S:43 NP:100000 B:64 H:512) > jobId: 43722131; workDir: /work/ah2lab/LiamK/plm-thesis-dynamics/work_exp1/46/a90bafb1426f3bec8d4ed1abc3cea8
Mar-19 15:18:11.335 [Task submitter] INFO  nextflow.Session - [46/a90baf] Submitted process > TEST_ADAPTATION (Adapt S:43 NP:100000 B:64 H:512)
Mar-19 15:18:11.471 [Task submitter] DEBUG nextflow.executor.GridTaskHandler - [SLURM] submitted process TEST_ADAPTATION (Adapt S:43 NP:500000 B:64 H:512) > jobId: 43722132; workDir: /work/ah2lab/LiamK/plm-thesis-dynamics/work_exp1/88/25e0f4f84cbfe5a56884c0a4d2797d
Mar-19 15:18:11.472 [Task submitter] INFO  nextflow.Session - [88/25e0f4] Submitted process > TEST_ADAPTATION (Adapt S:43 NP:500000 B:64 H:512)
Mar-19 15:18:26.079 [Task monitor] DEBUG n.processor.TaskPollingMonitor - !! executor slurm > tasks to be completed: 3 -- submitted tasks are shown below
~> TaskHandler[jobId: 43722023; id: 24; name: TRAIN_SOURCE (Train S:43 N:1000000 Batch:64); status: RUNNING; exit: -; error: -; workDir: /work/ah2lab/LiamK/plm-thesis-dynamics/work_exp1/bf/88de6883e96dca20c7921ebd443461 started: 1773947021036; exited: -; ]
~> TaskHandler[jobId: 43722131; id: 120; name: TEST_ADAPTATION (Adapt S:43 NP:100000 B:64 H:512); status: RUNNING; exit: -; error: -; workDir: /work/ah2lab/LiamK/plm-thesis-dynamics/work_exp1/46/a90bafb1426f3bec8d4ed1abc3cea8 started: 1773947896079; exited: -; ]
~> TaskHandler[jobId: 43722132; id: 121; name: TEST_ADAPTATION (Adapt S:43 NP:500000 B:64 H:512); status: RUNNING; exit: -; error: -; workDir: /work/ah2lab/LiamK/plm-thesis-dynamics/work_exp1/88/25e0f4f84cbfe5a56884c0a4d2797d started: 1773947896082; exited: -; ]
Mar-19 15:19:06.082 [Task monitor] DEBUG n.processor.TaskPollingMonitor - Task completed > TaskHandler[jobId: 43722023; id: 24; name: TRAIN_SOURCE (Train S:43 N:1000000 Batch:64); status: COMPLETED; exit: 0; error: -; workDir: /work/ah2lab/LiamK/plm-thesis-dynamics/work_exp1/bf/88de6883e96dca20c7921ebd443461 started: 1773947021036; exited: 2026-03-19T19:19:01Z; ]
Mar-19 15:19:06.350 [Task submitter] DEBUG nextflow.executor.GridTaskHandler - [SLURM] submitted process TEST_ADAPTATION (Adapt S:43 NP:100000 B:64 H:1024) > jobId: 43722135; workDir: /work/ah2lab/LiamK/plm-thesis-dynamics/work_exp1/26/9c31fc4b8bc0d8bbc00f8bcdf4456f
Mar-19 15:19:06.350 [Task submitter] INFO  nextflow.Session - [26/9c31fc] Submitted process > TEST_ADAPTATION (Adapt S:43 NP:100000 B:64 H:1024)
Mar-19 15:19:06.475 [Task submitter] DEBUG nextflow.executor.GridTaskHandler - [SLURM] submitted process TEST_ADAPTATION (Adapt S:43 NP:500000 B:64 H:1024) > jobId: 43722136; workDir: /work/ah2lab/LiamK/plm-thesis-dynamics/work_exp1/ce/d08fe86ca323f71f30559903cd4139
Mar-19 15:19:06.475 [Task submitter] INFO  nextflow.Session - [ce/d08fe8] Submitted process > TEST_ADAPTATION (Adapt S:43 NP:500000 B:64 H:1024)
Mar-19 15:22:51.090 [Task monitor] DEBUG n.processor.TaskPollingMonitor - Task completed > TaskHandler[jobId: 43722131; id: 120; name: TEST_ADAPTATION (Adapt S:43 NP:100000 B:64 H:512); status: COMPLETED; exit: 0; error: -; workDir: /work/ah2lab/LiamK/plm-thesis-dynamics/work_exp1/46/a90bafb1426f3bec8d4ed1abc3cea8 started: 1773947896079; exited: 2026-03-19T19:22:47Z; ]
Mar-19 15:23:11.090 [Task monitor] DEBUG n.processor.TaskPollingMonitor - Task completed > TaskHandler[jobId: 43722135; id: 122; name: TEST_ADAPTATION (Adapt S:43 NP:100000 B:64 H:1024); status: COMPLETED; exit: 0; error: -; workDir: /work/ah2lab/LiamK/plm-thesis-dynamics/work_exp1/26/9c31fc4b8bc0d8bbc00f8bcdf4456f started: 1773947956081; exited: 2026-03-19T19:23:11Z; ]
Mar-19 15:23:26.088 [Task monitor] DEBUG n.processor.TaskPollingMonitor - !! executor slurm > tasks to be completed: 2 -- submitted tasks are shown below
~> TaskHandler[jobId: 43722132; id: 121; name: TEST_ADAPTATION (Adapt S:43 NP:500000 B:64 H:512); status: RUNNING; exit: -; error: -; workDir: /work/ah2lab/LiamK/plm-thesis-dynamics/work_exp1/88/25e0f4f84cbfe5a56884c0a4d2797d started: 1773947896082; exited: -; ]
~> TaskHandler[jobId: 43722136; id: 123; name: TEST_ADAPTATION (Adapt S:43 NP:500000 B:64 H:1024); status: RUNNING; exit: -; error: -; workDir: /work/ah2lab/LiamK/plm-thesis-dynamics/work_exp1/ce/d08fe86ca323f71f30559903cd4139 started: 1773947956083; exited: -; ]
Mar-19 15:24:41.096 [Task monitor] DEBUG n.processor.TaskPollingMonitor - Task completed > TaskHandler[jobId: 43722132; id: 121; name: TEST_ADAPTATION (Adapt S:43 NP:500000 B:64 H:512); status: COMPLETED; exit: 0; error: -; workDir: /work/ah2lab/LiamK/plm-thesis-dynamics/work_exp1/88/25e0f4f84cbfe5a56884c0a4d2797d started: 1773947896082; exited: 2026-03-19T19:24:38Z; ]
Mar-19 15:25:56.096 [Task monitor] DEBUG n.processor.TaskPollingMonitor - Task completed > TaskHandler[jobId: 43722136; id: 123; name: TEST_ADAPTATION (Adapt S:43 NP:500000 B:64 H:1024); status: COMPLETED; exit: 0; error: -; workDir: /work/ah2lab/LiamK/plm-thesis-dynamics/work_exp1/ce/d08fe86ca323f71f30559903cd4139 started: 1773947956083; exited: 2026-03-19T19:25:56Z; ]
Mar-19 15:25:56.231 [main] DEBUG nextflow.Session - Session await > all processes finished
Mar-19 15:26:01.094 [Task monitor] DEBUG n.processor.TaskPollingMonitor - <<< barrier arrives (monitor: slurm) - terminating tasks monitor poll loop
Mar-19 15:26:01.094 [main] DEBUG nextflow.Session - Session await > all barriers passed
Mar-19 15:26:01.109 [main] DEBUG nextflow.util.ThreadPoolManager - Thread pool 'TaskFinalizer' shutdown completed (hard=false)
Mar-19 15:26:01.110 [main] DEBUG nextflow.util.ThreadPoolManager - Thread pool 'PublishDir' shutdown completed (hard=false)
Mar-19 15:26:01.123 [main] DEBUG n.trace.WorkflowStatsObserver - Workflow completed > WorkflowStats[succeededCount=6; failedCount=0; ignoredCount=0; cachedCount=117; pendingCount=0; submittedCount=0; runningCount=0; retriesCount=0; abortedCount=0; succeedDuration=3h 26m 1s; failedDuration=0ms; cachedDuration=2d 5h 24m 44s;loadCpus=0; loadMemory=0; peakRunning=4; peakCpus=16; peakMemory=128 GB; ]
Mar-19 15:26:01.296 [main] DEBUG nextflow.cache.CacheDB - Closing CacheDB done
Mar-19 15:26:01.484 [main] DEBUG nextflow.util.ThreadPoolManager - Thread pool 'FileTransfer' shutdown completed (hard=false)
Mar-19 15:26:01.484 [main] DEBUG nextflow.script.ScriptRunner - > Execution complete -- Goodbye
