[33mNextflow 25.10.4 is available - Please consider updating your version to it[0m

 N E X T F L O W   ~  version 25.10.3

Launching `main.nf` [backstabbing_raman] DSL2 - revision: 80453bc261

[-        ] GEN_SOURCE   -
[-        ] TRAIN_SOURCE -

[-        ] GEN_SOURCE      -
[-        ] TRAIN_SOURCE    -
[-        ] GEN_TARGET      -
[-        ] TEST_ADAPTATION -

[-        ] GEN_SOURCE      | 0 of 1
[-        ] TRAIN_SOURCE    -
[-        ] GEN_TARGET      | 0 of 1
[-        ] TEST_ADAPTATION -

executor >  slurm (1)
[43/0055b4] GEN_SOURCE (Src S:42 Shf:2.0) | 0 of 1
[-        ] TRAIN_SOURCE                  -
[-        ] GEN_TARGET                    | 0 of 1
[-        ] TEST_ADAPTATION               -

executor >  slurm (2)
[43/0055b4] GEN_SOURCE (Src S:42 Shf:2.0) | 0 of 1
[-        ] TRAIN_SOURCE                  -
[ae/f74112] GEN_TARGET (Tgt S:42 P:500)   | 0 of 1
[-        ] TEST_ADAPTATION               -

executor >  slurm (2)
[43/0055b4] GEN_SOURCE (Src S:42 Shf:2.0) | 0 of 1
[-        ] TRAIN_SOURCE                  -
[ae/f74112] GEN_TARGET (Tgt S:42 P:500)   | 0 of 1
[-        ] TEST_ADAPTATION               -

executor >  slurm (2)
[43/0055b4] GEN_SOURCE (Src S:42 Shf:2.0) | 1 of 1 ✔
[-        ] TRAIN_SOURCE                  | 0 of 1
[ae/f74112] GEN_TARGET (Tgt S:42 P:500)   | 1 of 1 ✔
[-        ] TEST_ADAPTATION               -

executor >  slurm (3)
[43/0055b4] GEN_SOURCE (Src S:42 Shf:2.0)  | 1 of 1 ✔
[3b/2b615a] TRA…ain S:42 N:10000 Batch:64) | 0 of 1
[ae/f74112] GEN_TARGET (Tgt S:42 P:500)    | 1 of 1 ✔
[-        ] TEST_ADAPTATION                -

executor >  slurm (3)
[43/0055b4] GEN_SOURCE (Src S:42 Shf:2.0)  | 1 of 1 ✔
[3b/2b615a] TRA…ain S:42 N:10000 Batch:64) | 0 of 1
[ae/f74112] GEN_TARGET (Tgt S:42 P:500)    | 1 of 1 ✔
[-        ] TEST_ADAPTATION                -

executor >  slurm (3)
[43/0055b4] GEN_SOURCE (Src S:42 Shf:2.0)  | 1 of 1 ✔
[3b/2b615a] TRA…ain S:42 N:10000 Batch:64) | 0 of 1
[ae/f74112] GEN_TARGET (Tgt S:42 P:500)    | 1 of 1 ✔
[-        ] TEST_ADAPTATION                -
WARN: Access to undefined parameter `adapt_lr` -- Initialise it to a default value eg. `params.adapt_lr = some_value`

executor >  slurm (4)
[43/0055b4] GEN_SOURCE (Src S:42 Shf:2.0)  | 1 of 1 ✔
[3b/2b615a] TRA…ain S:42 N:10000 Batch:64) | 1 of 1 ✔
[ae/f74112] GEN_TARGET (Tgt S:42 P:500)    | 1 of 1 ✔
[30/0b7be7] TES…pt S:42 NP:500 B:64 H:512) | 0 of 1
WARN: Access to undefined parameter `adapt_lr` -- Initialise it to a default value eg. `params.adapt_lr = some_value`

executor >  slurm (4)
[43/0055b4] GEN_SOURCE (Src S:42 Shf:2.0)  | 1 of 1 ✔
[3b/2b615a] TRA…ain S:42 N:10000 Batch:64) | 1 of 1 ✔
[ae/f74112] GEN_TARGET (Tgt S:42 P:500)    | 1 of 1 ✔
[30/0b7be7] TES…pt S:42 NP:500 B:64 H:512) | 0 of 1
WARN: Access to undefined parameter `adapt_lr` -- Initialise it to a default value eg. `params.adapt_lr = some_value`

executor >  slurm (4)
[43/0055b4] GEN_SOURCE (Src S:42 Shf:2.0)  | 1 of 1 ✔
[3b/2b615a] TRA…ain S:42 N:10000 Batch:64) | 1 of 1 ✔
[ae/f74112] GEN_TARGET (Tgt S:42 P:500)    | 1 of 1 ✔
[30/0b7be7] TES…pt S:42 NP:500 B:64 H:512) | 0 of 1

ERROR ~ Error executing process > 'TEST_ADAPTATION (Adapt S:42 NP:500 B:64 H:512)'

Caused by:
  Process `TEST_ADAPTATION (Adapt S:42 NP:500 B:64 H:512)` terminated with an error exit status (2)


Command executed:

  python /work/ah2lab/LiamK/plm-thesis-dynamics/src/adapt_adamw.py         --base_model model_S42.pt         --pool_x pool_X.npy         --pool_y pool_y.npy         --test_x test_X.npy         --test_y test_y.npy         --ref_x source_X.npy         --batch_size 64         --lr null         --hidden_dim 512         --dropout 0.1         --num_classes 10         --output_model adapted_model_S42_NP500_Shf2.0_B64_H512.pt         > adapt_log_S42_NP500_Shf2.0_B64_H512.log

Command exit status:
  2

Command output:
  (empty)

Command error:
  usage: adapt_adamw.py [-h] --base_model BASE_MODEL --pool_x POOL_X --pool_y
                        POOL_Y --test_x TEST_X --test_y TEST_Y --ref_x REF_X
                        --output_model OUTPUT_MODEL [--batch_size BATCH_SIZE]
                        [--lr LR] [--hidden_dim HIDDEN_DIM] [--dropout DROPOUT]
                        [--num_classes NUM_CLASSES]
  adapt_adamw.py: error: argument --lr: invalid float value: 'null'

Work dir:
  /work/ah2lab/LiamK/plm-thesis-dynamics/work_exp2/30/0b7be770b3fa74451cbde39ccad651

Tip: you can replicate the issue by changing to the process work dir and entering the command `bash .command.run`

 -- Check 'nextflow_exp2.log' file for details

executor >  slurm (4)
[43/0055b4] GEN_SOURCE (Src S:42 Shf:2.0)  | 1 of 1 ✔
[3b/2b615a] TRA…ain S:42 N:10000 Batch:64) | 1 of 1 ✔
[ae/f74112] GEN_TARGET (Tgt S:42 P:500)    | 1 of 1 ✔
[30/0b7be7] TES…pt S:42 NP:500 B:64 H:512) | 0 of 1 ✘
ERROR ~ Error executing process > 'TEST_ADAPTATION (Adapt S:42 NP:500 B:64 H:512)'

Caused by:
  Process `TEST_ADAPTATION (Adapt S:42 NP:500 B:64 H:512)` terminated with an error exit status (2)


Command executed:

  python /work/ah2lab/LiamK/plm-thesis-dynamics/src/adapt_adamw.py         --base_model model_S42.pt         --pool_x pool_X.npy         --pool_y pool_y.npy         --test_x test_X.npy         --test_y test_y.npy         --ref_x source_X.npy         --batch_size 64         --lr null         --hidden_dim 512         --dropout 0.1         --num_classes 10         --output_model adapted_model_S42_NP500_Shf2.0_B64_H512.pt         > adapt_log_S42_NP500_Shf2.0_B64_H512.log

Command exit status:
  2

Command output:
  (empty)

Command error:
  usage: adapt_adamw.py [-h] --base_model BASE_MODEL --pool_x POOL_X --pool_y
                        POOL_Y --test_x TEST_X --test_y TEST_Y --ref_x REF_X
                        --output_model OUTPUT_MODEL [--batch_size BATCH_SIZE]
                        [--lr LR] [--hidden_dim HIDDEN_DIM] [--dropout DROPOUT]
                        [--num_classes NUM_CLASSES]
  adapt_adamw.py: error: argument --lr: invalid float value: 'null'

Work dir:
  /work/ah2lab/LiamK/plm-thesis-dynamics/work_exp2/30/0b7be770b3fa74451cbde39ccad651

Tip: you can replicate the issue by changing to the process work dir and entering the command `bash .command.run`

 -- Check 'nextflow_exp2.log' file for details


