[33mNextflow 25.10.4 is available - Please consider updating your version to it[0m

 N E X T F L O W   ~  version 25.10.3

Launching `main.nf` [silly_ochoa] DSL2 - revision: 2f5dab9a83

[-        ] GEN_SOURCE -

[-        ] GEN_SOURCE      -
[-        ] TRAIN_SOURCE    -
[-        ] GEN_TARGET      -
[-        ] TEST_ADAPTATION -

[2d/a362b3] GEN_SOURCE (Src S:42 Shf:1.0)  | 1 of 1, cached: 1
[-        ] TRAIN_SOURCE                   -
[87/d21385] GEN_TARGET (Tgt S:42 P:100000) | 2 of 2, cached: 2
[-        ] TEST_ADAPTATION                -

[2d/a362b3] GEN_SOURCE (Src S:42 Shf:1.0)  | 1 of 2, cached: 1
[-        ] TRAIN_SOURCE                   -
[87/d21385] GEN_TARGET (Tgt S:42 P:100000) | 2 of 2, cached: 2
[-        ] TEST_ADAPTATION                -

[2d/a362b3] GEN_SOURCE (Src S:42 Shf:1.0)  | 1 of 3, cached: 1
[-        ] TRAIN_SOURCE                   -
[87/d21385] GEN_TARGET (Tgt S:42 P:100000) | 2 of 2, cached: 2
[-        ] TEST_ADAPTATION                -

[94/811b4b] GEN_SOURCE (Src S:42 Shf:5.0)  | 3 of 8, cached: 3
[68/884690] TRA… S:42 N:1000000 Batch:256) | 4 of 4, cached: 4
[af/bcd38c] GEN_TARGET (Tgt S:42 P:500000) | 4 of 4, cached: 4
[-        ] TEST_ADAPTATION                -

[94/811b4b] GEN_SOURCE (Src S:42 Shf:5.0)  | 3 of 9, cached: 3
[70/a4f8af] TRA… S:42 N:1000000 Batch:256) | 8 of 8, cached: 8
[af/bcd38c] GEN_TARGET (Tgt S:42 P:500000) | 4 of 6, cached: 4
[-        ] TEST_ADAPTATION                -

[94/811b4b] GEN_SOURCE (Src S:42 Shf:5.0)  | 3 of 9, cached: 3
[30/4183bc] TRA…n S:42 N:1000000 Batch:64) | 10 of 10, cached: 10
[af/bcd38c] GEN_TARGET (Tgt S:42 P:500000) | 4 of 6, cached: 4
[-        ] TEST_ADAPTATION                | 0 of 2

executor >  slurm (1)
[00/554cdf] GEN_SOURCE (Src S:43 Shf:1.0)  | 3 of 9, cached: 3
[a0/d5403b] TRA… S:42 N:1000000 Batch:256) | 12 of 12, cached: 12
[af/bcd38c] GEN_TARGET (Tgt S:42 P:500000) | 4 of 6, cached: 4
[-        ] TEST_ADAPTATION                | 0 of 7

executor >  slurm (2)
[df/27f605] GEN_SOURCE (Src S:44 Shf:1.0)  | 3 of 9, cached: 3
[a0/d5403b] TRA… S:42 N:1000000 Batch:256) | 12 of 12, cached: 12
[af/bcd38c] GEN_TARGET (Tgt S:42 P:500000) | 4 of 6, cached: 4
[2b/981788] TES…:42 NP:100000 B:256 H:512) | 2 of 13, cached: 2

executor >  slurm (3)
[5c/b611c2] GEN_SOURCE (Src S:43 Shf:2.0)  | 3 of 9, cached: 3
[a0/d5403b] TRA… S:42 N:1000000 Batch:256) | 12 of 12, cached: 12
[af/bcd38c] GEN_TARGET (Tgt S:42 P:500000) | 4 of 6, cached: 4
[2b/981788] TES…:42 NP:100000 B:256 H:512) | 2 of 21, cached: 2

executor >  slurm (4)
[4a/3e090b] GEN_SOURCE (Src S:44 Shf:2.0)  | 3 of 9, cached: 3
[a0/d5403b] TRA… S:42 N:1000000 Batch:256) | 12 of 12, cached: 12
[af/bcd38c] GEN_TARGET (Tgt S:42 P:500000) | 4 of 6, cached: 4
[2b/981788] TES…:42 NP:100000 B:256 H:512) | 2 of 24, cached: 2

executor >  slurm (6)
[0d/eb6082] GEN_SOURCE (Src S:43 Shf:5.0)  | 3 of 9, cached: 3
[a0/d5403b] TRA… S:42 N:1000000 Batch:256) | 12 of 12, cached: 12
[01/74db61] GEN_TARGET (Tgt S:44 P:500000) | 4 of 6, cached: 4
[2b/981788] TES…:42 NP:100000 B:256 H:512) | 2 of 24, cached: 2

executor >  slurm (8)
[bb/e32be1] GEN_SOURCE (Src S:44 Shf:5.0)  | 3 of 9, cached: 3
[a0/d5403b] TRA… S:42 N:1000000 Batch:256) | 12 of 12, cached: 12
[d0/d22833] GEN_TARGET (Tgt S:43 P:500000) | 4 of 6, cached: 4
[2b/981788] TES…:42 NP:100000 B:256 H:512) | 2 of 24, cached: 2

executor >  slurm (8)
[bb/e32be1] GEN_SOURCE (Src S:44 Shf:5.0)  | 3 of 9, cached: 3
[a0/d5403b] TRA… S:42 N:1000000 Batch:256) | 12 of 12, cached: 12
[d0/d22833] GEN_TARGET (Tgt S:43 P:500000) | 4 of 6, cached: 4
[2b/981788] TES…:42 NP:100000 B:256 H:512) | 2 of 24, cached: 2
ERROR ~ Error executing process > 'TEST_ADAPTATION (Adapt S:42 NP:100000 B:64 H:1024)'

Caused by:
  Failed to submit process to grid scheduler for execution


Command executed:

  sbatch .command.run

Command exit status:
  1

Command output:
  sbatch: error: Batch job submission failed: Invalid feature specification

Work dir:
  /work/ah2lab/LiamK/plm-thesis-dynamics/work/0c/52ff7fdf0dadeca131e9ac33ee30fc

Tip: view the complete command output by changing to the process work dir and entering the command `cat .command.out`

 -- Check '.nextflow.log' file for details

executor >  slurm (8)
[bb/e32be1] GEN_SOURCE (Src S:44 Shf:5.0)  | 3 of 9, cached: 3
[a0/d5403b] TRA… S:42 N:1000000 Batch:256) | 12 of 12, cached: 12
[d0/d22833] GEN_TARGET (Tgt S:43 P:500000) | 4 of 6, cached: 4
[2b/981788] TES…:42 NP:100000 B:256 H:512) | 2 of 24, cached: 2
WARN: Killing running tasks (8)
ERROR ~ Error executing process > 'TEST_ADAPTATION (Adapt S:42 NP:100000 B:64 H:1024)'

Caused by:
  Failed to submit process to grid scheduler for execution


Command executed:

  sbatch .command.run

Command exit status:
  1

Command output:
  sbatch: error: Batch job submission failed: Invalid feature specification

Work dir:
  /work/ah2lab/LiamK/plm-thesis-dynamics/work/0c/52ff7fdf0dadeca131e9ac33ee30fc

Tip: view the complete command output by changing to the process work dir and entering the command `cat .command.out`

 -- Check '.nextflow.log' file for details

