Starting Massive Landscape Tuning (1,000,000 embeddings per run)...
-> Testing: Oracle [512,256] | Spread [10.0] | Sigma [2.0]
   Failed to parse output. Error/Output:

Generating Families:   0%|          | 0/1000 [00:00<?, ?it/s]
Generating Families:   0%|          | 1/1000 [00:16<4:26:26, 16.00s/it]
Generating Families:   0%|          | 4/1000 [00:26<1:38:33,  5.9
Generating [SOURCE] data | Shift k: 1.0 | Families: 1000 | Classes: 100 | Seed: 42
Sampling 1,000,000 embeddings from 1000 GMM components...

-> Testing: Oracle [512,256] | Spread [10.0] | Sigma [4.0]
   Failed to parse output. Error/Output:

Generating Families:   0%|          | 0/1000 [00:00<?, ?it/s]
Generating Families:   0%|          | 1/1000 [00:15<4:26:10, 15.99s/it]
Generating Families:   0%|          | 4/1000 [00:26<1:38:32,  5.9
Generating [SOURCE] data | Shift k: 1.0 | Families: 1000 | Classes: 100 | Seed: 42
Sampling 1,000,000 embeddings from 1000 GMM components...

-> Testing: Oracle [512,256] | Spread [10.0] | Sigma [6.0]
   Failed to parse output. Error/Output:

Generating Families:   0%|          | 0/1000 [00:00<?, ?it/s]
Generating Families:   0%|          | 1/1000 [00:15<4:25:49, 15.97s/it]
Generating Families:   0%|          | 4/1000 [00:26<1:38:21,  5.9
Generating [SOURCE] data | Shift k: 1.0 | Families: 1000 | Classes: 100 | Seed: 42
Sampling 1,000,000 embeddings from 1000 GMM components...

-> Testing: Oracle [512,256] | Spread [15.0] | Sigma [2.0]
   Failed to parse output. Error/Output:

Generating Families:   0%|          | 0/1000 [00:00<?, ?it/s]
Generating Families:   0%|          | 1/1000 [00:15<4:25:50, 15.97s/it]
Generating Families:   0%|          | 4/1000 [00:26<1:38:21,  5.9
Generating [SOURCE] data | Shift k: 1.0 | Families: 1000 | Classes: 100 | Seed: 42
Sampling 1,000,000 embeddings from 1000 GMM components...

-> Testing: Oracle [512,256] | Spread [15.0] | Sigma [4.0]
   Failed to parse output. Error/Output:

Generating Families:   0%|          | 0/1000 [00:00<?, ?it/s]
Generating Families:   0%|          | 1/1000 [00:15<4:25:42, 15.96s/it]
Generating Families:   0%|          | 4/1000 [00:26<1:38:20,  5.9
Generating [SOURCE] data | Shift k: 1.0 | Families: 1000 | Classes: 100 | Seed: 42
Sampling 1,000,000 embeddings from 1000 GMM components...

-> Testing: Oracle [512,256] | Spread [15.0] | Sigma [6.0]
   Failed to parse output. Error/Output:

Generating Families:   0%|          | 0/1000 [00:00<?, ?it/s]
Generating Families:   0%|          | 1/1000 [00:16<4:26:38, 16.01s/it]
Generating Families:   0%|          | 4/1000 [00:27<1:41:23,  6.1
Generating [SOURCE] data | Shift k: 1.0 | Families: 1000 | Classes: 100 | Seed: 42
Sampling 1,000,000 embeddings from 1000 GMM components...

-> Testing: Oracle [512,256] | Spread [20.0] | Sigma [2.0]
   Failed to parse output. Error/Output:

Generating Families:   0%|          | 0/1000 [00:00<?, ?it/s]
Generating Families:   0%|          | 1/1000 [00:15<4:26:09, 15.99s/it]
Generating Families:   0%|          | 4/1000 [00:27<1:41:17,  6.1
Generating [SOURCE] data | Shift k: 1.0 | Families: 1000 | Classes: 100 | Seed: 42
Sampling 1,000,000 embeddings from 1000 GMM components...

-> Testing: Oracle [512,256] | Spread [20.0] | Sigma [4.0]
   Failed to parse output. Error/Output:

Generating Families:   0%|          | 0/1000 [00:00<?, ?it/s]
Generating Families:   0%|          | 1/1000 [00:16<4:34:09, 16.47s/it]
Generating Families:   0%|          | 4/1000 [00:28<1:44:46,  6.3
Generating [SOURCE] data | Shift k: 1.0 | Families: 1000 | Classes: 100 | Seed: 42
Sampling 1,000,000 embeddings from 1000 GMM components...

-> Testing: Oracle [512,256] | Spread [20.0] | Sigma [6.0]
   Failed to parse output. Error/Output:

Generating Families:   0%|          | 0/1000 [00:00<?, ?it/s]
Generating Families:   0%|          | 1/1000 [00:16<4:26:30, 16.01s/it]
Generating Families:   0%|          | 4/1000 [00:27<1:41:19,  6.1
Generating [SOURCE] data | Shift k: 1.0 | Families: 1000 | Classes: 100 | Seed: 42
Sampling 1,000,000 embeddings from 1000 GMM components...

-> Testing: Oracle [1024,512] | Spread [10.0] | Sigma [2.0]
   Failed to parse output. Error/Output:

Generating Families:   0%|          | 0/1000 [00:00<?, ?it/s]
Generating Families:   0%|          | 1/1000 [00:16<4:26:41, 16.02s/it]
Generating Families:   0%|          | 4/1000 [00:27<1:41:19,  6.1
Generating [SOURCE] data | Shift k: 1.0 | Families: 1000 | Classes: 100 | Seed: 42
Sampling 1,000,000 embeddings from 1000 GMM components...

-> Testing: Oracle [1024,512] | Spread [10.0] | Sigma [4.0]
   Failed to parse output. Error/Output:

Generating Families:   0%|          | 0/1000 [00:00<?, ?it/s]
Generating Families:   0%|          | 1/1000 [00:16<4:27:46, 16.08s/it]
Generating Families:   0%|          | 4/1000 [00:27<1:41:28,  6.1
Generating [SOURCE] data | Shift k: 1.0 | Families: 1000 | Classes: 100 | Seed: 42
Sampling 1,000,000 embeddings from 1000 GMM components...

-> Testing: Oracle [1024,512] | Spread [10.0] | Sigma [6.0]
   Failed to parse output. Error/Output:

Generating Families:   0%|          | 0/1000 [00:00<?, ?it/s]
Generating Families:   0%|          | 1/1000 [00:16<4:28:24, 16.12s/it]
Generating Families:   0%|          | 4/1000 [00:27<1:41:38,  6.1
Generating [SOURCE] data | Shift k: 1.0 | Families: 1000 | Classes: 100 | Seed: 42
Sampling 1,000,000 embeddings from 1000 GMM components...

-> Testing: Oracle [1024,512] | Spread [15.0] | Sigma [2.0]
   Failed to parse output. Error/Output:

Generating Families:   0%|          | 0/1000 [00:00<?, ?it/s]
Generating Families:   0%|          | 1/1000 [00:16<4:26:38, 16.01s/it]
Generating Families:   0%|          | 4/1000 [00:27<1:40:43,  6.0
Generating [SOURCE] data | Shift k: 1.0 | Families: 1000 | Classes: 100 | Seed: 42
Sampling 1,000,000 embeddings from 1000 GMM components...

-> Testing: Oracle [1024,512] | Spread [15.0] | Sigma [4.0]
   Failed to parse output. Error/Output:

Generating Families:   0%|          | 0/1000 [00:00<?, ?it/s]
Generating Families:   0%|          | 1/1000 [00:16<4:26:41, 16.02s/it]
Generating Families:   0%|          | 4/1000 [00:27<1:41:23,  6.1
Generating [SOURCE] data | Shift k: 1.0 | Families: 1000 | Classes: 100 | Seed: 42
Sampling 1,000,000 embeddings from 1000 GMM components...

-> Testing: Oracle [1024,512] | Spread [15.0] | Sigma [6.0]
   Failed to parse output. Error/Output:

Generating Families:   0%|          | 0/1000 [00:00<?, ?it/s]
Generating Families:   0%|          | 1/1000 [00:16<4:28:16, 16.11s/it]
Generating Families:   0%|          | 4/1000 [00:27<1:41:49,  6.1
Generating [SOURCE] data | Shift k: 1.0 | Families: 1000 | Classes: 100 | Seed: 42
Sampling 1,000,000 embeddings from 1000 GMM components...

-> Testing: Oracle [1024,512] | Spread [20.0] | Sigma [2.0]
   Failed to parse output. Error/Output:

Generating Families:   0%|          | 0/1000 [00:00<?, ?it/s]
Generating Families:   0%|          | 1/1000 [00:16<4:27:08, 16.04s/it]
Generating Families:   0%|          | 4/1000 [00:27<1:43:54,  6.2
Generating [SOURCE] data | Shift k: 1.0 | Families: 1000 | Classes: 100 | Seed: 42
Sampling 1,000,000 embeddings from 1000 GMM components...

-> Testing: Oracle [1024,512] | Spread [20.0] | Sigma [4.0]
   Failed to parse output. Error/Output:

Generating Families:   0%|          | 0/1000 [00:00<?, ?it/s]
Generating Families:   0%|          | 1/1000 [00:16<4:26:39, 16.02s/it]
Generating Families:   0%|          | 3/1000 [00:26<2:10:35,  7.8
Generating [SOURCE] data | Shift k: 1.0 | Families: 1000 | Classes: 100 | Seed: 42
Sampling 1,000,000 embeddings from 1000 GMM components...

-> Testing: Oracle [1024,512] | Spread [20.0] | Sigma [6.0]
   Failed to parse output. Error/Output:

Generating Families:   0%|          | 0/1000 [00:00<?, ?it/s]
Generating Families:   0%|          | 1/1000 [00:16<4:27:02, 16.04s/it]
Generating Families:   0%|          | 4/1000 [00:27<1:43:53,  6.2
Generating [SOURCE] data | Shift k: 1.0 | Families: 1000 | Classes: 100 | Seed: 42
Sampling 1,000,000 embeddings from 1000 GMM components...

-> Testing: Oracle [2048,1024] | Spread [10.0] | Sigma [2.0]
   Failed to parse output. Error/Output:

Generating Families:   0%|          | 0/1000 [00:00<?, ?it/s]
Generating Families:   0%|          | 1/1000 [00:16<4:26:37, 16.01s/it]
Generating Families:   0%|          | 4/1000 [00:27<1:43:35,  6.2
Generating [SOURCE] data | Shift k: 1.0 | Families: 1000 | Classes: 100 | Seed: 42
Sampling 1,000,000 embeddings from 1000 GMM components...

-> Testing: Oracle [2048,1024] | Spread [10.0] | Sigma [4.0]
   Failed to parse output. Error/Output:

Generating Families:   0%|          | 0/1000 [00:00<?, ?it/s]
Generating Families:   0%|          | 1/1000 [00:16<4:32:18, 16.36s/it]
Generating Families:   0%|          | 3/1000 [00:26<2:13:06,  8.0
Generating [SOURCE] data | Shift k: 1.0 | Families: 1000 | Classes: 100 | Seed: 42
Sampling 1,000,000 embeddings from 1000 GMM components...

-> Testing: Oracle [2048,1024] | Spread [10.0] | Sigma [6.0]
   Failed to parse output. Error/Output:

Generating Families:   0%|          | 0/1000 [00:00<?, ?it/s]
Generating Families:   0%|          | 1/1000 [00:16<4:31:21, 16.30s/it]
Generating Families:   0%|          | 4/1000 [00:28<1:44:34,  6.3
Generating [SOURCE] data | Shift k: 1.0 | Families: 1000 | Classes: 100 | Seed: 42
Sampling 1,000,000 embeddings from 1000 GMM components...

-> Testing: Oracle [2048,1024] | Spread [15.0] | Sigma [2.0]
   Failed to parse output. Error/Output:

Generating Families:   0%|          | 0/1000 [00:00<?, ?it/s]
Generating Families:   0%|          | 1/1000 [00:16<4:35:22, 16.54s/it]
Generating Families:   0%|          | 3/1000 [00:26<2:13:14,  8.0
Generating [SOURCE] data | Shift k: 1.0 | Families: 1000 | Classes: 100 | Seed: 42
Sampling 1,000,000 embeddings from 1000 GMM components...

-> Testing: Oracle [2048,1024] | Spread [15.0] | Sigma [4.0]
   Failed to parse output. Error/Output:

Generating Families:   0%|          | 0/1000 [00:00<?, ?it/s]
Generating Families:   0%|          | 1/1000 [00:16<4:28:23, 16.12s/it]
Generating Families:   0%|          | 4/1000 [00:27<1:42:57,  6.2
Generating [SOURCE] data | Shift k: 1.0 | Families: 1000 | Classes: 100 | Seed: 42
Sampling 1,000,000 embeddings from 1000 GMM components...

-> Testing: Oracle [2048,1024] | Spread [15.0] | Sigma [6.0]
   Failed to parse output. Error/Output:

Generating Families:   0%|          | 0/1000 [00:00<?, ?it/s]
Generating Families:   0%|          | 1/1000 [00:16<4:28:48, 16.14s/it]
Generating Families:   0%|          | 4/1000 [00:28<1:44:17,  6.2
Generating [SOURCE] data | Shift k: 1.0 | Families: 1000 | Classes: 100 | Seed: 42
Sampling 1,000,000 embeddings from 1000 GMM components...

-> Testing: Oracle [2048,1024] | Spread [20.0] | Sigma [2.0]
   Failed to parse output. Error/Output:

Generating Families:   0%|          | 0/1000 [00:00<?, ?it/s]
Generating Families:   0%|          | 1/1000 [00:16<4:29:42, 16.20s/it]
Generating Families:   0%|          | 4/1000 [00:28<1:44:18,  6.2
Generating [SOURCE] data | Shift k: 1.0 | Families: 1000 | Classes: 100 | Seed: 42
Sampling 1,000,000 embeddings from 1000 GMM components...

-> Testing: Oracle [2048,1024] | Spread [20.0] | Sigma [4.0]
   Failed to parse output. Error/Output:

Generating Families:   0%|          | 0/1000 [00:00<?, ?it/s]
Generating Families:   0%|          | 1/1000 [00:16<4:31:05, 16.28s/it]
Generating Families:   0%|          | 4/1000 [00:28<1:44:23,  6.2
Generating [SOURCE] data | Shift k: 1.0 | Families: 1000 | Classes: 100 | Seed: 42
Sampling 1,000,000 embeddings from 1000 GMM components...

-> Testing: Oracle [2048,1024] | Spread [20.0] | Sigma [6.0]
   Failed to parse output. Error/Output:

Generating Families:   0%|          | 0/1000 [00:00<?, ?it/s]
Generating Families:   0%|          | 1/1000 [01:15<20:50:41, 75.12s/it]
Generating Families:   0%|          | 2/1000 [01:53<14:47:02, 53
Generating [SOURCE] data | Shift k: 1.0 | Families: 1000 | Classes: 100 | Seed: 42
Sampling 1,000,000 embeddings from 1000 GMM components...

-> Testing: Oracle [1024,1024,512] | Spread [10.0] | Sigma [2.0]
   Failed to parse output. Error/Output:

Generating Families:   0%|          | 0/1000 [00:00<?, ?it/s]
Generating Families:   0%|          | 1/1000 [00:15<4:26:17, 15.99s/it]
Generating Families:   0%|          | 4/1000 [00:26<1:38:31,  5.9
Generating [SOURCE] data | Shift k: 1.0 | Families: 1000 | Classes: 100 | Seed: 42
Sampling 1,000,000 embeddings from 1000 GMM components...

-> Testing: Oracle [1024,1024,512] | Spread [10.0] | Sigma [4.0]
   Failed to parse output. Error/Output:

Generating Families:   0%|          | 0/1000 [00:00<?, ?it/s]
Generating Families:   0%|          | 1/1000 [00:15<4:26:01, 15.98s/it]
Generating Families:   0%|          | 4/1000 [00:26<1:38:30,  5.9
Generating [SOURCE] data | Shift k: 1.0 | Families: 1000 | Classes: 100 | Seed: 42
Sampling 1,000,000 embeddings from 1000 GMM components...

-> Testing: Oracle [1024,1024,512] | Spread [10.0] | Sigma [6.0]
   Failed to parse output. Error/Output:

Generating Families:   0%|          | 0/1000 [00:00<?, ?it/s]
Generating Families:   0%|          | 1/1000 [00:15<4:26:00, 15.98s/it]
Generating Families:   0%|          | 4/1000 [00:26<1:38:26,  5.9
Generating [SOURCE] data | Shift k: 1.0 | Families: 1000 | Classes: 100 | Seed: 42
Sampling 1,000,000 embeddings from 1000 GMM components...

-> Testing: Oracle [1024,1024,512] | Spread [15.0] | Sigma [2.0]
   Failed to parse output. Error/Output:

Generating Families:   0%|          | 0/1000 [00:00<?, ?it/s]
Generating Families:   0%|          | 1/1000 [00:16<4:35:20, 16.54s/it]
Generating Families:   0%|          | 4/1000 [00:27<1:41:20,  6.1
Generating [SOURCE] data | Shift k: 1.0 | Families: 1000 | Classes: 100 | Seed: 42
Sampling 1,000,000 embeddings from 1000 GMM components...

-> Testing: Oracle [1024,1024,512] | Spread [15.0] | Sigma [4.0]
   Failed to parse output. Error/Output:

Generating Families:   0%|          | 0/1000 [00:00<?, ?it/s]
Generating Families:   0%|          | 1/1000 [00:15<4:26:17, 15.99s/it]
Generating Families:   0%|          | 4/1000 [00:26<1:38:33,  5.9
Generating [SOURCE] data | Shift k: 1.0 | Families: 1000 | Classes: 100 | Seed: 42
Sampling 1,000,000 embeddings from 1000 GMM components...

-> Testing: Oracle [1024,1024,512] | Spread [15.0] | Sigma [6.0]
   Failed to parse output. Error/Output:

Generating Families:   0%|          | 0/1000 [00:00<?, ?it/s]
Generating Families:   0%|          | 1/1000 [00:15<4:26:22, 16.00s/it]
Generating Families:   0%|          | 4/1000 [00:26<1:38:34,  5.9
Generating [SOURCE] data | Shift k: 1.0 | Families: 1000 | Classes: 100 | Seed: 42
Sampling 1,000,000 embeddings from 1000 GMM components...

-> Testing: Oracle [1024,1024,512] | Spread [20.0] | Sigma [2.0]
   Failed to parse output. Error/Output:

Generating Families:   0%|          | 0/1000 [00:00<?, ?it/s]
Generating Families:   0%|          | 1/1000 [00:15<4:26:13, 15.99s/it]
Generating Families:   0%|          | 4/1000 [00:26<1:38:32,  5.9
Generating [SOURCE] data | Shift k: 1.0 | Families: 1000 | Classes: 100 | Seed: 42
Sampling 1,000,000 embeddings from 1000 GMM components...

-> Testing: Oracle [1024,1024,512] | Spread [20.0] | Sigma [4.0]
   Failed to parse output. Error/Output:

Generating Families:   0%|          | 0/1000 [00:00<?, ?it/s]
Generating Families:   0%|          | 1/1000 [00:16<4:26:30, 16.01s/it]
Generating Families:   0%|          | 4/1000 [00:26<1:38:32,  5.9
Generating [SOURCE] data | Shift k: 1.0 | Families: 1000 | Classes: 100 | Seed: 42
Sampling 1,000,000 embeddings from 1000 GMM components...

-> Testing: Oracle [1024,1024,512] | Spread [20.0] | Sigma [6.0]
   Failed to parse output. Error/Output:

Generating Families:   0%|          | 0/1000 [00:00<?, ?it/s]
Generating Families:   0%|          | 1/1000 [00:15<4:26:22, 16.00s/it]
Generating Families:   0%|          | 4/1000 [00:26<1:38:36,  5.9
Generating [SOURCE] data | Shift k: 1.0 | Families: 1000 | Classes: 100 | Seed: 42
Sampling 1,000,000 embeddings from 1000 GMM components...


======================================================================
 TUNING COMPLETE: Top Configurations near targets
 Targets: Purity (50-70%), Promiscuity (40-60%)
======================================================================
Traceback (most recent call last):
  File "/work/ah2lab/LiamK/plm-thesis-dynamics/src/tune_landscape_large.py", line 91, in <module>
    main()
  File "/work/ah2lab/LiamK/plm-thesis-dynamics/src/tune_landscape_large.py", line 81, in main
    sweet_spots = df[(df['Promiscuity_%'] >= 35) & (df['Promiscuity_%'] <= 65) & 
                      ~~^^^^^^^^^^^^^^^^^
  File "/work/ah2lab/LiamK/conda_envs/plm_dynamics/lib/python3.11/site-packages/pandas/core/frame.py", line 4378, in __getitem__
    indexer = self.columns.get_loc(key)
              ^^^^^^^^^^^^^^^^^^^^^^^^^
  File "/work/ah2lab/LiamK/conda_envs/plm_dynamics/lib/python3.11/site-packages/pandas/core/indexes/range.py", line 525, in get_loc
    raise KeyError(key)
KeyError: 'Promiscuity_%'
