
--- Starting Adaptation ---
Pool size: 500000 | Test size: 50000 | Batch size: 64
Initial State (0 Batches) -> Test CE: 5.7706 | Test Macro F1: 0.7027
Batch 500 | Test CE: 2.3380 | Test F1: 0.5594
Batch 1000 | Test CE: 2.1612 | Test F1: 0.5020
Batch 1500 | Test CE: 2.0864 | Test F1: 0.3932
Batch 2000 | Test CE: 2.0534 | Test F1: 0.4117
Batch 2500 | Test CE: 2.1586 | Test F1: 0.3324
Batch 3000 | Test CE: 2.2487 | Test F1: 0.2909
Batch 3500 | Test CE: 2.1795 | Test F1: 0.3178
Batch 4000 | Test CE: 2.2933 | Test F1: 0.2582
Batch 4500 | Test CE: 2.2334 | Test F1: 0.2652
Batch 5000 | Test CE: 2.5020 | Test F1: 0.1997
Batch 5500 | Test CE: 2.4491 | Test F1: 0.2064
Batch 6000 | Test CE: 2.8066 | Test F1: 0.1376
Batch 6500 | Test CE: 2.7058 | Test F1: 0.1459
Batch 7000 | Test CE: 2.9421 | Test F1: 0.1111
Batch 7500 | Test CE: 3.1462 | Test F1: 0.0966
Batch 7813 | Test CE: 3.1815 | Test F1: 0.0918
--------------------------------------------------
Adaptation Complete.
Wasserstein     | 0.538642       
Final Test CE   | 3.181489       
Final Test F1   | 0.091838       
--------------------------------------------------
