
--- Starting Adaptation ---
Pool size: 500000 | Test size: 50000 | Batch size: 64
Initial State (0 Batches) -> Test CE: 5.5111 | Test Macro F1: 0.6861
Batch 500 | Test CE: 2.4616 | Test F1: 0.6117
Batch 1000 | Test CE: 2.2652 | Test F1: 0.5358
Batch 1500 | Test CE: 2.0986 | Test F1: 0.5104
Batch 2000 | Test CE: 2.1317 | Test F1: 0.4545
Batch 2500 | Test CE: 2.1508 | Test F1: 0.4172
Batch 3000 | Test CE: 2.1382 | Test F1: 0.4245
Batch 3500 | Test CE: 2.1132 | Test F1: 0.4296
Batch 4000 | Test CE: 2.2251 | Test F1: 0.3609
Batch 4500 | Test CE: 2.2781 | Test F1: 0.3428
Batch 5000 | Test CE: 2.3946 | Test F1: 0.3130
Batch 5500 | Test CE: 2.4849 | Test F1: 0.2905
Batch 6000 | Test CE: 2.4822 | Test F1: 0.2764
Batch 6500 | Test CE: 2.5996 | Test F1: 0.2278
Batch 7000 | Test CE: 2.8459 | Test F1: 0.1994
Batch 7500 | Test CE: 2.7215 | Test F1: 0.2145
Batch 7813 | Test CE: 2.7460 | Test F1: 0.2055
--------------------------------------------------
Adaptation Complete.
Wasserstein     | 0.535609       
Final Test CE   | 2.745972       
Final Test F1   | 0.205520       
--------------------------------------------------
