
--- Starting Adaptation ---
Pool size: 500000 | Test size: 50000 | Batch size: 64
Initial State (0 Batches) -> Test CE: 2.3307 | Test Macro F1: 0.6460
Batch 500 | Test CE: 1.2950 | Test F1: 0.6128
Batch 1000 | Test CE: 1.2527 | Test F1: 0.5868
Batch 1500 | Test CE: 1.1818 | Test F1: 0.5442
Batch 2000 | Test CE: 1.2116 | Test F1: 0.5069
Batch 2500 | Test CE: 1.2619 | Test F1: 0.5204
Batch 3000 | Test CE: 1.2641 | Test F1: 0.4675
Batch 3500 | Test CE: 1.2620 | Test F1: 0.4807
Batch 4000 | Test CE: 1.3853 | Test F1: 0.4170
Batch 4500 | Test CE: 1.4833 | Test F1: 0.3952
Batch 5000 | Test CE: 1.5499 | Test F1: 0.3673
Batch 5500 | Test CE: 1.5838 | Test F1: 0.3625
Batch 6000 | Test CE: 1.6979 | Test F1: 0.3191
Batch 6500 | Test CE: 1.8030 | Test F1: 0.2994
Batch 7000 | Test CE: 2.0242 | Test F1: 0.2549
Batch 7500 | Test CE: 2.2352 | Test F1: 0.2107
Batch 7813 | Test CE: 2.3939 | Test F1: 0.1743
--------------------------------------------------
Adaptation Complete.
Wasserstein     | 0.468239       
Final Test CE   | 2.393943       
Final Test F1   | 0.174263       
--------------------------------------------------
