
--- Starting Adaptation ---
Pool size: 500000 | Test size: 50000 | Batch size: 64
Initial State (0 Batches) -> Test CE: 1.3995 | Test Macro F1: 0.6002
Batch 500 | Test CE: 1.2814 | Test F1: 0.5613
Batch 1000 | Test CE: 1.1722 | Test F1: 0.5353
Batch 1500 | Test CE: 1.1696 | Test F1: 0.5026
Batch 2000 | Test CE: 1.1569 | Test F1: 0.4991
Batch 2500 | Test CE: 1.2022 | Test F1: 0.4637
Batch 3000 | Test CE: 1.2989 | Test F1: 0.4253
Batch 3500 | Test CE: 1.3286 | Test F1: 0.4232
Batch 4000 | Test CE: 1.4976 | Test F1: 0.3620
Batch 4500 | Test CE: 1.4860 | Test F1: 0.3697
Batch 5000 | Test CE: 1.4994 | Test F1: 0.3407
Batch 5500 | Test CE: 1.6137 | Test F1: 0.3297
Batch 6000 | Test CE: 1.8253 | Test F1: 0.2815
Batch 6500 | Test CE: 1.6932 | Test F1: 0.3133
Batch 7000 | Test CE: 1.8956 | Test F1: 0.2671
Batch 7500 | Test CE: 2.0167 | Test F1: 0.2311
Batch 7813 | Test CE: 2.2417 | Test F1: 0.2039
--------------------------------------------------
Adaptation Complete.
Wasserstein     | 0.432994       
Final Test CE   | 2.241738       
Final Test F1   | 0.203928       
--------------------------------------------------
