
--- Starting Adaptation ---
Pool size: 500000 | Test size: 50000 | Batch size: 64
Initial State (0 Batches) -> Test CE: 2.5113 | Test Macro F1: 0.6534
Batch 500 | Test CE: 1.2686 | Test F1: 0.5885
Batch 1000 | Test CE: 1.2909 | Test F1: 0.6056
Batch 1500 | Test CE: 1.2507 | Test F1: 0.5482
Batch 2000 | Test CE: 1.3401 | Test F1: 0.4963
Batch 2500 | Test CE: 1.2906 | Test F1: 0.5016
Batch 3000 | Test CE: 1.5525 | Test F1: 0.4079
Batch 3500 | Test CE: 1.5524 | Test F1: 0.4075
Batch 4000 | Test CE: 1.5431 | Test F1: 0.4022
Batch 4500 | Test CE: 1.5589 | Test F1: 0.4063
Batch 5000 | Test CE: 1.6266 | Test F1: 0.3746
Batch 5500 | Test CE: 1.7951 | Test F1: 0.3311
Batch 6000 | Test CE: 2.0687 | Test F1: 0.2624
Batch 6500 | Test CE: 2.4193 | Test F1: 0.1948
Batch 7000 | Test CE: 2.3291 | Test F1: 0.1977
Batch 7500 | Test CE: 2.3706 | Test F1: 0.2050
Batch 7813 | Test CE: 2.4023 | Test F1: 0.1983
--------------------------------------------------
Adaptation Complete.
Wasserstein     | 0.472242       
Final Test CE   | 2.402325       
Final Test F1   | 0.198268       
--------------------------------------------------
